;  LST file generated by mikroListExporter - v.2.0 
; Date/Time: 19-Jun-22 9:36:28
;----------------------------------------------

;Address Opcode 	ASM
0x0000	0xF002EF0F  	GOTO        1054
_interrupt:
;Lab9_C.c,164 :: 		void interrupt(){
0x0008	0xF016C000  	MOVFF       R0, 22
0x000C	0xF015C001  	MOVFF       R1, 21
;Lab9_C.c,165 :: 		if(PIR1.ADIF){
0x0010	0xAC9E      	BTFSS       PIR1, 6 
0x0012	0xD022      	BRA         L_interrupt21
;Lab9_C.c,166 :: 		PIR1.ADIF = 0;
0x0014	0x9C9E      	BCF         PIR1, 6 
;Lab9_C.c,168 :: 		if(ADCON0.CHS0){
0x0016	0xA4C2      	BTFSS       ADCON0, 2 
0x0018	0xD005      	BRA         L_interrupt22
;Lab9_C.c,169 :: 		adc_sonar = ADRESH;
0x001A	0xF02FCFC4  	MOVFF       ADRESH, _adc_sonar
;Lab9_C.c,170 :: 		LATD = ADRESH;
0x001E	0xFF8CCFC4  	MOVFF       ADRESH, LATD
;Lab9_C.c,171 :: 		}
0x0022	0xD018      	BRA         L_interrupt23
L_interrupt22:
;Lab9_C.c,173 :: 		adc_tensione = (ADRESH<<2) | (ADRESL>>6);
0x0024	0xF02DCFC4  	MOVFF       ADRESH, _adc_tensione
0x0028	0x0E00      	MOVLW       0
0x002A	0x6E2E      	MOVWF       _adc_tensione+1 
0x002C	0x362D      	RLCF        _adc_tensione, 1 
0x002E	0x902D      	BCF         _adc_tensione, 0 
0x0030	0x362E      	RLCF        _adc_tensione+1, 1 
0x0032	0x362D      	RLCF        _adc_tensione, 1 
0x0034	0x902D      	BCF         _adc_tensione, 0 
0x0036	0x362E      	RLCF        _adc_tensione+1, 1 
0x0038	0x0E06      	MOVLW       6
0x003A	0x6E01      	MOVWF       R1 
0x003C	0xF000CFC3  	MOVFF       ADRESL, R0
0x0040	0x5001      	MOVF        R1, 0 
L__interrupt29:
0x0042	0xE004      	BZ          L__interrupt30
0x0044	0x3200      	RRCF        R0, 1 
0x0046	0x9E00      	BCF         R0, 7 
0x0048	0x0FFF      	ADDLW       255
0x004A	0xD7FB      	BRA         L__interrupt29
L__interrupt30:
0x004C	0x5000      	MOVF        R0, 0 
0x004E	0x122D      	IORWF       _adc_tensione, 1 
0x0050	0x0E00      	MOVLW       0
0x0052	0x122E      	IORWF       _adc_tensione+1, 1 
;Lab9_C.c,174 :: 		}
L_interrupt23:
;Lab9_C.c,175 :: 		adc_flag = 1;
0x0054	0x0E01      	MOVLW       1
0x0056	0x6E2C      	MOVWF       _adc_flag 
;Lab9_C.c,176 :: 		}
L_interrupt21:
;Lab9_C.c,178 :: 		}
L_end_interrupt:
L__interrupt28:
0x0058	0xF000C016  	MOVFF       22, R0
0x005C	0xF001C015  	MOVFF       21, R1
0x0060	0x0011      	RETFIE      1
; end of _interrupt
_Delay_50us:
;__Lib_Delays.c,19 :: 		void Delay_50us() {
;__Lib_Delays.c,20 :: 		Delay_us(50);
0x0062	0x0E21      	MOVLW       33
0x0064	0x6E0D      	MOVWF       R13, 0
L_Delay_50us2:
0x0066	0x2E0D      	DECFSZ      R13, 1, 0
0x0068	0xD7FE      	BRA         L_Delay_50us2
;__Lib_Delays.c,21 :: 		}
L_end_Delay_50us:
0x006A	0x0012      	RETURN      0
; end of _Delay_50us
_Delay_5500us:
;__Lib_Delays.c,31 :: 		void Delay_5500us() {
;__Lib_Delays.c,32 :: 		Delay_us(5500);
0x006C	0x0E0F      	MOVLW       15
0x006E	0x6E0C      	MOVWF       R12, 0
0x0070	0x0E47      	MOVLW       71
0x0072	0x6E0D      	MOVWF       R13, 0
L_Delay_5500us5:
0x0074	0x2E0D      	DECFSZ      R13, 1, 0
0x0076	0xD7FE      	BRA         L_Delay_5500us5
0x0078	0x2E0C      	DECFSZ      R12, 1, 0
0x007A	0xD7FC      	BRA         L_Delay_5500us5
0x007C	0x0000      	NOP
0x007E	0x0000      	NOP
;__Lib_Delays.c,33 :: 		}
L_end_Delay_5500us:
0x0080	0x0012      	RETURN      0
; end of _Delay_5500us
_Delay_1us:
;__Lib_Delays.c,7 :: 		void Delay_1us() {
;__Lib_Delays.c,8 :: 		Delay_us(1);
0x0082	0x0000      	NOP
0x0084	0x0000      	NOP
;__Lib_Delays.c,9 :: 		}
L_end_Delay_1us:
0x0086	0x0012      	RETURN      0
; end of _Delay_1us
_Div_16X16_U:
;__Lib_Math.c,102 :: 		
;__Lib_Math.c,109 :: 		
0x0088	0x6A08      	CLRF        R8, 0
;__Lib_Math.c,110 :: 		
0x008A	0x6A09      	CLRF        R9, 0
;__Lib_Math.c,111 :: 		
0x008C	0x0E10      	MOVLW       16
;__Lib_Math.c,112 :: 		
0x008E	0x6E0C      	MOVWF       R12, 0
;__Lib_Math.c,113 :: 		
0x0090	0x3401      	RLCF        R1, 0, 0
;__Lib_Math.c,114 :: 		
0x0092	0x3608      	RLCF        R8, 1, 0
;__Lib_Math.c,115 :: 		
0x0094	0x3609      	RLCF        R9, 1, 0
;__Lib_Math.c,116 :: 		
0x0096	0x5004      	MOVF        R4, 0, 0
;__Lib_Math.c,117 :: 		
0x0098	0x5E08      	SUBWF       R8, 1, 0
;__Lib_Math.c,118 :: 		
0x009A	0x5005      	MOVF        R5, 0, 0
;__Lib_Math.c,119 :: 		
0x009C	0xA0D8      	BTFSS       STATUS, 0, 0
;__Lib_Math.c,120 :: 		
0x009E	0x3C05      	INCFSZ      R5, 0, 0
;__Lib_Math.c,121 :: 		
0x00A0	0x5E09      	SUBWF       R9, 1, 0
;__Lib_Math.c,122 :: 		
0x00A2	0xB0D8      	BTFSC       STATUS, 0, 0
;__Lib_Math.c,123 :: 		
0x00A4	0xD007      	BRA         $+16
;__Lib_Math.c,124 :: 		
0x00A6	0x5004      	MOVF        R4, 0, 0
;__Lib_Math.c,125 :: 		
0x00A8	0x2608      	ADDWF       R8, 1, 0
;__Lib_Math.c,126 :: 		
0x00AA	0x5005      	MOVF        R5, 0, 0
;__Lib_Math.c,127 :: 		
0x00AC	0xB0D8      	BTFSC       STATUS, 0, 0
;__Lib_Math.c,128 :: 		
0x00AE	0x3C05      	INCFSZ      R5, 0, 0
;__Lib_Math.c,129 :: 		
0x00B0	0x2609      	ADDWF       R9, 1, 0
;__Lib_Math.c,130 :: 		
0x00B2	0x90D8      	BCF         STATUS, 0, 0
;__Lib_Math.c,131 :: 		
0x00B4	0x3600      	RLCF        R0, 1, 0
;__Lib_Math.c,132 :: 		
0x00B6	0x3601      	RLCF        R1, 1, 0
;__Lib_Math.c,133 :: 		
0x00B8	0x2E0C      	DECFSZ      R12, 1, 0
;__Lib_Math.c,134 :: 		
0x00BA	0xD7EA      	BRA         $-42
;__Lib_Math.c,136 :: 		
L_end_Div_16X16_U:
0x00BC	0x0012      	RETURN      0
; end of _Div_16X16_U
_Lcd_Cmd:
;__Lib_Lcd.c,18 :: 		
;__Lib_Lcd.c,20 :: 		
0x00BE	0xBE52      	BTFSC       FARG_Lcd_Cmd_out_char, 7 
0x00C0	0xD002      	BRA         L__Lcd_Cmd21
0x00C2	0x968A      	BCF         LCD_D7, BitPos(LCD_D7+0) 
0x00C4	0xD001      	BRA         L__Lcd_Cmd22
L__Lcd_Cmd21:
0x00C6	0x868A      	BSF         LCD_D7, BitPos(LCD_D7+0) 
L__Lcd_Cmd22:
;__Lib_Lcd.c,21 :: 		
0x00C8	0xBC52      	BTFSC       FARG_Lcd_Cmd_out_char, 6 
0x00CA	0xD002      	BRA         L__Lcd_Cmd23
0x00CC	0x948A      	BCF         LCD_D6, BitPos(LCD_D6+0) 
0x00CE	0xD001      	BRA         L__Lcd_Cmd24
L__Lcd_Cmd23:
0x00D0	0x848A      	BSF         LCD_D6, BitPos(LCD_D6+0) 
L__Lcd_Cmd24:
;__Lib_Lcd.c,22 :: 		
0x00D2	0xBA52      	BTFSC       FARG_Lcd_Cmd_out_char, 5 
0x00D4	0xD002      	BRA         L__Lcd_Cmd25
0x00D6	0x928A      	BCF         LCD_D5, BitPos(LCD_D5+0) 
0x00D8	0xD001      	BRA         L__Lcd_Cmd26
L__Lcd_Cmd25:
0x00DA	0x828A      	BSF         LCD_D5, BitPos(LCD_D5+0) 
L__Lcd_Cmd26:
;__Lib_Lcd.c,23 :: 		
0x00DC	0xB852      	BTFSC       FARG_Lcd_Cmd_out_char, 4 
0x00DE	0xD002      	BRA         L__Lcd_Cmd27
0x00E0	0x908A      	BCF         LCD_D4, BitPos(LCD_D4+0) 
0x00E2	0xD001      	BRA         L__Lcd_Cmd28
L__Lcd_Cmd27:
0x00E4	0x808A      	BSF         LCD_D4, BitPos(LCD_D4+0) 
L__Lcd_Cmd28:
;__Lib_Lcd.c,25 :: 		
0x00E6	0xB030      	BTFSC       __Lib_Lcd_cmd_status, BitPos(__Lib_Lcd_cmd_status+0) 
0x00E8	0xD002      	BRA         L__Lcd_Cmd29
0x00EA	0x888A      	BSF         LCD_RS, BitPos(LCD_RS+0) 
0x00EC	0xD001      	BRA         L__Lcd_Cmd30
L__Lcd_Cmd29:
0x00EE	0x988A      	BCF         LCD_RS, BitPos(LCD_RS+0) 
L__Lcd_Cmd30:
;__Lib_Lcd.c,28 :: 		
0x00F0	0x8A8A      	BSF         LCD_EN, BitPos(LCD_EN+0) 
;__Lib_Lcd.c,29 :: 		
0x00F2	0xDFC7      	RCALL       _Delay_1us
;__Lib_Lcd.c,30 :: 		
0x00F4	0x9A8A      	BCF         LCD_EN, BitPos(LCD_EN+0) 
;__Lib_Lcd.c,33 :: 		
0x00F6	0xB652      	BTFSC       FARG_Lcd_Cmd_out_char, 3 
0x00F8	0xD002      	BRA         L__Lcd_Cmd31
0x00FA	0x968A      	BCF         LCD_D7, BitPos(LCD_D7+0) 
0x00FC	0xD001      	BRA         L__Lcd_Cmd32
L__Lcd_Cmd31:
0x00FE	0x868A      	BSF         LCD_D7, BitPos(LCD_D7+0) 
L__Lcd_Cmd32:
;__Lib_Lcd.c,34 :: 		
0x0100	0xB452      	BTFSC       FARG_Lcd_Cmd_out_char, 2 
0x0102	0xD002      	BRA         L__Lcd_Cmd33
0x0104	0x948A      	BCF         LCD_D6, BitPos(LCD_D6+0) 
0x0106	0xD001      	BRA         L__Lcd_Cmd34
L__Lcd_Cmd33:
0x0108	0x848A      	BSF         LCD_D6, BitPos(LCD_D6+0) 
L__Lcd_Cmd34:
;__Lib_Lcd.c,35 :: 		
0x010A	0xB252      	BTFSC       FARG_Lcd_Cmd_out_char, 1 
0x010C	0xD002      	BRA         L__Lcd_Cmd35
0x010E	0x928A      	BCF         LCD_D5, BitPos(LCD_D5+0) 
0x0110	0xD001      	BRA         L__Lcd_Cmd36
L__Lcd_Cmd35:
0x0112	0x828A      	BSF         LCD_D5, BitPos(LCD_D5+0) 
L__Lcd_Cmd36:
;__Lib_Lcd.c,36 :: 		
0x0114	0xB052      	BTFSC       FARG_Lcd_Cmd_out_char, 0 
0x0116	0xD002      	BRA         L__Lcd_Cmd37
0x0118	0x908A      	BCF         LCD_D4, BitPos(LCD_D4+0) 
0x011A	0xD001      	BRA         L__Lcd_Cmd38
L__Lcd_Cmd37:
0x011C	0x808A      	BSF         LCD_D4, BitPos(LCD_D4+0) 
L__Lcd_Cmd38:
;__Lib_Lcd.c,38 :: 		
0x011E	0xB030      	BTFSC       __Lib_Lcd_cmd_status, BitPos(__Lib_Lcd_cmd_status+0) 
0x0120	0xD002      	BRA         L__Lcd_Cmd39
0x0122	0x888A      	BSF         LCD_RS, BitPos(LCD_RS+0) 
0x0124	0xD001      	BRA         L__Lcd_Cmd40
L__Lcd_Cmd39:
0x0126	0x988A      	BCF         LCD_RS, BitPos(LCD_RS+0) 
L__Lcd_Cmd40:
;__Lib_Lcd.c,40 :: 		
0x0128	0x8A8A      	BSF         LCD_EN, BitPos(LCD_EN+0) 
;__Lib_Lcd.c,41 :: 		
0x012A	0xDFAB      	RCALL       _Delay_1us
;__Lib_Lcd.c,42 :: 		
0x012C	0x9A8A      	BCF         LCD_EN, BitPos(LCD_EN+0) 
;__Lib_Lcd.c,44 :: 		
0x012E	0xA030      	BTFSS       __Lib_Lcd_cmd_status, BitPos(__Lib_Lcd_cmd_status+0) 
0x0130	0xD002      	BRA         L_Lcd_Cmd0
;__Lib_Lcd.c,45 :: 		
0x0132	0xDF9C      	RCALL       _Delay_5500us
0x0134	0xD001      	BRA         L_Lcd_Cmd1
L_Lcd_Cmd0:
;__Lib_Lcd.c,47 :: 		
0x0136	0xDF95      	RCALL       _Delay_50us
L_Lcd_Cmd1:
;__Lib_Lcd.c,48 :: 		
L_end_Lcd_Cmd:
0x0138	0x0012      	RETURN      0
; end of _Lcd_Cmd
_WordToStr:
;__Lib_Conversions.c,98 :: 		
;__Lib_Conversions.c,103 :: 		
0x013A	0x6A4F      	CLRF        WordToStr_len_L0 
L_WordToStr11:
0x013C	0x0E05      	MOVLW       5
0x013E	0x5C4F      	SUBWF       WordToStr_len_L0, 0 
0x0140	0xE20A      	BC          L_WordToStr12
;__Lib_Conversions.c,104 :: 		
0x0142	0x504F      	MOVF        WordToStr_len_L0, 0 
0x0144	0x244D      	ADDWF       FARG_WordToStr_output, 0 
0x0146	0x6EE1      	MOVWF       FSR1L 
0x0148	0x0E00      	MOVLW       0
0x014A	0x204E      	ADDWFC      FARG_WordToStr_output+1, 0 
0x014C	0x6EE2      	MOVWF       FSR1H 
0x014E	0x0E20      	MOVLW       32
0x0150	0x6EE6      	MOVWF       POSTINC1 
;__Lib_Conversions.c,103 :: 		
0x0152	0x2A4F      	INCF        WordToStr_len_L0, 1 
;__Lib_Conversions.c,104 :: 		
0x0154	0xD7F3      	BRA         L_WordToStr11
L_WordToStr12:
;__Lib_Conversions.c,105 :: 		
0x0156	0x504F      	MOVF        WordToStr_len_L0, 0 
0x0158	0x244D      	ADDWF       FARG_WordToStr_output, 0 
0x015A	0x6EE1      	MOVWF       FSR1L 
0x015C	0x0E00      	MOVLW       0
0x015E	0x204E      	ADDWFC      FARG_WordToStr_output+1, 0 
0x0160	0x6EE2      	MOVWF       FSR1H 
0x0162	0x6AE6      	CLRF        POSTINC1 
0x0164	0x064F      	DECF        WordToStr_len_L0, 1 
;__Lib_Conversions.c,107 :: 		
L_WordToStr14:
;__Lib_Conversions.c,108 :: 		
0x0166	0x504F      	MOVF        WordToStr_len_L0, 0 
0x0168	0x244D      	ADDWF       FARG_WordToStr_output, 0 
0x016A	0x6E50      	MOVWF       FLOC__WordToStr 
0x016C	0x0E00      	MOVLW       0
0x016E	0x204E      	ADDWFC      FARG_WordToStr_output+1, 0 
0x0170	0x6E51      	MOVWF       FLOC__WordToStr+1 
0x0172	0x0E0A      	MOVLW       10
0x0174	0x6E04      	MOVWF       R4 
0x0176	0x0E00      	MOVLW       0
0x0178	0x6E05      	MOVWF       R5 
0x017A	0xF000C04B  	MOVFF       FARG_WordToStr_input, R0
0x017E	0xF001C04C  	MOVFF       FARG_WordToStr_input+1, R1
0x0182	0xDF82      	RCALL       _Div_16X16_U
0x0184	0xF000C008  	MOVFF       R8, R0
0x0188	0xF001C009  	MOVFF       R9, R1
0x018C	0x0E30      	MOVLW       48
0x018E	0x2600      	ADDWF       R0, 1 
0x0190	0xFFE1C050  	MOVFF       FLOC__WordToStr, FSR1L
0x0194	0xFFE2C051  	MOVFF       FLOC__WordToStr+1, FSR1H
0x0198	0xFFE6C000  	MOVFF       R0, POSTINC1
;__Lib_Conversions.c,109 :: 		
0x019C	0x0E0A      	MOVLW       10
0x019E	0x6E04      	MOVWF       R4 
0x01A0	0x0E00      	MOVLW       0
0x01A2	0x6E05      	MOVWF       R5 
0x01A4	0xF000C04B  	MOVFF       FARG_WordToStr_input, R0
0x01A8	0xF001C04C  	MOVFF       FARG_WordToStr_input+1, R1
0x01AC	0xDF6D      	RCALL       _Div_16X16_U
0x01AE	0xF04BC000  	MOVFF       R0, FARG_WordToStr_input
0x01B2	0xF04CC001  	MOVFF       R1, FARG_WordToStr_input+1
;__Lib_Conversions.c,110 :: 		
0x01B6	0x0E00      	MOVLW       0
0x01B8	0x1801      	XORWF       R1, 0 
0x01BA	0xE102      	BNZ         L__WordToStr159
0x01BC	0x0E00      	MOVLW       0
0x01BE	0x1800      	XORWF       R0, 0 
L__WordToStr159:
0x01C0	0xE101      	BNZ         L_WordToStr16
;__Lib_Conversions.c,111 :: 		
0x01C2	0xD002      	BRA         L_WordToStr15
L_WordToStr16:
;__Lib_Conversions.c,112 :: 		
0x01C4	0x064F      	DECF        WordToStr_len_L0, 1 
;__Lib_Conversions.c,113 :: 		
0x01C6	0xD7CF      	BRA         L_WordToStr14
L_WordToStr15:
;__Lib_Conversions.c,114 :: 		
L_end_WordToStr:
0x01C8	0x0012      	RETURN      0
; end of _WordToStr
_Lcd_Chr_CP:
;__Lib_Lcd.c,50 :: 		
;__Lib_Lcd.c,52 :: 		
0x01CA	0x9030      	BCF         __Lib_Lcd_cmd_status, BitPos(__Lib_Lcd_cmd_status+0) 
;__Lib_Lcd.c,53 :: 		
0x01CC	0xF052C04B  	MOVFF       FARG_Lcd_Chr_CP_out_char, FARG_Lcd_Cmd_out_char
0x01D0	0xDF76      	RCALL       _Lcd_Cmd
;__Lib_Lcd.c,54 :: 		
0x01D2	0x8030      	BSF         __Lib_Lcd_cmd_status, BitPos(__Lib_Lcd_cmd_status+0) 
;__Lib_Lcd.c,55 :: 		
L_end_Lcd_Chr_CP:
0x01D4	0x0012      	RETURN      0
; end of _Lcd_Chr_CP
_Lcd_Init:
;__Lib_Lcd.c,84 :: 		
;__Lib_Lcd.c,86 :: 		
0x01D6	0x9A93      	BCF         LCD_EN_Direction, BitPos(LCD_EN_Direction+0) 
;__Lib_Lcd.c,87 :: 		
0x01D8	0x9893      	BCF         LCD_RS_Direction, BitPos(LCD_RS_Direction+0) 
;__Lib_Lcd.c,88 :: 		
0x01DA	0x9093      	BCF         LCD_D4_Direction, BitPos(LCD_D4_Direction+0) 
;__Lib_Lcd.c,89 :: 		
0x01DC	0x9293      	BCF         LCD_D5_Direction, BitPos(LCD_D5_Direction+0) 
;__Lib_Lcd.c,90 :: 		
0x01DE	0x9493      	BCF         LCD_D6_Direction, BitPos(LCD_D6_Direction+0) 
;__Lib_Lcd.c,91 :: 		
0x01E0	0x9693      	BCF         LCD_D7_Direction, BitPos(LCD_D7_Direction+0) 
;__Lib_Lcd.c,93 :: 		
0x01E2	0x9A8A      	BCF         LCD_EN, BitPos(LCD_EN+0) 
;__Lib_Lcd.c,94 :: 		
0x01E4	0x988A      	BCF         LCD_RS, BitPos(LCD_RS+0) 
;__Lib_Lcd.c,95 :: 		
0x01E6	0x968A      	BCF         LCD_D7, BitPos(LCD_D7+0) 
;__Lib_Lcd.c,96 :: 		
0x01E8	0x948A      	BCF         LCD_D6, BitPos(LCD_D6+0) 
;__Lib_Lcd.c,97 :: 		
0x01EA	0x928A      	BCF         LCD_D5, BitPos(LCD_D5+0) 
;__Lib_Lcd.c,98 :: 		
0x01EC	0x908A      	BCF         LCD_D4, BitPos(LCD_D4+0) 
;__Lib_Lcd.c,100 :: 		
0x01EE	0xDF3E      	RCALL       _Delay_5500us
;__Lib_Lcd.c,101 :: 		
0x01F0	0xDF3D      	RCALL       _Delay_5500us
;__Lib_Lcd.c,102 :: 		
0x01F2	0xDF3C      	RCALL       _Delay_5500us
;__Lib_Lcd.c,105 :: 		
0x01F4	0x828A      	BSF         LCD_D5, BitPos(LCD_D5+0) 
;__Lib_Lcd.c,106 :: 		
0x01F6	0x808A      	BSF         LCD_D4, BitPos(LCD_D4+0) 
;__Lib_Lcd.c,107 :: 		
0x01F8	0x8A8A      	BSF         LCD_EN, BitPos(LCD_EN+0) 
;__Lib_Lcd.c,108 :: 		
0x01FA	0xDF43      	RCALL       _Delay_1us
;__Lib_Lcd.c,109 :: 		
0x01FC	0x9A8A      	BCF         LCD_EN, BitPos(LCD_EN+0) 
;__Lib_Lcd.c,110 :: 		
0x01FE	0xDF36      	RCALL       _Delay_5500us
;__Lib_Lcd.c,112 :: 		
0x0200	0x8A8A      	BSF         LCD_EN, BitPos(LCD_EN+0) 
;__Lib_Lcd.c,113 :: 		
0x0202	0xDF3F      	RCALL       _Delay_1us
;__Lib_Lcd.c,114 :: 		
0x0204	0x9A8A      	BCF         LCD_EN, BitPos(LCD_EN+0) 
;__Lib_Lcd.c,115 :: 		
0x0206	0xDF32      	RCALL       _Delay_5500us
;__Lib_Lcd.c,117 :: 		
0x0208	0x8A8A      	BSF         LCD_EN, BitPos(LCD_EN+0) 
;__Lib_Lcd.c,118 :: 		
0x020A	0xDF3B      	RCALL       _Delay_1us
;__Lib_Lcd.c,119 :: 		
0x020C	0x9A8A      	BCF         LCD_EN, BitPos(LCD_EN+0) 
;__Lib_Lcd.c,120 :: 		
0x020E	0xDF2E      	RCALL       _Delay_5500us
;__Lib_Lcd.c,123 :: 		
0x0210	0x908A      	BCF         LCD_D4, BitPos(LCD_D4+0) 
;__Lib_Lcd.c,124 :: 		
0x0212	0x8A8A      	BSF         LCD_EN, BitPos(LCD_EN+0) 
;__Lib_Lcd.c,125 :: 		
0x0214	0xDF36      	RCALL       _Delay_1us
;__Lib_Lcd.c,126 :: 		
0x0216	0x9A8A      	BCF         LCD_EN, BitPos(LCD_EN+0) 
;__Lib_Lcd.c,127 :: 		
0x0218	0xDF29      	RCALL       _Delay_5500us
;__Lib_Lcd.c,130 :: 		
0x021A	0x8A8A      	BSF         LCD_EN, BitPos(LCD_EN+0) 
;__Lib_Lcd.c,131 :: 		
0x021C	0xDF32      	RCALL       _Delay_1us
;__Lib_Lcd.c,132 :: 		
0x021E	0x9A8A      	BCF         LCD_EN, BitPos(LCD_EN+0) 
;__Lib_Lcd.c,134 :: 		
0x0220	0x928A      	BCF         LCD_D5, BitPos(LCD_D5+0) 
;__Lib_Lcd.c,135 :: 		
0x0222	0x868A      	BSF         LCD_D7, BitPos(LCD_D7+0) 
;__Lib_Lcd.c,136 :: 		
0x0224	0x8A8A      	BSF         LCD_EN, BitPos(LCD_EN+0) 
;__Lib_Lcd.c,137 :: 		
0x0226	0xDF2D      	RCALL       _Delay_1us
;__Lib_Lcd.c,138 :: 		
0x0228	0x9A8A      	BCF         LCD_EN, BitPos(LCD_EN+0) 
;__Lib_Lcd.c,139 :: 		
0x022A	0xDF20      	RCALL       _Delay_5500us
;__Lib_Lcd.c,142 :: 		
0x022C	0x968A      	BCF         LCD_D7, BitPos(LCD_D7+0) 
;__Lib_Lcd.c,143 :: 		
0x022E	0x808A      	BSF         LCD_D4, BitPos(LCD_D4+0) 
;__Lib_Lcd.c,144 :: 		
0x0230	0x8A8A      	BSF         LCD_EN, BitPos(LCD_EN+0) 
;__Lib_Lcd.c,145 :: 		
0x0232	0xDF27      	RCALL       _Delay_1us
;__Lib_Lcd.c,146 :: 		
0x0234	0x9A8A      	BCF         LCD_EN, BitPos(LCD_EN+0) 
;__Lib_Lcd.c,148 :: 		
0x0236	0x908A      	BCF         LCD_D4, BitPos(LCD_D4+0) 
;__Lib_Lcd.c,149 :: 		
0x0238	0x8A8A      	BSF         LCD_EN, BitPos(LCD_EN+0) 
;__Lib_Lcd.c,150 :: 		
0x023A	0xDF23      	RCALL       _Delay_1us
;__Lib_Lcd.c,151 :: 		
0x023C	0x9A8A      	BCF         LCD_EN, BitPos(LCD_EN+0) 
;__Lib_Lcd.c,152 :: 		
0x023E	0xDF16      	RCALL       _Delay_5500us
;__Lib_Lcd.c,155 :: 		
0x0240	0x8A8A      	BSF         LCD_EN, BitPos(LCD_EN+0) 
;__Lib_Lcd.c,156 :: 		
0x0242	0xDF1F      	RCALL       _Delay_1us
;__Lib_Lcd.c,157 :: 		
0x0244	0x9A8A      	BCF         LCD_EN, BitPos(LCD_EN+0) 
;__Lib_Lcd.c,159 :: 		
0x0246	0x808A      	BSF         LCD_D4, BitPos(LCD_D4+0) 
;__Lib_Lcd.c,160 :: 		
0x0248	0x8A8A      	BSF         LCD_EN, BitPos(LCD_EN+0) 
;__Lib_Lcd.c,161 :: 		
0x024A	0xDF1B      	RCALL       _Delay_1us
;__Lib_Lcd.c,162 :: 		
0x024C	0x9A8A      	BCF         LCD_EN, BitPos(LCD_EN+0) 
;__Lib_Lcd.c,163 :: 		
0x024E	0xDF0E      	RCALL       _Delay_5500us
;__Lib_Lcd.c,166 :: 		
0x0250	0x908A      	BCF         LCD_D4, BitPos(LCD_D4+0) 
;__Lib_Lcd.c,167 :: 		
0x0252	0x8A8A      	BSF         LCD_EN, BitPos(LCD_EN+0) 
;__Lib_Lcd.c,168 :: 		
0x0254	0xDF16      	RCALL       _Delay_1us
;__Lib_Lcd.c,169 :: 		
0x0256	0x9A8A      	BCF         LCD_EN, BitPos(LCD_EN+0) 
;__Lib_Lcd.c,171 :: 		
0x0258	0x868A      	BSF         LCD_D7, BitPos(LCD_D7+0) 
;__Lib_Lcd.c,172 :: 		
0x025A	0x848A      	BSF         LCD_D6, BitPos(LCD_D6+0) 
;__Lib_Lcd.c,173 :: 		
0x025C	0x828A      	BSF         LCD_D5, BitPos(LCD_D5+0) 
;__Lib_Lcd.c,174 :: 		
0x025E	0x808A      	BSF         LCD_D4, BitPos(LCD_D4+0) 
;__Lib_Lcd.c,175 :: 		
0x0260	0x8A8A      	BSF         LCD_EN, BitPos(LCD_EN+0) 
;__Lib_Lcd.c,176 :: 		
0x0262	0xDF0F      	RCALL       _Delay_1us
;__Lib_Lcd.c,177 :: 		
0x0264	0x9A8A      	BCF         LCD_EN, BitPos(LCD_EN+0) 
;__Lib_Lcd.c,179 :: 		
0x0266	0xDF02      	RCALL       _Delay_5500us
;__Lib_Lcd.c,181 :: 		
0x0268	0x8030      	BSF         __Lib_Lcd_cmd_status, BitPos(__Lib_Lcd_cmd_status+0) 
;__Lib_Lcd.c,182 :: 		
L_end_Lcd_Init:
0x026A	0x0012      	RETURN      0
; end of _Lcd_Init
___CC2DW:
;__Lib_System.c,21 :: 		
;__Lib_System.c,23 :: 		
_CC2DL_Loop1:
;__Lib_System.c,24 :: 		
0x026C	0x0009      	TBLRD*+
;__Lib_System.c,25 :: 		
0x026E	0xFFE6CFF5  	MOVFF       TABLAT, POSTINC1
;__Lib_System.c,26 :: 		
0x0272	0x0600      	DECF        R0, 1, 0
;__Lib_System.c,27 :: 		
0x0274	0xE1FB      	BNZ         _CC2DL_Loop1
;__Lib_System.c,28 :: 		
0x0276	0x0601      	DECF        R1, 1, 0
;__Lib_System.c,29 :: 		
0x0278	0xE1F9      	BNZ         _CC2DL_Loop1
;__Lib_System.c,31 :: 		
L_end___CC2DW:
0x027A	0x0012      	RETURN      0
; end of ___CC2DW
_Lcd_Out:
;__Lib_Lcd.c,184 :: 		
;__Lib_Lcd.c,187 :: 		
0x027C	0xD00F      	BRA         L_Lcd_Out11
;__Lib_Lcd.c,188 :: 		
L_Lcd_Out13:
0x027E	0x0E80      	MOVLW       128
0x0280	0x6E41      	MOVWF       FARG_Lcd_Out_row 
0x0282	0xD019      	BRA         L_Lcd_Out12
;__Lib_Lcd.c,189 :: 		
L_Lcd_Out14:
0x0284	0x0EC0      	MOVLW       192
0x0286	0x6E41      	MOVWF       FARG_Lcd_Out_row 
0x0288	0xD016      	BRA         L_Lcd_Out12
;__Lib_Lcd.c,190 :: 		
L_Lcd_Out15:
0x028A	0x0E94      	MOVLW       148
0x028C	0x6E41      	MOVWF       FARG_Lcd_Out_row 
0x028E	0xD013      	BRA         L_Lcd_Out12
;__Lib_Lcd.c,191 :: 		
L_Lcd_Out16:
0x0290	0x0ED4      	MOVLW       212
0x0292	0x6E41      	MOVWF       FARG_Lcd_Out_row 
0x0294	0xD010      	BRA         L_Lcd_Out12
;__Lib_Lcd.c,192 :: 		
L_Lcd_Out17:
0x0296	0x0E80      	MOVLW       128
0x0298	0x6E41      	MOVWF       FARG_Lcd_Out_row 
;__Lib_Lcd.c,193 :: 		
0x029A	0xD00D      	BRA         L_Lcd_Out12
L_Lcd_Out11:
0x029C	0x5041      	MOVF        FARG_Lcd_Out_row, 0 
0x029E	0x0A01      	XORLW       1
0x02A0	0xE0EE      	BZ          L_Lcd_Out13
0x02A2	0x5041      	MOVF        FARG_Lcd_Out_row, 0 
0x02A4	0x0A02      	XORLW       2
0x02A6	0xE0EE      	BZ          L_Lcd_Out14
0x02A8	0x5041      	MOVF        FARG_Lcd_Out_row, 0 
0x02AA	0x0A03      	XORLW       3
0x02AC	0xE0EE      	BZ          L_Lcd_Out15
0x02AE	0x5041      	MOVF        FARG_Lcd_Out_row, 0 
0x02B0	0x0A04      	XORLW       4
0x02B2	0xE0EE      	BZ          L_Lcd_Out16
0x02B4	0xD7F0      	BRA         L_Lcd_Out17
L_Lcd_Out12:
;__Lib_Lcd.c,194 :: 		
0x02B6	0x0442      	DECF        FARG_Lcd_Out_column, 0 
0x02B8	0x6E00      	MOVWF       R0 
0x02BA	0x5041      	MOVF        FARG_Lcd_Out_row, 0 
0x02BC	0x2600      	ADDWF       R0, 1 
0x02BE	0xF041C000  	MOVFF       R0, FARG_Lcd_Out_row
;__Lib_Lcd.c,196 :: 		
0x02C2	0xF052C000  	MOVFF       R0, FARG_Lcd_Cmd_out_char
0x02C6	0xDEFB      	RCALL       _Lcd_Cmd
;__Lib_Lcd.c,197 :: 		
0x02C8	0x9030      	BCF         __Lib_Lcd_cmd_status, BitPos(__Lib_Lcd_cmd_status+0) 
;__Lib_Lcd.c,198 :: 		
0x02CA	0x6A45      	CLRF        Lcd_Out_i_L0 
;__Lib_Lcd.c,199 :: 		
L_Lcd_Out18:
0x02CC	0x5045      	MOVF        Lcd_Out_i_L0, 0 
0x02CE	0x2443      	ADDWF       FARG_Lcd_Out_text, 0 
0x02D0	0x6EE9      	MOVWF       FSR0L 
0x02D2	0x0E00      	MOVLW       0
0x02D4	0x2044      	ADDWFC      FARG_Lcd_Out_text+1, 0 
0x02D6	0x6EEA      	MOVWF       FSR0H 
0x02D8	0x52EE      	MOVF        POSTINC0, 1 
0x02DA	0xE00B      	BZ          L_Lcd_Out19
;__Lib_Lcd.c,200 :: 		
0x02DC	0x5045      	MOVF        Lcd_Out_i_L0, 0 
0x02DE	0x2443      	ADDWF       FARG_Lcd_Out_text, 0 
0x02E0	0x6EE9      	MOVWF       FSR0L 
0x02E2	0x0E00      	MOVLW       0
0x02E4	0x2044      	ADDWFC      FARG_Lcd_Out_text+1, 0 
0x02E6	0x6EEA      	MOVWF       FSR0H 
0x02E8	0xF04BCFEE  	MOVFF       POSTINC0, FARG_Lcd_Chr_CP_out_char
0x02EC	0xDF6E      	RCALL       _Lcd_Chr_CP
0x02EE	0x2A45      	INCF        Lcd_Out_i_L0, 1 
0x02F0	0xD7ED      	BRA         L_Lcd_Out18
L_Lcd_Out19:
;__Lib_Lcd.c,201 :: 		
0x02F2	0x8030      	BSF         __Lib_Lcd_cmd_status, BitPos(__Lib_Lcd_cmd_status+0) 
;__Lib_Lcd.c,202 :: 		
L_end_Lcd_Out:
0x02F4	0x0012      	RETURN      0
; end of _Lcd_Out
_Mul_16X16_U:
;__Lib_Math.c,440 :: 		
;__Lib_Math.c,447 :: 		
0x02F6	0x6A0B      	CLRF        R11, 0
;__Lib_Math.c,448 :: 		
0x02F8	0x6A0A      	CLRF        R10, 0
;__Lib_Math.c,449 :: 		
0x02FA	0x6A09      	CLRF        R9, 0
;__Lib_Math.c,450 :: 		
0x02FC	0x5000      	MOVF        R0, 0, 0
;__Lib_Math.c,451 :: 		
0x02FE	0x0204      	MULWF       R4, 0
;__Lib_Math.c,453 :: 		
0x0300	0xF009CFF4  	MOVFF       PRODH, R9
;__Lib_Math.c,454 :: 		
0x0304	0xF008CFF3  	MOVFF       PRODL, R8
;__Lib_Math.c,455 :: 		
0x0308	0x5001      	MOVF        R1, 0, 0
;__Lib_Math.c,456 :: 		
0x030A	0x0205      	MULWF       R5, 0
;__Lib_Math.c,458 :: 		
0x030C	0xF00BCFF4  	MOVFF       PRODH, R11
;__Lib_Math.c,459 :: 		
0x0310	0xF00ACFF3  	MOVFF       PRODL, R10
;__Lib_Math.c,460 :: 		
0x0314	0x5000      	MOVF        R0, 0, 0
;__Lib_Math.c,461 :: 		
0x0316	0x0205      	MULWF       R5, 0
;__Lib_Math.c,463 :: 		
0x0318	0x50F3      	MOVF        PRODL, 0, 0
;__Lib_Math.c,464 :: 		
0x031A	0x2609      	ADDWF       R9, 1, 0
;__Lib_Math.c,465 :: 		
0x031C	0x50F4      	MOVF        PRODH, 0, 0
;__Lib_Math.c,466 :: 		
0x031E	0x220A      	ADDWFC      R10, 1, 0
;__Lib_Math.c,467 :: 		
0x0320	0x6AE8      	CLRF        WREG, 0
;__Lib_Math.c,468 :: 		
0x0322	0x220B      	ADDWFC      R11, 1, 0
;__Lib_Math.c,469 :: 		
0x0324	0x5001      	MOVF        R1, 0, 0
;__Lib_Math.c,470 :: 		
0x0326	0x0204      	MULWF       R4, 0
;__Lib_Math.c,472 :: 		
0x0328	0x50F3      	MOVF        PRODL, 0, 0
;__Lib_Math.c,473 :: 		
0x032A	0x2609      	ADDWF       R9, 1, 0
;__Lib_Math.c,474 :: 		
0x032C	0x50F4      	MOVF        PRODH, 0, 0
;__Lib_Math.c,475 :: 		
0x032E	0x220A      	ADDWFC      R10, 1, 0
;__Lib_Math.c,476 :: 		
0x0330	0x6AE8      	CLRF        WREG, 0
;__Lib_Math.c,477 :: 		
0x0332	0x220B      	ADDWFC      R11, 1, 0
;__Lib_Math.c,479 :: 		
0x0334	0xF000C008  	MOVFF       R8, R0
;__Lib_Math.c,480 :: 		
0x0338	0xF001C009  	MOVFF       R9, R1
;__Lib_Math.c,481 :: 		
0x033C	0xF002C00A  	MOVFF       R10, R2
;__Lib_Math.c,482 :: 		
0x0340	0xF003C00B  	MOVFF       R11, R3
;__Lib_Math.c,485 :: 		
L_end_Mul_16X16_U:
0x0344	0x0012      	RETURN      0
; end of _Mul_16X16_U
_IntToStr:
;__Lib_Conversions.c,195 :: 		
;__Lib_Conversions.c,201 :: 		
0x0346	0x6A47      	CLRF        IntToStr_negative_L0 
0x0348	0x6A48      	CLRF        IntToStr_negative_L0+1 
;__Lib_Conversions.c,202 :: 		
0x034A	0xF049C041  	MOVFF       FARG_IntToStr_input, IntToStr_inword_L0
0x034E	0xF04AC042  	MOVFF       FARG_IntToStr_input+1, IntToStr_inword_L0+1
;__Lib_Conversions.c,203 :: 		
0x0352	0x0E80      	MOVLW       128
0x0354	0x1842      	XORWF       FARG_IntToStr_input+1, 0 
0x0356	0x6E00      	MOVWF       R0 
0x0358	0x0E80      	MOVLW       128
0x035A	0x5C00      	SUBWF       R0, 0 
0x035C	0xE102      	BNZ         L__IntToStr167
0x035E	0x0E00      	MOVLW       0
0x0360	0x5C41      	SUBWF       FARG_IntToStr_input, 0 
L__IntToStr167:
0x0362	0xE20B      	BC          L_IntToStr37
;__Lib_Conversions.c,204 :: 		
0x0364	0x0E01      	MOVLW       1
0x0366	0x6E47      	MOVWF       IntToStr_negative_L0 
0x0368	0x0E00      	MOVLW       0
0x036A	0x6E48      	MOVWF       IntToStr_negative_L0+1 
;__Lib_Conversions.c,205 :: 		
0x036C	0x5041      	MOVF        FARG_IntToStr_input, 0 
0x036E	0x0800      	SUBLW       0
0x0370	0x6E49      	MOVWF       IntToStr_inword_L0 
0x0372	0xF04AC042  	MOVFF       FARG_IntToStr_input+1, IntToStr_inword_L0+1
0x0376	0x0E00      	MOVLW       0
0x0378	0x564A      	SUBFWB      IntToStr_inword_L0+1, 1 
;__Lib_Conversions.c,206 :: 		
L_IntToStr37:
;__Lib_Conversions.c,207 :: 		
0x037A	0xF04BC049  	MOVFF       IntToStr_inword_L0, FARG_WordToStr_input
0x037E	0xF04CC04A  	MOVFF       IntToStr_inword_L0+1, FARG_WordToStr_input+1
0x0382	0xF04DC043  	MOVFF       FARG_IntToStr_output, FARG_WordToStr_output
0x0386	0xF04EC044  	MOVFF       FARG_IntToStr_output+1, FARG_WordToStr_output+1
0x038A	0xDED7      	RCALL       _WordToStr
;__Lib_Conversions.c,209 :: 		
0x038C	0x0E06      	MOVLW       6
0x038E	0x6E45      	MOVWF       IntToStr_i_L0 
0x0390	0x0E00      	MOVLW       0
0x0392	0x6E46      	MOVWF       IntToStr_i_L0+1 
;__Lib_Conversions.c,210 :: 		
L_IntToStr38:
0x0394	0x0E00      	MOVLW       0
0x0396	0x6E00      	MOVWF       R0 
0x0398	0x5046      	MOVF        IntToStr_i_L0+1, 0 
0x039A	0x5C00      	SUBWF       R0, 0 
0x039C	0xE102      	BNZ         L__IntToStr168
0x039E	0x5045      	MOVF        IntToStr_i_L0, 0 
0x03A0	0x0800      	SUBLW       0
L__IntToStr168:
0x03A2	0xE219      	BC          L_IntToStr39
;__Lib_Conversions.c,211 :: 		
0x03A4	0x5045      	MOVF        IntToStr_i_L0, 0 
0x03A6	0x2443      	ADDWF       FARG_IntToStr_output, 0 
0x03A8	0x6EE1      	MOVWF       FSR1L 
0x03AA	0x5046      	MOVF        IntToStr_i_L0+1, 0 
0x03AC	0x2044      	ADDWFC      FARG_IntToStr_output+1, 0 
0x03AE	0x6EE2      	MOVWF       FSR1H 
0x03B0	0x0E01      	MOVLW       1
0x03B2	0x5C45      	SUBWF       IntToStr_i_L0, 0 
0x03B4	0x6E00      	MOVWF       R0 
0x03B6	0x0E00      	MOVLW       0
0x03B8	0x5846      	SUBWFB      IntToStr_i_L0+1, 0 
0x03BA	0x6E01      	MOVWF       R1 
0x03BC	0x5000      	MOVF        R0, 0 
0x03BE	0x2443      	ADDWF       FARG_IntToStr_output, 0 
0x03C0	0x6EE9      	MOVWF       FSR0L 
0x03C2	0x5001      	MOVF        R1, 0 
0x03C4	0x2044      	ADDWFC      FARG_IntToStr_output+1, 0 
0x03C6	0x6EEA      	MOVWF       FSR0H 
0x03C8	0xFFE6CFEE  	MOVFF       POSTINC0, POSTINC1
;__Lib_Conversions.c,212 :: 		
0x03CC	0x0E01      	MOVLW       1
0x03CE	0x5E45      	SUBWF       IntToStr_i_L0, 1 
0x03D0	0x0E00      	MOVLW       0
0x03D2	0x5A46      	SUBWFB      IntToStr_i_L0+1, 1 
;__Lib_Conversions.c,213 :: 		
0x03D4	0xD7DF      	BRA         L_IntToStr38
L_IntToStr39:
;__Lib_Conversions.c,214 :: 		
0x03D6	0xFFE1C043  	MOVFF       FARG_IntToStr_output, FSR1L
0x03DA	0xFFE2C044  	MOVFF       FARG_IntToStr_output+1, FSR1H
0x03DE	0x0E20      	MOVLW       32
0x03E0	0x6EE6      	MOVWF       POSTINC1 
;__Lib_Conversions.c,215 :: 		
0x03E2	0x5047      	MOVF        IntToStr_negative_L0, 0 
0x03E4	0x1048      	IORWF       IntToStr_negative_L0+1, 0 
0x03E6	0xE01A      	BZ          L_IntToStr40
;__Lib_Conversions.c,216 :: 		
0x03E8	0x6A45      	CLRF        IntToStr_i_L0 
0x03EA	0x6A46      	CLRF        IntToStr_i_L0+1 
;__Lib_Conversions.c,217 :: 		
L_IntToStr41:
0x03EC	0x5045      	MOVF        IntToStr_i_L0, 0 
0x03EE	0x2443      	ADDWF       FARG_IntToStr_output, 0 
0x03F0	0x6EE9      	MOVWF       FSR0L 
0x03F2	0x5046      	MOVF        IntToStr_i_L0+1, 0 
0x03F4	0x2044      	ADDWFC      FARG_IntToStr_output+1, 0 
0x03F6	0x6EEA      	MOVWF       FSR0H 
0x03F8	0x50EE      	MOVF        POSTINC0, 0 
0x03FA	0x0A20      	XORLW       32
0x03FC	0xE103      	BNZ         L_IntToStr42
0x03FE	0x4A45      	INFSNZ      IntToStr_i_L0, 1 
0x0400	0x2A46      	INCF        IntToStr_i_L0+1, 1 
0x0402	0xD7F4      	BRA         L_IntToStr41
L_IntToStr42:
;__Lib_Conversions.c,218 :: 		
0x0404	0x0E01      	MOVLW       1
0x0406	0x5E45      	SUBWF       IntToStr_i_L0, 1 
0x0408	0x0E00      	MOVLW       0
0x040A	0x5A46      	SUBWFB      IntToStr_i_L0+1, 1 
;__Lib_Conversions.c,219 :: 		
0x040C	0x5045      	MOVF        IntToStr_i_L0, 0 
0x040E	0x2443      	ADDWF       FARG_IntToStr_output, 0 
0x0410	0x6EE1      	MOVWF       FSR1L 
0x0412	0x5046      	MOVF        IntToStr_i_L0+1, 0 
0x0414	0x2044      	ADDWFC      FARG_IntToStr_output+1, 0 
0x0416	0x6EE2      	MOVWF       FSR1H 
0x0418	0x0E2D      	MOVLW       45
0x041A	0x6EE6      	MOVWF       POSTINC1 
L_IntToStr40:
;__Lib_Conversions.c,220 :: 		
L_end_IntToStr:
0x041C	0x0012      	RETURN      0
; end of _IntToStr
_main:
0x041E	0xF002ECE8  	CALL        1488, 0
;Lab9_C.c,41 :: 		void main() {
;Lab9_C.c,43 :: 		unsigned short int conteggio=0;
0x0422	0x6A31      	CLRF        main_conteggio_L0 
0x0424	0x6A32      	CLRF        main_conteggio_txt_L0 
0x0426	0x6A33      	CLRF        main_conteggio_txt_L0+1 
0x0428	0x6A34      	CLRF        main_conteggio_txt_L0+2 
0x042A	0x6A35      	CLRF        main_conteggio_txt_L0+3 
0x042C	0x6A36      	CLRF        main_conteggio_txt_L0+4 
0x042E	0x6A37      	CLRF        main_conteggio_txt_L0+5 
0x0430	0x6A38      	CLRF        main_conteggio_txt_L0+6 
0x0432	0x6A39      	CLRF        main_adc_txt_L0 
0x0434	0x6A3A      	CLRF        main_adc_txt_L0+1 
0x0436	0x6A3B      	CLRF        main_adc_txt_L0+2 
0x0438	0x6A3C      	CLRF        main_adc_txt_L0+3 
0x043A	0x6A3D      	CLRF        main_adc_txt_L0+4 
0x043C	0x6A3E      	CLRF        main_adc_txt_L0+5 
0x043E	0x6A3F      	CLRF        main_adc_txt_L0+6 
;Lab9_C.c,49 :: 		ANSELA=0b11110001;
0x0440	0x0EF1      	MOVLW       241
0x0442	0x010F      	MOVLB       15
0x0444	0x6F38      	MOVWF       ANSELA, 1
;Lab9_C.c,50 :: 		TRISE.RE2 = 1;
0x0446	0x8496      	BSF         TRISE, 2 
;Lab9_C.c,53 :: 		TRISA.RA1 = 1;
0x0448	0x8292      	BSF         TRISA, 1 
;Lab9_C.c,54 :: 		TRISA.RA2 = 1;
0x044A	0x8492      	BSF         TRISA, 2 
;Lab9_C.c,55 :: 		TRISA.RA3 = 1;
0x044C	0x8692      	BSF         TRISA, 3 
;Lab9_C.c,56 :: 		TRISD = 0;
0x044E	0x6A95      	CLRF        TRISD 
;Lab9_C.c,60 :: 		CCPTMRS1 = 0b00001000;
0x0450	0x0E08      	MOVLW       8
0x0452	0x6F48      	MOVWF       CCPTMRS1, 1
;Lab9_C.c,63 :: 		PR2=255;
0x0454	0x0EFF      	MOVLW       255
0x0456	0x6EBB      	MOVWF       PR2 
;Lab9_C.c,66 :: 		CCP5CON = 0b00001100;
0x0458	0x0E0C      	MOVLW       12
0x045A	0x6F54      	MOVWF       CCP5CON, 1
;Lab9_C.c,69 :: 		T6CON = 0b00000111;
0x045C	0x0E07      	MOVLW       7
0x045E	0x6F4A      	MOVWF       T6CON, 1
;Lab9_C.c,72 :: 		CCPR5L = 0;
0x0460	0x6B55      	CLRF        CCPR5L, 1
;Lab9_C.c,75 :: 		TRISE.RE2 = 0;
0x0462	0x9496      	BCF         TRISE, 2 
;Lab9_C.c,78 :: 		ADCON0.CHS0 = 0;
0x0464	0x94C2      	BCF         ADCON0, 2 
;Lab9_C.c,79 :: 		ADCON0.CHS1 = 0;
0x0466	0x96C2      	BCF         ADCON0, 3 
;Lab9_C.c,80 :: 		ADCON0.CHS2 = 0;
0x0468	0x98C2      	BCF         ADCON0, 4 
;Lab9_C.c,81 :: 		ADCON0.CHS3 = 0;
0x046A	0x9AC2      	BCF         ADCON0, 5 
;Lab9_C.c,82 :: 		ADCON0.CHS4 = 0;
0x046C	0x9CC2      	BCF         ADCON0, 6 
;Lab9_C.c,85 :: 		ADCON2.ADCS0 = 1;
0x046E	0x80C0      	BSF         ADCON2, 0 
;Lab9_C.c,86 :: 		ADCON2.ADCS1 = 0;
0x0470	0x92C0      	BCF         ADCON2, 1 
;Lab9_C.c,87 :: 		ADCON2.ADCS2 = 1;
0x0472	0x84C0      	BSF         ADCON2, 2 
;Lab9_C.c,90 :: 		ADCON2.ACQT0 = 0;
0x0474	0x96C0      	BCF         ADCON2, 3 
;Lab9_C.c,91 :: 		ADCON2.ACQT1 = 0;
0x0476	0x98C0      	BCF         ADCON2, 4 
;Lab9_C.c,92 :: 		ADCON2.ACQT2 = 1;
0x0478	0x8AC0      	BSF         ADCON2, 5 
;Lab9_C.c,94 :: 		ADCON2.ADFM = 0;
0x047A	0x9EC0      	BCF         ADCON2, 7 
;Lab9_C.c,97 :: 		ADCON0.ADON = 1;
0x047C	0x80C2      	BSF         ADCON0, 0 
;Lab9_C.c,100 :: 		PIE1.ADIE = 1;
0x047E	0x8C9D      	BSF         PIE1, 6 
;Lab9_C.c,101 :: 		PIR1.ADIF = 0;
0x0480	0x9C9E      	BCF         PIR1, 6 
;Lab9_C.c,103 :: 		INTCON.PEIE = 1;
0x0482	0x8CF2      	BSF         INTCON, 6 
;Lab9_C.c,105 :: 		INTCON.GIE = 1;
0x0484	0x8EF2      	BSF         INTCON, 7 
;Lab9_C.c,108 :: 		Lcd_Init();		// Init the display library (This will set also the PORTB Configuration)
0x0486	0xDEA7      	RCALL       _Lcd_Init
;Lab9_C.c,109 :: 		Lcd_Cmd(_LCD_CLEAR);    	// Clear display
0x0488	0x0E01      	MOVLW       1
0x048A	0x6E52      	MOVWF       FARG_Lcd_Cmd_out_char 
0x048C	0xDE18      	RCALL       _Lcd_Cmd
;Lab9_C.c,110 :: 		Lcd_Cmd(_LCD_CURSOR_OFF);   // Cursor OFF
0x048E	0x0E0C      	MOVLW       12
0x0490	0x6E52      	MOVWF       FARG_Lcd_Cmd_out_char 
0x0492	0xDE15      	RCALL       _Lcd_Cmd
;Lab9_C.c,111 :: 		Lcd_Out(1,1,"conteggio:");
0x0494	0x0E01      	MOVLW       1
0x0496	0x6E41      	MOVWF       FARG_Lcd_Out_row 
0x0498	0x0E01      	MOVLW       1
0x049A	0x6E42      	MOVWF       FARG_Lcd_Out_column 
0x049C	0x0E17      	MOVLW       ?lstr1_Lab9_C
0x049E	0x6E43      	MOVWF       FARG_Lcd_Out_text 
0x04A0	0x0E00      	MOVLW       hi_addr(?lstr1_Lab9_C)
0x04A2	0x6E44      	MOVWF       FARG_Lcd_Out_text+1 
0x04A4	0xDEEB      	RCALL       _Lcd_Out
;Lab9_C.c,112 :: 		Lcd_Out(2,1,"tensione:");
0x04A6	0x0E02      	MOVLW       2
0x04A8	0x6E41      	MOVWF       FARG_Lcd_Out_row 
0x04AA	0x0E01      	MOVLW       1
0x04AC	0x6E42      	MOVWF       FARG_Lcd_Out_column 
0x04AE	0x0E22      	MOVLW       ?lstr2_Lab9_C
0x04B0	0x6E43      	MOVWF       FARG_Lcd_Out_text 
0x04B2	0x0E00      	MOVLW       hi_addr(?lstr2_Lab9_C)
0x04B4	0x6E44      	MOVWF       FARG_Lcd_Out_text+1 
0x04B6	0xDEE2      	RCALL       _Lcd_Out
;Lab9_C.c,114 :: 		ADCON0.GO_NOT_DONE = 1;
0x04B8	0x82C2      	BSF         ADCON0, 1 
;Lab9_C.c,116 :: 		while(1){
L_main15:
;Lab9_C.c,119 :: 		if((PORTA & ~stato_pb) & 0b00001000){
0x04BA	0x1C40      	COMF        main_stato_pb_L0, 0 
0x04BC	0x6E00      	MOVWF       R0 
0x04BE	0x5000      	MOVF        R0, 0 
0x04C0	0x1480      	ANDWF       PORTA, 0 
0x04C2	0x6E01      	MOVWF       R1 
0x04C4	0xA601      	BTFSS       R1, 3 
0x04C6	0xD014      	BRA         L_main17
;Lab9_C.c,120 :: 		conteggio++;
0x04C8	0x2A31      	INCF        main_conteggio_L0, 1 
;Lab9_C.c,121 :: 		stato_pb = stato_pb | 0b00001000;
0x04CA	0x8640      	BSF         main_stato_pb_L0, 3 
;Lab9_C.c,122 :: 		IntToStr(conteggio,conteggio_txt);
0x04CC	0xF041C031  	MOVFF       main_conteggio_L0, FARG_IntToStr_input
0x04D0	0x0E00      	MOVLW       0
0x04D2	0x6E42      	MOVWF       FARG_IntToStr_input+1 
0x04D4	0x0E32      	MOVLW       main_conteggio_txt_L0
0x04D6	0x6E43      	MOVWF       FARG_IntToStr_output 
0x04D8	0x0E00      	MOVLW       hi_addr(main_conteggio_txt_L0)
0x04DA	0x6E44      	MOVWF       FARG_IntToStr_output+1 
0x04DC	0xDF34      	RCALL       _IntToStr
;Lab9_C.c,123 :: 		Lcd_Out(1,11,conteggio_txt);
0x04DE	0x0E01      	MOVLW       1
0x04E0	0x6E41      	MOVWF       FARG_Lcd_Out_row 
0x04E2	0x0E0B      	MOVLW       11
0x04E4	0x6E42      	MOVWF       FARG_Lcd_Out_column 
0x04E6	0x0E32      	MOVLW       main_conteggio_txt_L0
0x04E8	0x6E43      	MOVWF       FARG_Lcd_Out_text 
0x04EA	0x0E00      	MOVLW       hi_addr(main_conteggio_txt_L0)
0x04EC	0x6E44      	MOVWF       FARG_Lcd_Out_text+1 
0x04EE	0xDEC6      	RCALL       _Lcd_Out
;Lab9_C.c,124 :: 		}
L_main17:
;Lab9_C.c,127 :: 		if((PORTA & ~stato_pb) & 0b00000010){
0x04F0	0x1C40      	COMF        main_stato_pb_L0, 0 
0x04F2	0x6E00      	MOVWF       R0 
0x04F4	0x5000      	MOVF        R0, 0 
0x04F6	0x1480      	ANDWF       PORTA, 0 
0x04F8	0x6E01      	MOVWF       R1 
0x04FA	0xA201      	BTFSS       R1, 1 
0x04FC	0xD014      	BRA         L_main18
;Lab9_C.c,128 :: 		conteggio--;
0x04FE	0x0631      	DECF        main_conteggio_L0, 1 
;Lab9_C.c,129 :: 		stato_pb = stato_pb | 0b00000010;
0x0500	0x8240      	BSF         main_stato_pb_L0, 1 
;Lab9_C.c,130 :: 		IntToStr(conteggio,conteggio_txt);
0x0502	0xF041C031  	MOVFF       main_conteggio_L0, FARG_IntToStr_input
0x0506	0x0E00      	MOVLW       0
0x0508	0x6E42      	MOVWF       FARG_IntToStr_input+1 
0x050A	0x0E32      	MOVLW       main_conteggio_txt_L0
0x050C	0x6E43      	MOVWF       FARG_IntToStr_output 
0x050E	0x0E00      	MOVLW       hi_addr(main_conteggio_txt_L0)
0x0510	0x6E44      	MOVWF       FARG_IntToStr_output+1 
0x0512	0xDF19      	RCALL       _IntToStr
;Lab9_C.c,131 :: 		Lcd_Out(1,11,conteggio_txt);
0x0514	0x0E01      	MOVLW       1
0x0516	0x6E41      	MOVWF       FARG_Lcd_Out_row 
0x0518	0x0E0B      	MOVLW       11
0x051A	0x6E42      	MOVWF       FARG_Lcd_Out_column 
0x051C	0x0E32      	MOVLW       main_conteggio_txt_L0
0x051E	0x6E43      	MOVWF       FARG_Lcd_Out_text 
0x0520	0x0E00      	MOVLW       hi_addr(main_conteggio_txt_L0)
0x0522	0x6E44      	MOVWF       FARG_Lcd_Out_text+1 
0x0524	0xDEAB      	RCALL       _Lcd_Out
;Lab9_C.c,132 :: 		}
L_main18:
;Lab9_C.c,135 :: 		if((PORTA & ~stato_pb) & 0b00000100){
0x0526	0x1C40      	COMF        main_stato_pb_L0, 0 
0x0528	0x6E00      	MOVWF       R0 
0x052A	0x5000      	MOVF        R0, 0 
0x052C	0x1480      	ANDWF       PORTA, 0 
0x052E	0x6E01      	MOVWF       R1 
0x0530	0xA401      	BTFSS       R1, 2 
0x0532	0xD012      	BRA         L_main19
;Lab9_C.c,136 :: 		conteggio = 0;
0x0534	0x6A31      	CLRF        main_conteggio_L0 
;Lab9_C.c,137 :: 		stato_pb = stato_pb | 0b00000100;
0x0536	0x8440      	BSF         main_stato_pb_L0, 2 
;Lab9_C.c,138 :: 		IntToStr(conteggio,conteggio_txt);
0x0538	0x6A41      	CLRF        FARG_IntToStr_input 
0x053A	0x6A42      	CLRF        FARG_IntToStr_input+1 
0x053C	0x0E32      	MOVLW       main_conteggio_txt_L0
0x053E	0x6E43      	MOVWF       FARG_IntToStr_output 
0x0540	0x0E00      	MOVLW       hi_addr(main_conteggio_txt_L0)
0x0542	0x6E44      	MOVWF       FARG_IntToStr_output+1 
0x0544	0xDF00      	RCALL       _IntToStr
;Lab9_C.c,139 :: 		Lcd_Out(1,11,conteggio_txt);
0x0546	0x0E01      	MOVLW       1
0x0548	0x6E41      	MOVWF       FARG_Lcd_Out_row 
0x054A	0x0E0B      	MOVLW       11
0x054C	0x6E42      	MOVWF       FARG_Lcd_Out_column 
0x054E	0x0E32      	MOVLW       main_conteggio_txt_L0
0x0550	0x6E43      	MOVWF       FARG_Lcd_Out_text 
0x0552	0x0E00      	MOVLW       hi_addr(main_conteggio_txt_L0)
0x0554	0x6E44      	MOVWF       FARG_Lcd_Out_text+1 
0x0556	0xDE92      	RCALL       _Lcd_Out
;Lab9_C.c,140 :: 		}
L_main19:
;Lab9_C.c,141 :: 		stato_pb = PORTA & stato_pb;
0x0558	0x5080      	MOVF        PORTA, 0 
0x055A	0x1640      	ANDWF       main_stato_pb_L0, 1 
;Lab9_C.c,143 :: 		if(adc_flag){
0x055C	0x522C      	MOVF        _adc_flag, 1 
0x055E	0xE023      	BZ          L_main20
;Lab9_C.c,144 :: 		adc_flag = 0;
0x0560	0x6A2C      	CLRF        _adc_flag 
;Lab9_C.c,145 :: 		IntToStr(adc_tensione*5,adc_txt);
0x0562	0xF000C02D  	MOVFF       _adc_tensione, R0
0x0566	0xF001C02E  	MOVFF       _adc_tensione+1, R1
0x056A	0x0E05      	MOVLW       5
0x056C	0x6E04      	MOVWF       R4 
0x056E	0x0E00      	MOVLW       0
0x0570	0x6E05      	MOVWF       R5 
0x0572	0xDEC1      	RCALL       _Mul_16X16_U
0x0574	0xF041C000  	MOVFF       R0, FARG_IntToStr_input
0x0578	0xF042C001  	MOVFF       R1, FARG_IntToStr_input+1
0x057C	0x0E39      	MOVLW       main_adc_txt_L0
0x057E	0x6E43      	MOVWF       FARG_IntToStr_output 
0x0580	0x0E00      	MOVLW       hi_addr(main_adc_txt_L0)
0x0582	0x6E44      	MOVWF       FARG_IntToStr_output+1 
0x0584	0xDEE0      	RCALL       _IntToStr
;Lab9_C.c,146 :: 		Lcd_Out(2,11,adc_txt);
0x0586	0x0E02      	MOVLW       2
0x0588	0x6E41      	MOVWF       FARG_Lcd_Out_row 
0x058A	0x0E0B      	MOVLW       11
0x058C	0x6E42      	MOVWF       FARG_Lcd_Out_column 
0x058E	0x0E39      	MOVLW       main_adc_txt_L0
0x0590	0x6E43      	MOVWF       FARG_Lcd_Out_text 
0x0592	0x0E00      	MOVLW       hi_addr(main_adc_txt_L0)
0x0594	0x6E44      	MOVWF       FARG_Lcd_Out_text+1 
0x0596	0xDE72      	RCALL       _Lcd_Out
;Lab9_C.c,148 :: 		CCPR5L = adc_sonar;
0x0598	0xFF55C02F  	MOVFF       _adc_sonar, CCPR5L
;Lab9_C.c,150 :: 		ADCON0.CHS0 = ~ADCON0.CHS0;
0x059C	0x74C2      	BTG         ADCON0, 2 
;Lab9_C.c,151 :: 		ADCON0.CHS1 = ~ADCON0.CHS1;
0x059E	0x76C2      	BTG         ADCON0, 3 
;Lab9_C.c,152 :: 		ADCON0.CHS2 = ~ADCON0.CHS2;
0x05A0	0x78C2      	BTG         ADCON0, 4 
;Lab9_C.c,153 :: 		ADCON0.CHS3 = ~ADCON0.CHS3;
0x05A2	0x7AC2      	BTG         ADCON0, 5 
;Lab9_C.c,155 :: 		ADCON0.GO_NOT_DONE = 1;
0x05A4	0x82C2      	BSF         ADCON0, 1 
;Lab9_C.c,156 :: 		}
L_main20:
;Lab9_C.c,160 :: 		}
0x05A6	0xD789      	BRA         L_main15
;Lab9_C.c,162 :: 		}
L_end_main:
0x05A8	0xD7FF      	BRA         $+0
; end of _main
0x05D0	0xF017EE10  	LFSR        1, 23
0x05D4	0x0E16      	MOVLW       22
0x05D6	0x6E00      	MOVWF       R0 
0x05D8	0x0E01      	MOVLW       1
0x05DA	0x6E01      	MOVWF       R1 
0x05DC	0x0EAA      	MOVLW       170
0x05DE	0x6EF6      	MOVWF       4086 
0x05E0	0x0E05      	MOVLW       5
0x05E2	0x6EF7      	MOVWF       TBLPTRH 
0x05E4	0x0E00      	MOVLW       0
0x05E6	0x6EF8      	MOVWF       TBLPTRU 
0x05E8	0xF001EC36  	CALL        620, 0
0x05EC	0x0012      	RETURN      0
;Lab9_C.c,0 :: ?ICS?lstr1_Lab9_C
0x05AA	0x6F63 ;?ICS?lstr1_Lab9_C+0
0x05AC	0x746E ;?ICS?lstr1_Lab9_C+2
0x05AE	0x6765 ;?ICS?lstr1_Lab9_C+4
0x05B0	0x6967 ;?ICS?lstr1_Lab9_C+6
0x05B2	0x3A6F ;?ICS?lstr1_Lab9_C+8
0x05B4	0x00 ;?ICS?lstr1_Lab9_C+10
; end of ?ICS?lstr1_Lab9_C
;Lab9_C.c,0 :: ?ICS?lstr2_Lab9_C
0x05B5	0x6574 ;?ICS?lstr2_Lab9_C+0
0x05B7	0x736E ;?ICS?lstr2_Lab9_C+2
0x05B9	0x6F69 ;?ICS?lstr2_Lab9_C+4
0x05BB	0x656E ;?ICS?lstr2_Lab9_C+6
0x05BD	0x003A ;?ICS?lstr2_Lab9_C+8
; end of ?ICS?lstr2_Lab9_C
;Lab9_C.c,0 :: ?ICS_adc_flag
0x05BF	0x00 ;?ICS_adc_flag+0
; end of ?ICS_adc_flag
;Lab9_C.c,0 :: ?ICSmain_conteggio_L0
0x05C0	0x00 ;?ICSmain_conteggio_L0+0
; end of ?ICSmain_conteggio_L0
;Lab9_C.c,0 :: ?ICSmain_conteggio_txt_L0
0x05C1	0x0000 ;?ICSmain_conteggio_txt_L0+0
0x05C3	0x0000 ;?ICSmain_conteggio_txt_L0+2
0x05C5	0x0000 ;?ICSmain_conteggio_txt_L0+4
0x05C7	0x00 ;?ICSmain_conteggio_txt_L0+6
; end of ?ICSmain_conteggio_txt_L0
;Lab9_C.c,0 :: ?ICSmain_adc_txt_L0
0x05C8	0x0000 ;?ICSmain_adc_txt_L0+0
0x05CA	0x0000 ;?ICSmain_adc_txt_L0+2
0x05CC	0x0000 ;?ICSmain_adc_txt_L0+4
0x05CE	0x00 ;?ICSmain_adc_txt_L0+6
; end of ?ICSmain_adc_txt_L0
Symbol List:
//** Routines locations **
//ADDRESS    SIZE    PROCEDURE
//----------------------------------------------
0x0008      [90]    _interrupt
0x0062      [10]    _Delay_50us
0x006C      [22]    _Delay_5500us
0x0082       [6]    _Delay_1us
0x0088      [54]    _Div_16X16_U
0x00BE     [124]    _Lcd_Cmd
0x013A     [144]    _WordToStr
0x01CA      [12]    _Lcd_Chr_CP
0x01D6     [150]    _Lcd_Init
0x026C      [16]    ___CC2DW
0x027C     [122]    _Lcd_Out
0x02F6      [80]    _Mul_16X16_U
0x0346     [216]    _IntToStr
0x041E     [396]    _main
//** Variables locations ** 
//ADDRESS    SIZE    VARIABLE
//----------------------------------------------
0x0000       [1]    R0
0x0001       [1]    R1
0x0002       [2]    memcpy_dd_L0
0x0002       [2]    strlen_cp_L0
0x0002       [2]    memchr_s_L0
0x0002       [1]    R2
0x0002       [2]    memset_pp_L0
0x0003       [2]    memmove_tt_L0
0x0003       [1]    R3
0x0003       [2]    Ltrim_original_L0
0x0004       [1]    R4
0x0004       [2]    strcpy_cp_L0
0x0004       [2]    memcpy_ss_L0
0x0004       [2]    strcat_cp_L0
0x0004       [2]    strncpy_cp_L0
0x0004       [2]    strncat_cp_L0
0x0005       [1]    R5
0x0005       [2]    LongWordToHex_input_half_L0
0x0005       [2]    memmove_ff_L0
0x0005       [2]    LongIntToHex_input_half_L0
0x0005       [2]    Ltrim_p_L0
0x0006       [1]    R6
0x0007       [1]    R7
0x0008       [1]    R8
0x0009       [1]    R9
0x000A       [1]    R10
0x000B       [1]    R11
0x000C       [1]    R12
0x000D       [1]    R13
0x000E       [1]    R14
0x000F       [1]    R15
0x0010       [1]    R16
0x0011       [1]    R17
0x0012       [1]    R18
0x0013       [1]    R19
0x0014       [1]    R20
0x0017      [11]    ?lstr1_Lab9_C
0x0022      [10]    ?lstr2_Lab9_C
0x002C       [1]    _adc_flag
0x002D       [2]    _adc_tensione
0x002F       [1]    _adc_sonar
0x0030       [0]    __Lib_Lcd_cmd_status
0x0031       [1]    main_conteggio_L0
0x0032       [7]    main_conteggio_txt_L0
0x0039       [7]    main_adc_txt_L0
0x0040       [1]    main_stato_pb_L0
0x0041       [2]    FARG_IntToStr_input
0x0041       [1]    FARG_Lcd_Out_row
0x0042       [1]    FARG_Lcd_Out_column
0x0043       [2]    FARG_Lcd_Out_text
0x0043       [2]    FARG_IntToStr_output
0x0045       [1]    Lcd_Out_i_L0
0x0045       [2]    IntToStr_i_L0
0x0047       [2]    IntToStr_negative_L0
0x0049       [2]    IntToStr_inword_L0
0x004B       [1]    FARG_Lcd_Chr_CP_out_char
0x004B       [2]    FARG_WordToStr_input
0x004D       [2]    FARG_WordToStr_output
0x004F       [1]    WordToStr_len_L0
0x0050       [2]    FLOC__WordToStr
0x0052       [1]    FARG_Lcd_Cmd_out_char
0x0F38       [1]    ANSELA
0x0F48       [1]    CCPTMRS1
0x0F4A       [1]    T6CON
0x0F54       [1]    CCP5CON
0x0F55       [1]    CCPR5L
0x0F80       [1]    PORTA
0x0F8A       [0]    LATB2_bit
0x0F8A       [0]    LATB3_bit
0x0F8A       [0]    LATB4_bit
0x0F8A       [0]    LATB5_bit
0x0F8A       [0]    LATB0_bit
0x0F8A       [0]    LCD_RS
0x0F8A       [0]    LCD_EN
0x0F8A       [0]    LATB1_bit
0x0F8A       [0]    LCD_D4
0x0F8A       [0]    LCD_D6
0x0F8A       [0]    LCD_D7
0x0F8A       [0]    LCD_D5
0x0F8C       [1]    LATD
0x0F92       [1]    TRISA
0x0F93       [0]    LCD_EN_Direction
0x0F93       [0]    LCD_D4_Direction
0x0F93       [0]    TRISB0_bit
0x0F93       [0]    LCD_RS_Direction
0x0F93       [0]    LCD_D7_Direction
0x0F93       [0]    LCD_D6_Direction
0x0F93       [0]    LCD_D5_Direction
0x0F93       [0]    TRISB5_bit
0x0F93       [0]    TRISB4_bit
0x0F93       [0]    TRISB1_bit
0x0F93       [0]    TRISB2_bit
0x0F93       [0]    TRISB3_bit
0x0F95       [1]    TRISD
0x0F96       [1]    TRISE
0x0F9D       [1]    PIE1
0x0F9E       [1]    PIR1
0x0FBB       [1]    PR2
0x0FC0       [1]    ADCON2
0x0FC2       [1]    ADCON0
0x0FC3       [1]    ADRESL
0x0FC4       [1]    ADRESH
0x0FD8       [1]    STATUS
0x0FD9       [1]    FSR2L
0x0FDA       [1]    FSR2H
0x0FDE       [1]    POSTINC2
0x0FE0       [1]    BSR
0x0FE1       [1]    FSR1L
0x0FE2       [1]    FSR1H
0x0FE4       [1]    PREINC1
0x0FE6       [1]    POSTINC1
0x0FE7       [1]    INDF1
0x0FE8       [1]    WREG
0x0FE9       [1]    FSR0L
0x0FEA       [1]    FSR0H
0x0FEE       [1]    POSTINC0
0x0FF2       [1]    INTCON
0x0FF3       [1]    PRODL
0x0FF4       [1]    PRODH
0x0FF5       [1]    TABLAT
0x0FF6       [1]    TBLPTRL
0x0FF7       [1]    TBLPTRH
0x0FF8       [1]    TBLPTRU
//** Constants locations ** 
//ADDRESS    SIZE    CONSTANT
//----------------------------------------------
0x05AA      [11]    ?ICS?lstr1_Lab9_C
0x05B5      [10]    ?ICS?lstr2_Lab9_C
0x05BF       [1]    ?ICS_adc_flag
0x05C0       [1]    ?ICSmain_conteggio_L0
0x05C1       [7]    ?ICSmain_conteggio_txt_L0
0x05C8       [7]    ?ICSmain_adc_txt_L0
