;  LST file generated by mikroListExporter - v.2.0 
; Date/Time: 11-May-22 16:04:14
;----------------------------------------------

;Address Opcode 	ASM
0x0000	0xF000EF0E  	GOTO        28
0x0004	0x0000      	NOP
0x0006	0x0000      	NOP
0x0008	0xF000EF00  	GOTO        0
0x000C	0x0000      	NOP
0x000E	0x0000      	NOP
0x0010	0x0000      	NOP
0x0012	0x0000      	NOP
0x0014	0x0000      	NOP
0x0016	0x0000      	NOP
0x0018	0xD7F3      	BRA         0
_main:
;Lab6_1.c,7 :: 		void main() {
;Lab6_1.c,9 :: 		TRISE.RE2 = 0;
0x001C	0x9496      	BCF         TRISE, 2 
;Lab6_1.c,10 :: 		TRISD = 0b00000000;
0x001E	0x6A95      	CLRF        TRISD 
;Lab6_1.c,13 :: 		CCPTMRS1.C5TSEL1 = 0;
0x0020	0x010F      	MOVLB       15
0x0022	0x9748      	BCF         CCPTMRS1, 3, 1
;Lab6_1.c,14 :: 		CCPTMRS1.C5TSEL0 = 0;
0x0024	0x9548      	BCF         CCPTMRS1, 2, 1
;Lab6_1.c,17 :: 		PR2=255;
0x0026	0x0EFF      	MOVLW       255
0x0028	0x6EBB      	MOVWF       PR2 
;Lab6_1.c,20 :: 		CCP5CON = 0b00001100;
0x002A	0x0E0C      	MOVLW       12
0x002C	0x6F54      	MOVWF       CCP5CON, 1
;Lab6_1.c,23 :: 		T2CON = 0b00000111;
0x002E	0x0E07      	MOVLW       7
0x0030	0x6EBA      	MOVWF       T2CON 
;Lab6_1.c,26 :: 		CCPR5L = 0;
0x0032	0x6B55      	CLRF        CCPR5L, 1
;Lab6_1.c,28 :: 		while(1){
L_main0:
;Lab6_1.c,29 :: 		CCPR5L++;
0x0034	0x5155      	MOVF        CCPR5L, 0, 1
0x0036	0x0F01      	ADDLW       1
0x0038	0x6E00      	MOVWF       R0 
0x003A	0xFF55C000  	MOVFF       R0, CCPR5L
;Lab6_1.c,30 :: 		LATD = CCPR5L;
0x003E	0xFF8CCF55  	MOVFF       CCPR5L, LATD
;Lab6_1.c,31 :: 		Delay_ms(10);
0x0042	0x0E1A      	MOVLW       26
0x0044	0x6E0C      	MOVWF       R12, 0
0x0046	0x0EF8      	MOVLW       248
0x0048	0x6E0D      	MOVWF       R13, 0
L_main2:
0x004A	0x2E0D      	DECFSZ      R13, 1, 0
0x004C	0xD7FE      	BRA         L_main2
0x004E	0x2E0C      	DECFSZ      R12, 1, 0
0x0050	0xD7FC      	BRA         L_main2
0x0052	0x0000      	NOP
;Lab6_1.c,32 :: 		}
0x0054	0xD7EF      	BRA         L_main0
;Lab6_1.c,34 :: 		}
L_end_main:
0x0056	0xD7FF      	BRA         $+0
; end of _main
Symbol List:
//** Routines locations **
//ADDRESS    SIZE    PROCEDURE
//----------------------------------------------
0x001C      [60]    _main
//** Variables locations ** 
//ADDRESS    SIZE    VARIABLE
//----------------------------------------------
0x0000       [1]    R0
0x0001       [1]    R1
0x0002       [1]    R2
0x0003       [1]    R3
0x0004       [1]    R4
0x0005       [1]    R5
0x0006       [1]    R6
0x0007       [1]    R7
0x0008       [1]    R8
0x0009       [1]    R9
0x000A       [1]    R10
0x000B       [1]    R11
0x000C       [1]    R12
0x000D       [1]    R13
0x000E       [1]    R14
0x000F       [1]    R15
0x0010       [1]    R16
0x0011       [1]    R17
0x0012       [1]    R18
0x0013       [1]    R19
0x0014       [1]    R20
0x0F48       [1]    CCPTMRS1
0x0F54       [1]    CCP5CON
0x0F55       [1]    CCPR5L
0x0F8C       [1]    LATD
0x0F95       [1]    TRISD
0x0F96       [1]    TRISE
0x0FBA       [1]    T2CON
0x0FBB       [1]    PR2
0x0FD8       [1]    STATUS
0x0FD9       [1]    FSR2L
0x0FDA       [1]    FSR2H
0x0FDE       [1]    POSTINC2
0x0FE0       [1]    BSR
0x0FE1       [1]    FSR1L
0x0FE2       [1]    FSR1H
0x0FE4       [1]    PREINC1
0x0FE6       [1]    POSTINC1
0x0FE7       [1]    INDF1
0x0FE8       [1]    WREG
0x0FE9       [1]    FSR0L
0x0FEA       [1]    FSR0H
0x0FEE       [1]    POSTINC0
0x0FF3       [1]    PRODL
0x0FF4       [1]    PRODH
0x0FF5       [1]    TABLAT
0x0FF6       [1]    TBLPTRL
0x0FF7       [1]    TBLPTRH
0x0FF8       [1]    TBLPTRU
