;  LST file generated by mikroListExporter - v.2.0 
; Date/Time: 11-Apr-22 19:20:02
;----------------------------------------------

;Address Opcode 	ASM
0x0000	0xF002EF1C  	GOTO        1080
_interrupt:
;Lab4_es2.c,98 :: 		void interrupt(){
0x0008	0xF017C000  	MOVFF       R0, 23
0x000C	0xF016C001  	MOVFF       R1, 22
0x0010	0xF015C002  	MOVFF       R2, 21
;Lab4_es2.c,100 :: 		if (PORTA.RA3 && delay_kitt<1000)
0x0014	0xA680      	BTFSS       PORTA, 3 
0x0016	0xD00F      	BRA         L_interrupt20
0x0018	0x0E80      	MOVLW       128
0x001A	0x1819      	XORWF       _delay_kitt+1, 0 
0x001C	0x6E00      	MOVWF       R0 
0x001E	0x0E80      	MOVLW       128
0x0020	0x0A03      	XORLW       3
0x0022	0x5C00      	SUBWF       R0, 0 
0x0024	0xE102      	BNZ         L__interrupt44
0x0026	0x0EE8      	MOVLW       232
0x0028	0x5C18      	SUBWF       _delay_kitt, 0 
L__interrupt44:
0x002A	0xE205      	BC          L_interrupt20
L__interrupt36:
;Lab4_es2.c,101 :: 		delay_kitt +=50;
0x002C	0x0E32      	MOVLW       50
0x002E	0x2618      	ADDWF       _delay_kitt, 1 
0x0030	0x0E00      	MOVLW       0
0x0032	0x2219      	ADDWFC      _delay_kitt+1, 1 
0x0034	0xD00F      	BRA         L_interrupt21
L_interrupt20:
;Lab4_es2.c,102 :: 		else if (PORTA.RA4 && delay_kitt>100)
0x0036	0xA880      	BTFSS       PORTA, 4 
0x0038	0xD00D      	BRA         L_interrupt24
0x003A	0x0E80      	MOVLW       128
0x003C	0x6E00      	MOVWF       R0 
0x003E	0x0E80      	MOVLW       128
0x0040	0x1819      	XORWF       _delay_kitt+1, 0 
0x0042	0x5C00      	SUBWF       R0, 0 
0x0044	0xE102      	BNZ         L__interrupt45
0x0046	0x5018      	MOVF        _delay_kitt, 0 
0x0048	0x0864      	SUBLW       100
L__interrupt45:
0x004A	0xE204      	BC          L_interrupt24
L__interrupt35:
;Lab4_es2.c,103 :: 		delay_kitt -=50;
0x004C	0x0E32      	MOVLW       50
0x004E	0x5E18      	SUBWF       _delay_kitt, 1 
0x0050	0x0E00      	MOVLW       0
0x0052	0x5A19      	SUBWFB      _delay_kitt+1, 1 
L_interrupt24:
L_interrupt21:
;Lab4_es2.c,105 :: 		if (PORTA.RA2){ //precedenza al reset
0x0054	0xA480      	BTFSS       PORTA, 2 
0x0056	0xD004      	BRA         L_interrupt25
;Lab4_es2.c,106 :: 		stop = 0;
0x0058	0x6A20      	CLRF        _stop 
;Lab4_es2.c,107 :: 		reset = 1;}
0x005A	0x0E01      	MOVLW       1
0x005C	0x6E21      	MOVWF       _reset 
0x005E	0xD00A      	BRA         L_interrupt26
L_interrupt25:
;Lab4_es2.c,108 :: 		else if (PORTA.RA1){ //poi stop
0x0060	0xA280      	BTFSS       PORTA, 1 
0x0062	0xD004      	BRA         L_interrupt27
;Lab4_es2.c,109 :: 		stop = 1;
0x0064	0x0E01      	MOVLW       1
0x0066	0x6E20      	MOVWF       _stop 
;Lab4_es2.c,110 :: 		reset = 0;}
0x0068	0x6A21      	CLRF        _reset 
0x006A	0xD004      	BRA         L_interrupt28
L_interrupt27:
;Lab4_es2.c,111 :: 		else if (PORTA.RA0){ //infine start
0x006C	0xA080      	BTFSS       PORTA, 0 
0x006E	0xD002      	BRA         L_interrupt29
;Lab4_es2.c,112 :: 		stop = 0;
0x0070	0x6A20      	CLRF        _stop 
;Lab4_es2.c,113 :: 		reset = 0;}
0x0072	0x6A21      	CLRF        _reset 
L_interrupt29:
L_interrupt28:
L_interrupt26:
;Lab4_es2.c,116 :: 		if(INTCON.TMR0IF){
0x0074	0xA4F2      	BTFSS       INTCON, 2 
0x0076	0xD023      	BRA         L_interrupt30
;Lab4_es2.c,117 :: 		INTCON.TMR0IF = 0;
0x0078	0x94F2      	BCF         INTCON, 2 
;Lab4_es2.c,118 :: 		delay_ms_1 +=32;
0x007A	0x0E20      	MOVLW       32
0x007C	0x261A      	ADDWF       _delay_ms_1, 1 
0x007E	0x0E00      	MOVLW       0
0x0080	0x221B      	ADDWFC      _delay_ms_1+1, 1 
;Lab4_es2.c,119 :: 		delay_ms_2 +=32;
0x0082	0x0E20      	MOVLW       32
0x0084	0x261E      	ADDWF       _delay_ms_2, 1 
0x0086	0x0E00      	MOVLW       0
0x0088	0x221F      	ADDWFC      _delay_ms_2+1, 1 
;Lab4_es2.c,120 :: 		delay_us +=768;
0x008A	0x0E00      	MOVLW       0
0x008C	0x241C      	ADDWF       _delay_us, 0 
0x008E	0x6E01      	MOVWF       R1 
0x0090	0x0E03      	MOVLW       3
0x0092	0x201D      	ADDWFC      _delay_us+1, 0 
0x0094	0x6E02      	MOVWF       R2 
0x0096	0xF01CC001  	MOVFF       R1, _delay_us
0x009A	0xF01DC002  	MOVFF       R2, _delay_us+1
;Lab4_es2.c,121 :: 		if (delay_us >= 1000)
0x009E	0x0E80      	MOVLW       128
0x00A0	0x1802      	XORWF       R2, 0 
0x00A2	0x6E00      	MOVWF       R0 
0x00A4	0x0E80      	MOVLW       128
0x00A6	0x0A03      	XORLW       3
0x00A8	0x5C00      	SUBWF       R0, 0 
0x00AA	0xE102      	BNZ         L__interrupt46
0x00AC	0x0EE8      	MOVLW       232
0x00AE	0x5C01      	SUBWF       R1, 0 
L__interrupt46:
0x00B0	0xE306      	BNC         L_interrupt31
;Lab4_es2.c,123 :: 		delay_ms_1 +=1;
0x00B2	0x4A1A      	INFSNZ      _delay_ms_1, 1 
0x00B4	0x2A1B      	INCF        _delay_ms_1+1, 1 
;Lab4_es2.c,124 :: 		delay_ms_2 +=1;
0x00B6	0x4A1E      	INFSNZ      _delay_ms_2, 1 
0x00B8	0x2A1F      	INCF        _delay_ms_2+1, 1 
;Lab4_es2.c,125 :: 		delay_us = 0;
0x00BA	0x6A1C      	CLRF        _delay_us 
0x00BC	0x6A1D      	CLRF        _delay_us+1 
;Lab4_es2.c,126 :: 		}
L_interrupt31:
;Lab4_es2.c,127 :: 		}
L_interrupt30:
;Lab4_es2.c,129 :: 		}
L_end_interrupt:
L__interrupt43:
0x00BE	0xF000C017  	MOVFF       23, R0
0x00C2	0xF001C016  	MOVFF       22, R1
0x00C6	0xF002C015  	MOVFF       21, R2
0x00CA	0x0011      	RETFIE      1
; end of _interrupt
_Delay_1us:
;__Lib_Delays.c,7 :: 		void Delay_1us() {
;__Lib_Delays.c,8 :: 		Delay_us(1);
0x00CC	0x0000      	NOP
0x00CE	0x0000      	NOP
;__Lib_Delays.c,9 :: 		}
L_end_Delay_1us:
0x00D0	0x0012      	RETURN      0
; end of _Delay_1us
_Delay_5500us:
;__Lib_Delays.c,31 :: 		void Delay_5500us() {
;__Lib_Delays.c,32 :: 		Delay_us(5500);
0x00D2	0x0E0F      	MOVLW       15
0x00D4	0x6E0C      	MOVWF       R12, 0
0x00D6	0x0E47      	MOVLW       71
0x00D8	0x6E0D      	MOVWF       R13, 0
L_Delay_5500us5:
0x00DA	0x2E0D      	DECFSZ      R13, 1, 0
0x00DC	0xD7FE      	BRA         L_Delay_5500us5
0x00DE	0x2E0C      	DECFSZ      R12, 1, 0
0x00E0	0xD7FC      	BRA         L_Delay_5500us5
0x00E2	0x0000      	NOP
0x00E4	0x0000      	NOP
;__Lib_Delays.c,33 :: 		}
L_end_Delay_5500us:
0x00E6	0x0012      	RETURN      0
; end of _Delay_5500us
_Delay_50us:
;__Lib_Delays.c,19 :: 		void Delay_50us() {
;__Lib_Delays.c,20 :: 		Delay_us(50);
0x00E8	0x0E21      	MOVLW       33
0x00EA	0x6E0D      	MOVWF       R13, 0
L_Delay_50us2:
0x00EC	0x2E0D      	DECFSZ      R13, 1, 0
0x00EE	0xD7FE      	BRA         L_Delay_50us2
;__Lib_Delays.c,21 :: 		}
L_end_Delay_50us:
0x00F0	0x0012      	RETURN      0
; end of _Delay_50us
_Div_16X16_U:
;__Lib_Math.c,102 :: 		
;__Lib_Math.c,109 :: 		
0x00F2	0x6A08      	CLRF        R8, 0
;__Lib_Math.c,110 :: 		
0x00F4	0x6A09      	CLRF        R9, 0
;__Lib_Math.c,111 :: 		
0x00F6	0x0E10      	MOVLW       16
;__Lib_Math.c,112 :: 		
0x00F8	0x6E0C      	MOVWF       R12, 0
;__Lib_Math.c,113 :: 		
0x00FA	0x3401      	RLCF        R1, 0, 0
;__Lib_Math.c,114 :: 		
0x00FC	0x3608      	RLCF        R8, 1, 0
;__Lib_Math.c,115 :: 		
0x00FE	0x3609      	RLCF        R9, 1, 0
;__Lib_Math.c,116 :: 		
0x0100	0x5004      	MOVF        R4, 0, 0
;__Lib_Math.c,117 :: 		
0x0102	0x5E08      	SUBWF       R8, 1, 0
;__Lib_Math.c,118 :: 		
0x0104	0x5005      	MOVF        R5, 0, 0
;__Lib_Math.c,119 :: 		
0x0106	0xA0D8      	BTFSS       STATUS, 0, 0
;__Lib_Math.c,120 :: 		
0x0108	0x3C05      	INCFSZ      R5, 0, 0
;__Lib_Math.c,121 :: 		
0x010A	0x5E09      	SUBWF       R9, 1, 0
;__Lib_Math.c,122 :: 		
0x010C	0xB0D8      	BTFSC       STATUS, 0, 0
;__Lib_Math.c,123 :: 		
0x010E	0xD007      	BRA         $+16
;__Lib_Math.c,124 :: 		
0x0110	0x5004      	MOVF        R4, 0, 0
;__Lib_Math.c,125 :: 		
0x0112	0x2608      	ADDWF       R8, 1, 0
;__Lib_Math.c,126 :: 		
0x0114	0x5005      	MOVF        R5, 0, 0
;__Lib_Math.c,127 :: 		
0x0116	0xB0D8      	BTFSC       STATUS, 0, 0
;__Lib_Math.c,128 :: 		
0x0118	0x3C05      	INCFSZ      R5, 0, 0
;__Lib_Math.c,129 :: 		
0x011A	0x2609      	ADDWF       R9, 1, 0
;__Lib_Math.c,130 :: 		
0x011C	0x90D8      	BCF         STATUS, 0, 0
;__Lib_Math.c,131 :: 		
0x011E	0x3600      	RLCF        R0, 1, 0
;__Lib_Math.c,132 :: 		
0x0120	0x3601      	RLCF        R1, 1, 0
;__Lib_Math.c,133 :: 		
0x0122	0x2E0C      	DECFSZ      R12, 1, 0
;__Lib_Math.c,134 :: 		
0x0124	0xD7EA      	BRA         $-42
;__Lib_Math.c,136 :: 		
L_end_Div_16X16_U:
0x0126	0x0012      	RETURN      0
; end of _Div_16X16_U
_Lcd_Cmd:
;__Lib_Lcd.c,18 :: 		
;__Lib_Lcd.c,20 :: 		
0x0128	0xBE41      	BTFSC       FARG_Lcd_Cmd_out_char, 7 
0x012A	0xD002      	BRA         L__Lcd_Cmd21
0x012C	0x968A      	BCF         LCD_D7, BitPos(LCD_D7+0) 
0x012E	0xD001      	BRA         L__Lcd_Cmd22
L__Lcd_Cmd21:
0x0130	0x868A      	BSF         LCD_D7, BitPos(LCD_D7+0) 
L__Lcd_Cmd22:
;__Lib_Lcd.c,21 :: 		
0x0132	0xBC41      	BTFSC       FARG_Lcd_Cmd_out_char, 6 
0x0134	0xD002      	BRA         L__Lcd_Cmd23
0x0136	0x948A      	BCF         LCD_D6, BitPos(LCD_D6+0) 
0x0138	0xD001      	BRA         L__Lcd_Cmd24
L__Lcd_Cmd23:
0x013A	0x848A      	BSF         LCD_D6, BitPos(LCD_D6+0) 
L__Lcd_Cmd24:
;__Lib_Lcd.c,22 :: 		
0x013C	0xBA41      	BTFSC       FARG_Lcd_Cmd_out_char, 5 
0x013E	0xD002      	BRA         L__Lcd_Cmd25
0x0140	0x928A      	BCF         LCD_D5, BitPos(LCD_D5+0) 
0x0142	0xD001      	BRA         L__Lcd_Cmd26
L__Lcd_Cmd25:
0x0144	0x828A      	BSF         LCD_D5, BitPos(LCD_D5+0) 
L__Lcd_Cmd26:
;__Lib_Lcd.c,23 :: 		
0x0146	0xB841      	BTFSC       FARG_Lcd_Cmd_out_char, 4 
0x0148	0xD002      	BRA         L__Lcd_Cmd27
0x014A	0x908A      	BCF         LCD_D4, BitPos(LCD_D4+0) 
0x014C	0xD001      	BRA         L__Lcd_Cmd28
L__Lcd_Cmd27:
0x014E	0x808A      	BSF         LCD_D4, BitPos(LCD_D4+0) 
L__Lcd_Cmd28:
;__Lib_Lcd.c,25 :: 		
0x0150	0xB022      	BTFSC       __Lib_Lcd_cmd_status, BitPos(__Lib_Lcd_cmd_status+0) 
0x0152	0xD002      	BRA         L__Lcd_Cmd29
0x0154	0x888A      	BSF         LCD_RS, BitPos(LCD_RS+0) 
0x0156	0xD001      	BRA         L__Lcd_Cmd30
L__Lcd_Cmd29:
0x0158	0x988A      	BCF         LCD_RS, BitPos(LCD_RS+0) 
L__Lcd_Cmd30:
;__Lib_Lcd.c,28 :: 		
0x015A	0x8A8A      	BSF         LCD_EN, BitPos(LCD_EN+0) 
;__Lib_Lcd.c,29 :: 		
0x015C	0xDFB7      	RCALL       _Delay_1us
;__Lib_Lcd.c,30 :: 		
0x015E	0x9A8A      	BCF         LCD_EN, BitPos(LCD_EN+0) 
;__Lib_Lcd.c,33 :: 		
0x0160	0xB641      	BTFSC       FARG_Lcd_Cmd_out_char, 3 
0x0162	0xD002      	BRA         L__Lcd_Cmd31
0x0164	0x968A      	BCF         LCD_D7, BitPos(LCD_D7+0) 
0x0166	0xD001      	BRA         L__Lcd_Cmd32
L__Lcd_Cmd31:
0x0168	0x868A      	BSF         LCD_D7, BitPos(LCD_D7+0) 
L__Lcd_Cmd32:
;__Lib_Lcd.c,34 :: 		
0x016A	0xB441      	BTFSC       FARG_Lcd_Cmd_out_char, 2 
0x016C	0xD002      	BRA         L__Lcd_Cmd33
0x016E	0x948A      	BCF         LCD_D6, BitPos(LCD_D6+0) 
0x0170	0xD001      	BRA         L__Lcd_Cmd34
L__Lcd_Cmd33:
0x0172	0x848A      	BSF         LCD_D6, BitPos(LCD_D6+0) 
L__Lcd_Cmd34:
;__Lib_Lcd.c,35 :: 		
0x0174	0xB241      	BTFSC       FARG_Lcd_Cmd_out_char, 1 
0x0176	0xD002      	BRA         L__Lcd_Cmd35
0x0178	0x928A      	BCF         LCD_D5, BitPos(LCD_D5+0) 
0x017A	0xD001      	BRA         L__Lcd_Cmd36
L__Lcd_Cmd35:
0x017C	0x828A      	BSF         LCD_D5, BitPos(LCD_D5+0) 
L__Lcd_Cmd36:
;__Lib_Lcd.c,36 :: 		
0x017E	0xB041      	BTFSC       FARG_Lcd_Cmd_out_char, 0 
0x0180	0xD002      	BRA         L__Lcd_Cmd37
0x0182	0x908A      	BCF         LCD_D4, BitPos(LCD_D4+0) 
0x0184	0xD001      	BRA         L__Lcd_Cmd38
L__Lcd_Cmd37:
0x0186	0x808A      	BSF         LCD_D4, BitPos(LCD_D4+0) 
L__Lcd_Cmd38:
;__Lib_Lcd.c,38 :: 		
0x0188	0xB022      	BTFSC       __Lib_Lcd_cmd_status, BitPos(__Lib_Lcd_cmd_status+0) 
0x018A	0xD002      	BRA         L__Lcd_Cmd39
0x018C	0x888A      	BSF         LCD_RS, BitPos(LCD_RS+0) 
0x018E	0xD001      	BRA         L__Lcd_Cmd40
L__Lcd_Cmd39:
0x0190	0x988A      	BCF         LCD_RS, BitPos(LCD_RS+0) 
L__Lcd_Cmd40:
;__Lib_Lcd.c,40 :: 		
0x0192	0x8A8A      	BSF         LCD_EN, BitPos(LCD_EN+0) 
;__Lib_Lcd.c,41 :: 		
0x0194	0xDF9B      	RCALL       _Delay_1us
;__Lib_Lcd.c,42 :: 		
0x0196	0x9A8A      	BCF         LCD_EN, BitPos(LCD_EN+0) 
;__Lib_Lcd.c,44 :: 		
0x0198	0xA022      	BTFSS       __Lib_Lcd_cmd_status, BitPos(__Lib_Lcd_cmd_status+0) 
0x019A	0xD002      	BRA         L_Lcd_Cmd0
;__Lib_Lcd.c,45 :: 		
0x019C	0xDF9A      	RCALL       _Delay_5500us
0x019E	0xD001      	BRA         L_Lcd_Cmd1
L_Lcd_Cmd0:
;__Lib_Lcd.c,47 :: 		
0x01A0	0xDFA3      	RCALL       _Delay_50us
L_Lcd_Cmd1:
;__Lib_Lcd.c,48 :: 		
L_end_Lcd_Cmd:
0x01A2	0x0012      	RETURN      0
; end of _Lcd_Cmd
_Lcd_Chr_CP:
;__Lib_Lcd.c,50 :: 		
;__Lib_Lcd.c,52 :: 		
0x01A4	0x9022      	BCF         __Lib_Lcd_cmd_status, BitPos(__Lib_Lcd_cmd_status+0) 
;__Lib_Lcd.c,53 :: 		
0x01A6	0xF041C03A  	MOVFF       FARG_Lcd_Chr_CP_out_char, FARG_Lcd_Cmd_out_char
0x01AA	0xDFBE      	RCALL       _Lcd_Cmd
;__Lib_Lcd.c,54 :: 		
0x01AC	0x8022      	BSF         __Lib_Lcd_cmd_status, BitPos(__Lib_Lcd_cmd_status+0) 
;__Lib_Lcd.c,55 :: 		
L_end_Lcd_Chr_CP:
0x01AE	0x0012      	RETURN      0
; end of _Lcd_Chr_CP
_WordToStr:
;__Lib_Conversions.c,98 :: 		
;__Lib_Conversions.c,103 :: 		
0x01B0	0x6A3E      	CLRF        WordToStr_len_L0 
L_WordToStr11:
0x01B2	0x0E05      	MOVLW       5
0x01B4	0x5C3E      	SUBWF       WordToStr_len_L0, 0 
0x01B6	0xE20A      	BC          L_WordToStr12
;__Lib_Conversions.c,104 :: 		
0x01B8	0x503E      	MOVF        WordToStr_len_L0, 0 
0x01BA	0x243C      	ADDWF       FARG_WordToStr_output, 0 
0x01BC	0x6EE1      	MOVWF       FSR1L 
0x01BE	0x0E00      	MOVLW       0
0x01C0	0x203D      	ADDWFC      FARG_WordToStr_output+1, 0 
0x01C2	0x6EE2      	MOVWF       FSR1H 
0x01C4	0x0E20      	MOVLW       32
0x01C6	0x6EE6      	MOVWF       POSTINC1 
;__Lib_Conversions.c,103 :: 		
0x01C8	0x2A3E      	INCF        WordToStr_len_L0, 1 
;__Lib_Conversions.c,104 :: 		
0x01CA	0xD7F3      	BRA         L_WordToStr11
L_WordToStr12:
;__Lib_Conversions.c,105 :: 		
0x01CC	0x503E      	MOVF        WordToStr_len_L0, 0 
0x01CE	0x243C      	ADDWF       FARG_WordToStr_output, 0 
0x01D0	0x6EE1      	MOVWF       FSR1L 
0x01D2	0x0E00      	MOVLW       0
0x01D4	0x203D      	ADDWFC      FARG_WordToStr_output+1, 0 
0x01D6	0x6EE2      	MOVWF       FSR1H 
0x01D8	0x6AE6      	CLRF        POSTINC1 
0x01DA	0x063E      	DECF        WordToStr_len_L0, 1 
;__Lib_Conversions.c,107 :: 		
L_WordToStr14:
;__Lib_Conversions.c,108 :: 		
0x01DC	0x503E      	MOVF        WordToStr_len_L0, 0 
0x01DE	0x243C      	ADDWF       FARG_WordToStr_output, 0 
0x01E0	0x6E3F      	MOVWF       FLOC__WordToStr 
0x01E2	0x0E00      	MOVLW       0
0x01E4	0x203D      	ADDWFC      FARG_WordToStr_output+1, 0 
0x01E6	0x6E40      	MOVWF       FLOC__WordToStr+1 
0x01E8	0x0E0A      	MOVLW       10
0x01EA	0x6E04      	MOVWF       R4 
0x01EC	0x0E00      	MOVLW       0
0x01EE	0x6E05      	MOVWF       R5 
0x01F0	0xF000C03A  	MOVFF       FARG_WordToStr_input, R0
0x01F4	0xF001C03B  	MOVFF       FARG_WordToStr_input+1, R1
0x01F8	0xDF7C      	RCALL       _Div_16X16_U
0x01FA	0xF000C008  	MOVFF       R8, R0
0x01FE	0xF001C009  	MOVFF       R9, R1
0x0202	0x0E30      	MOVLW       48
0x0204	0x2600      	ADDWF       R0, 1 
0x0206	0xFFE1C03F  	MOVFF       FLOC__WordToStr, FSR1L
0x020A	0xFFE2C040  	MOVFF       FLOC__WordToStr+1, FSR1H
0x020E	0xFFE6C000  	MOVFF       R0, POSTINC1
;__Lib_Conversions.c,109 :: 		
0x0212	0x0E0A      	MOVLW       10
0x0214	0x6E04      	MOVWF       R4 
0x0216	0x0E00      	MOVLW       0
0x0218	0x6E05      	MOVWF       R5 
0x021A	0xF000C03A  	MOVFF       FARG_WordToStr_input, R0
0x021E	0xF001C03B  	MOVFF       FARG_WordToStr_input+1, R1
0x0222	0xDF67      	RCALL       _Div_16X16_U
0x0224	0xF03AC000  	MOVFF       R0, FARG_WordToStr_input
0x0228	0xF03BC001  	MOVFF       R1, FARG_WordToStr_input+1
;__Lib_Conversions.c,110 :: 		
0x022C	0x0E00      	MOVLW       0
0x022E	0x1801      	XORWF       R1, 0 
0x0230	0xE102      	BNZ         L__WordToStr159
0x0232	0x0E00      	MOVLW       0
0x0234	0x1800      	XORWF       R0, 0 
L__WordToStr159:
0x0236	0xE101      	BNZ         L_WordToStr16
;__Lib_Conversions.c,111 :: 		
0x0238	0xD002      	BRA         L_WordToStr15
L_WordToStr16:
;__Lib_Conversions.c,112 :: 		
0x023A	0x063E      	DECF        WordToStr_len_L0, 1 
;__Lib_Conversions.c,113 :: 		
0x023C	0xD7CF      	BRA         L_WordToStr14
L_WordToStr15:
;__Lib_Conversions.c,114 :: 		
L_end_WordToStr:
0x023E	0x0012      	RETURN      0
; end of _WordToStr
_Lcd_Init:
;__Lib_Lcd.c,84 :: 		
;__Lib_Lcd.c,86 :: 		
0x0240	0x9A93      	BCF         LCD_EN_Direction, BitPos(LCD_EN_Direction+0) 
;__Lib_Lcd.c,87 :: 		
0x0242	0x9893      	BCF         LCD_RS_Direction, BitPos(LCD_RS_Direction+0) 
;__Lib_Lcd.c,88 :: 		
0x0244	0x9093      	BCF         LCD_D4_Direction, BitPos(LCD_D4_Direction+0) 
;__Lib_Lcd.c,89 :: 		
0x0246	0x9293      	BCF         LCD_D5_Direction, BitPos(LCD_D5_Direction+0) 
;__Lib_Lcd.c,90 :: 		
0x0248	0x9493      	BCF         LCD_D6_Direction, BitPos(LCD_D6_Direction+0) 
;__Lib_Lcd.c,91 :: 		
0x024A	0x9693      	BCF         LCD_D7_Direction, BitPos(LCD_D7_Direction+0) 
;__Lib_Lcd.c,93 :: 		
0x024C	0x9A8A      	BCF         LCD_EN, BitPos(LCD_EN+0) 
;__Lib_Lcd.c,94 :: 		
0x024E	0x988A      	BCF         LCD_RS, BitPos(LCD_RS+0) 
;__Lib_Lcd.c,95 :: 		
0x0250	0x968A      	BCF         LCD_D7, BitPos(LCD_D7+0) 
;__Lib_Lcd.c,96 :: 		
0x0252	0x948A      	BCF         LCD_D6, BitPos(LCD_D6+0) 
;__Lib_Lcd.c,97 :: 		
0x0254	0x928A      	BCF         LCD_D5, BitPos(LCD_D5+0) 
;__Lib_Lcd.c,98 :: 		
0x0256	0x908A      	BCF         LCD_D4, BitPos(LCD_D4+0) 
;__Lib_Lcd.c,100 :: 		
0x0258	0xDF3C      	RCALL       _Delay_5500us
;__Lib_Lcd.c,101 :: 		
0x025A	0xDF3B      	RCALL       _Delay_5500us
;__Lib_Lcd.c,102 :: 		
0x025C	0xDF3A      	RCALL       _Delay_5500us
;__Lib_Lcd.c,105 :: 		
0x025E	0x828A      	BSF         LCD_D5, BitPos(LCD_D5+0) 
;__Lib_Lcd.c,106 :: 		
0x0260	0x808A      	BSF         LCD_D4, BitPos(LCD_D4+0) 
;__Lib_Lcd.c,107 :: 		
0x0262	0x8A8A      	BSF         LCD_EN, BitPos(LCD_EN+0) 
;__Lib_Lcd.c,108 :: 		
0x0264	0xDF33      	RCALL       _Delay_1us
;__Lib_Lcd.c,109 :: 		
0x0266	0x9A8A      	BCF         LCD_EN, BitPos(LCD_EN+0) 
;__Lib_Lcd.c,110 :: 		
0x0268	0xDF34      	RCALL       _Delay_5500us
;__Lib_Lcd.c,112 :: 		
0x026A	0x8A8A      	BSF         LCD_EN, BitPos(LCD_EN+0) 
;__Lib_Lcd.c,113 :: 		
0x026C	0xDF2F      	RCALL       _Delay_1us
;__Lib_Lcd.c,114 :: 		
0x026E	0x9A8A      	BCF         LCD_EN, BitPos(LCD_EN+0) 
;__Lib_Lcd.c,115 :: 		
0x0270	0xDF30      	RCALL       _Delay_5500us
;__Lib_Lcd.c,117 :: 		
0x0272	0x8A8A      	BSF         LCD_EN, BitPos(LCD_EN+0) 
;__Lib_Lcd.c,118 :: 		
0x0274	0xDF2B      	RCALL       _Delay_1us
;__Lib_Lcd.c,119 :: 		
0x0276	0x9A8A      	BCF         LCD_EN, BitPos(LCD_EN+0) 
;__Lib_Lcd.c,120 :: 		
0x0278	0xDF2C      	RCALL       _Delay_5500us
;__Lib_Lcd.c,123 :: 		
0x027A	0x908A      	BCF         LCD_D4, BitPos(LCD_D4+0) 
;__Lib_Lcd.c,124 :: 		
0x027C	0x8A8A      	BSF         LCD_EN, BitPos(LCD_EN+0) 
;__Lib_Lcd.c,125 :: 		
0x027E	0xDF26      	RCALL       _Delay_1us
;__Lib_Lcd.c,126 :: 		
0x0280	0x9A8A      	BCF         LCD_EN, BitPos(LCD_EN+0) 
;__Lib_Lcd.c,127 :: 		
0x0282	0xDF27      	RCALL       _Delay_5500us
;__Lib_Lcd.c,130 :: 		
0x0284	0x8A8A      	BSF         LCD_EN, BitPos(LCD_EN+0) 
;__Lib_Lcd.c,131 :: 		
0x0286	0xDF22      	RCALL       _Delay_1us
;__Lib_Lcd.c,132 :: 		
0x0288	0x9A8A      	BCF         LCD_EN, BitPos(LCD_EN+0) 
;__Lib_Lcd.c,134 :: 		
0x028A	0x928A      	BCF         LCD_D5, BitPos(LCD_D5+0) 
;__Lib_Lcd.c,135 :: 		
0x028C	0x868A      	BSF         LCD_D7, BitPos(LCD_D7+0) 
;__Lib_Lcd.c,136 :: 		
0x028E	0x8A8A      	BSF         LCD_EN, BitPos(LCD_EN+0) 
;__Lib_Lcd.c,137 :: 		
0x0290	0xDF1D      	RCALL       _Delay_1us
;__Lib_Lcd.c,138 :: 		
0x0292	0x9A8A      	BCF         LCD_EN, BitPos(LCD_EN+0) 
;__Lib_Lcd.c,139 :: 		
0x0294	0xDF1E      	RCALL       _Delay_5500us
;__Lib_Lcd.c,142 :: 		
0x0296	0x968A      	BCF         LCD_D7, BitPos(LCD_D7+0) 
;__Lib_Lcd.c,143 :: 		
0x0298	0x808A      	BSF         LCD_D4, BitPos(LCD_D4+0) 
;__Lib_Lcd.c,144 :: 		
0x029A	0x8A8A      	BSF         LCD_EN, BitPos(LCD_EN+0) 
;__Lib_Lcd.c,145 :: 		
0x029C	0xDF17      	RCALL       _Delay_1us
;__Lib_Lcd.c,146 :: 		
0x029E	0x9A8A      	BCF         LCD_EN, BitPos(LCD_EN+0) 
;__Lib_Lcd.c,148 :: 		
0x02A0	0x908A      	BCF         LCD_D4, BitPos(LCD_D4+0) 
;__Lib_Lcd.c,149 :: 		
0x02A2	0x8A8A      	BSF         LCD_EN, BitPos(LCD_EN+0) 
;__Lib_Lcd.c,150 :: 		
0x02A4	0xDF13      	RCALL       _Delay_1us
;__Lib_Lcd.c,151 :: 		
0x02A6	0x9A8A      	BCF         LCD_EN, BitPos(LCD_EN+0) 
;__Lib_Lcd.c,152 :: 		
0x02A8	0xDF14      	RCALL       _Delay_5500us
;__Lib_Lcd.c,155 :: 		
0x02AA	0x8A8A      	BSF         LCD_EN, BitPos(LCD_EN+0) 
;__Lib_Lcd.c,156 :: 		
0x02AC	0xDF0F      	RCALL       _Delay_1us
;__Lib_Lcd.c,157 :: 		
0x02AE	0x9A8A      	BCF         LCD_EN, BitPos(LCD_EN+0) 
;__Lib_Lcd.c,159 :: 		
0x02B0	0x808A      	BSF         LCD_D4, BitPos(LCD_D4+0) 
;__Lib_Lcd.c,160 :: 		
0x02B2	0x8A8A      	BSF         LCD_EN, BitPos(LCD_EN+0) 
;__Lib_Lcd.c,161 :: 		
0x02B4	0xDF0B      	RCALL       _Delay_1us
;__Lib_Lcd.c,162 :: 		
0x02B6	0x9A8A      	BCF         LCD_EN, BitPos(LCD_EN+0) 
;__Lib_Lcd.c,163 :: 		
0x02B8	0xDF0C      	RCALL       _Delay_5500us
;__Lib_Lcd.c,166 :: 		
0x02BA	0x908A      	BCF         LCD_D4, BitPos(LCD_D4+0) 
;__Lib_Lcd.c,167 :: 		
0x02BC	0x8A8A      	BSF         LCD_EN, BitPos(LCD_EN+0) 
;__Lib_Lcd.c,168 :: 		
0x02BE	0xDF06      	RCALL       _Delay_1us
;__Lib_Lcd.c,169 :: 		
0x02C0	0x9A8A      	BCF         LCD_EN, BitPos(LCD_EN+0) 
;__Lib_Lcd.c,171 :: 		
0x02C2	0x868A      	BSF         LCD_D7, BitPos(LCD_D7+0) 
;__Lib_Lcd.c,172 :: 		
0x02C4	0x848A      	BSF         LCD_D6, BitPos(LCD_D6+0) 
;__Lib_Lcd.c,173 :: 		
0x02C6	0x828A      	BSF         LCD_D5, BitPos(LCD_D5+0) 
;__Lib_Lcd.c,174 :: 		
0x02C8	0x808A      	BSF         LCD_D4, BitPos(LCD_D4+0) 
;__Lib_Lcd.c,175 :: 		
0x02CA	0x8A8A      	BSF         LCD_EN, BitPos(LCD_EN+0) 
;__Lib_Lcd.c,176 :: 		
0x02CC	0xDEFF      	RCALL       _Delay_1us
;__Lib_Lcd.c,177 :: 		
0x02CE	0x9A8A      	BCF         LCD_EN, BitPos(LCD_EN+0) 
;__Lib_Lcd.c,179 :: 		
0x02D0	0xDF00      	RCALL       _Delay_5500us
;__Lib_Lcd.c,181 :: 		
0x02D2	0x8022      	BSF         __Lib_Lcd_cmd_status, BitPos(__Lib_Lcd_cmd_status+0) 
;__Lib_Lcd.c,182 :: 		
L_end_Lcd_Init:
0x02D4	0x0012      	RETURN      0
; end of _Lcd_Init
___CC2DW:
;__Lib_System.c,21 :: 		
;__Lib_System.c,23 :: 		
_CC2DL_Loop1:
;__Lib_System.c,24 :: 		
0x02D6	0x0009      	TBLRD*+
;__Lib_System.c,25 :: 		
0x02D8	0xFFE6CFF5  	MOVFF       TABLAT, POSTINC1
;__Lib_System.c,26 :: 		
0x02DC	0x0600      	DECF        R0, 1, 0
;__Lib_System.c,27 :: 		
0x02DE	0xE1FB      	BNZ         _CC2DL_Loop1
;__Lib_System.c,28 :: 		
0x02E0	0x0601      	DECF        R1, 1, 0
;__Lib_System.c,29 :: 		
0x02E2	0xE1F9      	BNZ         _CC2DL_Loop1
;__Lib_System.c,31 :: 		
L_end___CC2DW:
0x02E4	0x0012      	RETURN      0
; end of ___CC2DW
_Lcd_Out:
;__Lib_Lcd.c,184 :: 		
;__Lib_Lcd.c,187 :: 		
0x02E6	0xD00F      	BRA         L_Lcd_Out11
;__Lib_Lcd.c,188 :: 		
L_Lcd_Out13:
0x02E8	0x0E80      	MOVLW       128
0x02EA	0x6E30      	MOVWF       FARG_Lcd_Out_row 
0x02EC	0xD019      	BRA         L_Lcd_Out12
;__Lib_Lcd.c,189 :: 		
L_Lcd_Out14:
0x02EE	0x0EC0      	MOVLW       192
0x02F0	0x6E30      	MOVWF       FARG_Lcd_Out_row 
0x02F2	0xD016      	BRA         L_Lcd_Out12
;__Lib_Lcd.c,190 :: 		
L_Lcd_Out15:
0x02F4	0x0E94      	MOVLW       148
0x02F6	0x6E30      	MOVWF       FARG_Lcd_Out_row 
0x02F8	0xD013      	BRA         L_Lcd_Out12
;__Lib_Lcd.c,191 :: 		
L_Lcd_Out16:
0x02FA	0x0ED4      	MOVLW       212
0x02FC	0x6E30      	MOVWF       FARG_Lcd_Out_row 
0x02FE	0xD010      	BRA         L_Lcd_Out12
;__Lib_Lcd.c,192 :: 		
L_Lcd_Out17:
0x0300	0x0E80      	MOVLW       128
0x0302	0x6E30      	MOVWF       FARG_Lcd_Out_row 
;__Lib_Lcd.c,193 :: 		
0x0304	0xD00D      	BRA         L_Lcd_Out12
L_Lcd_Out11:
0x0306	0x5030      	MOVF        FARG_Lcd_Out_row, 0 
0x0308	0x0A01      	XORLW       1
0x030A	0xE0EE      	BZ          L_Lcd_Out13
0x030C	0x5030      	MOVF        FARG_Lcd_Out_row, 0 
0x030E	0x0A02      	XORLW       2
0x0310	0xE0EE      	BZ          L_Lcd_Out14
0x0312	0x5030      	MOVF        FARG_Lcd_Out_row, 0 
0x0314	0x0A03      	XORLW       3
0x0316	0xE0EE      	BZ          L_Lcd_Out15
0x0318	0x5030      	MOVF        FARG_Lcd_Out_row, 0 
0x031A	0x0A04      	XORLW       4
0x031C	0xE0EE      	BZ          L_Lcd_Out16
0x031E	0xD7F0      	BRA         L_Lcd_Out17
L_Lcd_Out12:
;__Lib_Lcd.c,194 :: 		
0x0320	0x0431      	DECF        FARG_Lcd_Out_column, 0 
0x0322	0x6E00      	MOVWF       R0 
0x0324	0x5030      	MOVF        FARG_Lcd_Out_row, 0 
0x0326	0x2600      	ADDWF       R0, 1 
0x0328	0xF030C000  	MOVFF       R0, FARG_Lcd_Out_row
;__Lib_Lcd.c,196 :: 		
0x032C	0xF041C000  	MOVFF       R0, FARG_Lcd_Cmd_out_char
0x0330	0xDEFB      	RCALL       _Lcd_Cmd
;__Lib_Lcd.c,197 :: 		
0x0332	0x9022      	BCF         __Lib_Lcd_cmd_status, BitPos(__Lib_Lcd_cmd_status+0) 
;__Lib_Lcd.c,198 :: 		
0x0334	0x6A34      	CLRF        Lcd_Out_i_L0 
;__Lib_Lcd.c,199 :: 		
L_Lcd_Out18:
0x0336	0x5034      	MOVF        Lcd_Out_i_L0, 0 
0x0338	0x2432      	ADDWF       FARG_Lcd_Out_text, 0 
0x033A	0x6EE9      	MOVWF       FSR0L 
0x033C	0x0E00      	MOVLW       0
0x033E	0x2033      	ADDWFC      FARG_Lcd_Out_text+1, 0 
0x0340	0x6EEA      	MOVWF       FSR0H 
0x0342	0x52EE      	MOVF        POSTINC0, 1 
0x0344	0xE00B      	BZ          L_Lcd_Out19
;__Lib_Lcd.c,200 :: 		
0x0346	0x5034      	MOVF        Lcd_Out_i_L0, 0 
0x0348	0x2432      	ADDWF       FARG_Lcd_Out_text, 0 
0x034A	0x6EE9      	MOVWF       FSR0L 
0x034C	0x0E00      	MOVLW       0
0x034E	0x2033      	ADDWFC      FARG_Lcd_Out_text+1, 0 
0x0350	0x6EEA      	MOVWF       FSR0H 
0x0352	0xF03ACFEE  	MOVFF       POSTINC0, FARG_Lcd_Chr_CP_out_char
0x0356	0xDF26      	RCALL       _Lcd_Chr_CP
0x0358	0x2A34      	INCF        Lcd_Out_i_L0, 1 
0x035A	0xD7ED      	BRA         L_Lcd_Out18
L_Lcd_Out19:
;__Lib_Lcd.c,201 :: 		
0x035C	0x8022      	BSF         __Lib_Lcd_cmd_status, BitPos(__Lib_Lcd_cmd_status+0) 
;__Lib_Lcd.c,202 :: 		
L_end_Lcd_Out:
0x035E	0x0012      	RETURN      0
; end of _Lcd_Out
_IntToStr:
;__Lib_Conversions.c,195 :: 		
;__Lib_Conversions.c,201 :: 		
0x0360	0x6A36      	CLRF        IntToStr_negative_L0 
0x0362	0x6A37      	CLRF        IntToStr_negative_L0+1 
;__Lib_Conversions.c,202 :: 		
0x0364	0xF038C030  	MOVFF       FARG_IntToStr_input, IntToStr_inword_L0
0x0368	0xF039C031  	MOVFF       FARG_IntToStr_input+1, IntToStr_inword_L0+1
;__Lib_Conversions.c,203 :: 		
0x036C	0x0E80      	MOVLW       128
0x036E	0x1831      	XORWF       FARG_IntToStr_input+1, 0 
0x0370	0x6E00      	MOVWF       R0 
0x0372	0x0E80      	MOVLW       128
0x0374	0x5C00      	SUBWF       R0, 0 
0x0376	0xE102      	BNZ         L__IntToStr167
0x0378	0x0E00      	MOVLW       0
0x037A	0x5C30      	SUBWF       FARG_IntToStr_input, 0 
L__IntToStr167:
0x037C	0xE20B      	BC          L_IntToStr37
;__Lib_Conversions.c,204 :: 		
0x037E	0x0E01      	MOVLW       1
0x0380	0x6E36      	MOVWF       IntToStr_negative_L0 
0x0382	0x0E00      	MOVLW       0
0x0384	0x6E37      	MOVWF       IntToStr_negative_L0+1 
;__Lib_Conversions.c,205 :: 		
0x0386	0x5030      	MOVF        FARG_IntToStr_input, 0 
0x0388	0x0800      	SUBLW       0
0x038A	0x6E38      	MOVWF       IntToStr_inword_L0 
0x038C	0xF039C031  	MOVFF       FARG_IntToStr_input+1, IntToStr_inword_L0+1
0x0390	0x0E00      	MOVLW       0
0x0392	0x5639      	SUBFWB      IntToStr_inword_L0+1, 1 
;__Lib_Conversions.c,206 :: 		
L_IntToStr37:
;__Lib_Conversions.c,207 :: 		
0x0394	0xF03AC038  	MOVFF       IntToStr_inword_L0, FARG_WordToStr_input
0x0398	0xF03BC039  	MOVFF       IntToStr_inword_L0+1, FARG_WordToStr_input+1
0x039C	0xF03CC032  	MOVFF       FARG_IntToStr_output, FARG_WordToStr_output
0x03A0	0xF03DC033  	MOVFF       FARG_IntToStr_output+1, FARG_WordToStr_output+1
0x03A4	0xDF05      	RCALL       _WordToStr
;__Lib_Conversions.c,209 :: 		
0x03A6	0x0E06      	MOVLW       6
0x03A8	0x6E34      	MOVWF       IntToStr_i_L0 
0x03AA	0x0E00      	MOVLW       0
0x03AC	0x6E35      	MOVWF       IntToStr_i_L0+1 
;__Lib_Conversions.c,210 :: 		
L_IntToStr38:
0x03AE	0x0E00      	MOVLW       0
0x03B0	0x6E00      	MOVWF       R0 
0x03B2	0x5035      	MOVF        IntToStr_i_L0+1, 0 
0x03B4	0x5C00      	SUBWF       R0, 0 
0x03B6	0xE102      	BNZ         L__IntToStr168
0x03B8	0x5034      	MOVF        IntToStr_i_L0, 0 
0x03BA	0x0800      	SUBLW       0
L__IntToStr168:
0x03BC	0xE219      	BC          L_IntToStr39
;__Lib_Conversions.c,211 :: 		
0x03BE	0x5034      	MOVF        IntToStr_i_L0, 0 
0x03C0	0x2432      	ADDWF       FARG_IntToStr_output, 0 
0x03C2	0x6EE1      	MOVWF       FSR1L 
0x03C4	0x5035      	MOVF        IntToStr_i_L0+1, 0 
0x03C6	0x2033      	ADDWFC      FARG_IntToStr_output+1, 0 
0x03C8	0x6EE2      	MOVWF       FSR1H 
0x03CA	0x0E01      	MOVLW       1
0x03CC	0x5C34      	SUBWF       IntToStr_i_L0, 0 
0x03CE	0x6E00      	MOVWF       R0 
0x03D0	0x0E00      	MOVLW       0
0x03D2	0x5835      	SUBWFB      IntToStr_i_L0+1, 0 
0x03D4	0x6E01      	MOVWF       R1 
0x03D6	0x5000      	MOVF        R0, 0 
0x03D8	0x2432      	ADDWF       FARG_IntToStr_output, 0 
0x03DA	0x6EE9      	MOVWF       FSR0L 
0x03DC	0x5001      	MOVF        R1, 0 
0x03DE	0x2033      	ADDWFC      FARG_IntToStr_output+1, 0 
0x03E0	0x6EEA      	MOVWF       FSR0H 
0x03E2	0xFFE6CFEE  	MOVFF       POSTINC0, POSTINC1
;__Lib_Conversions.c,212 :: 		
0x03E6	0x0E01      	MOVLW       1
0x03E8	0x5E34      	SUBWF       IntToStr_i_L0, 1 
0x03EA	0x0E00      	MOVLW       0
0x03EC	0x5A35      	SUBWFB      IntToStr_i_L0+1, 1 
;__Lib_Conversions.c,213 :: 		
0x03EE	0xD7DF      	BRA         L_IntToStr38
L_IntToStr39:
;__Lib_Conversions.c,214 :: 		
0x03F0	0xFFE1C032  	MOVFF       FARG_IntToStr_output, FSR1L
0x03F4	0xFFE2C033  	MOVFF       FARG_IntToStr_output+1, FSR1H
0x03F8	0x0E20      	MOVLW       32
0x03FA	0x6EE6      	MOVWF       POSTINC1 
;__Lib_Conversions.c,215 :: 		
0x03FC	0x5036      	MOVF        IntToStr_negative_L0, 0 
0x03FE	0x1037      	IORWF       IntToStr_negative_L0+1, 0 
0x0400	0xE01A      	BZ          L_IntToStr40
;__Lib_Conversions.c,216 :: 		
0x0402	0x6A34      	CLRF        IntToStr_i_L0 
0x0404	0x6A35      	CLRF        IntToStr_i_L0+1 
;__Lib_Conversions.c,217 :: 		
L_IntToStr41:
0x0406	0x5034      	MOVF        IntToStr_i_L0, 0 
0x0408	0x2432      	ADDWF       FARG_IntToStr_output, 0 
0x040A	0x6EE9      	MOVWF       FSR0L 
0x040C	0x5035      	MOVF        IntToStr_i_L0+1, 0 
0x040E	0x2033      	ADDWFC      FARG_IntToStr_output+1, 0 
0x0410	0x6EEA      	MOVWF       FSR0H 
0x0412	0x50EE      	MOVF        POSTINC0, 0 
0x0414	0x0A20      	XORLW       32
0x0416	0xE103      	BNZ         L_IntToStr42
0x0418	0x4A34      	INFSNZ      IntToStr_i_L0, 1 
0x041A	0x2A35      	INCF        IntToStr_i_L0+1, 1 
0x041C	0xD7F4      	BRA         L_IntToStr41
L_IntToStr42:
;__Lib_Conversions.c,218 :: 		
0x041E	0x0E01      	MOVLW       1
0x0420	0x5E34      	SUBWF       IntToStr_i_L0, 1 
0x0422	0x0E00      	MOVLW       0
0x0424	0x5A35      	SUBWFB      IntToStr_i_L0+1, 1 
;__Lib_Conversions.c,219 :: 		
0x0426	0x5034      	MOVF        IntToStr_i_L0, 0 
0x0428	0x2432      	ADDWF       FARG_IntToStr_output, 0 
0x042A	0x6EE1      	MOVWF       FSR1L 
0x042C	0x5035      	MOVF        IntToStr_i_L0+1, 0 
0x042E	0x2033      	ADDWFC      FARG_IntToStr_output+1, 0 
0x0430	0x6EE2      	MOVWF       FSR1H 
0x0432	0x0E2D      	MOVLW       45
0x0434	0x6EE6      	MOVWF       POSTINC1 
L_IntToStr40:
;__Lib_Conversions.c,220 :: 		
L_end_IntToStr:
0x0436	0x0012      	RETURN      0
; end of _IntToStr
_main:
0x0438	0x0EC8      	MOVLW       200
0x043A	0x6E18      	MOVWF       _delay_kitt 
0x043C	0x6A19      	CLRF        25 
0x043E	0x6A1A      	CLRF        _delay_ms_1 
0x0440	0x6A1B      	CLRF        27 
0x0442	0x6A1C      	CLRF        _delay_us 
0x0444	0x6A1D      	CLRF        29 
0x0446	0x6A1E      	CLRF        _delay_ms_2 
0x0448	0x6A1F      	CLRF        31 
0x044A	0x6A20      	CLRF        _stop 
0x044C	0x6A21      	CLRF        _reset 
;Lab4_es2.c,24 :: 		void main() {
;Lab4_es2.c,26 :: 		short int sentinella = 0;
0x044E	0x6A2A      	CLRF        main_sentinella_L0 
0x0450	0x6A2B      	CLRF        main_high_L0 
0x0452	0x6A2C      	CLRF        main_low_L0 
0x0454	0x0E0F      	MOVLW       15
0x0456	0x6E2D      	MOVWF       main_mask_L0 
0x0458	0x6A2E      	CLRF        main_count_L0 
0x045A	0x6A2F      	CLRF        main_count_prec_L0 
;Lab4_es2.c,35 :: 		TRISD = 0x00;
0x045C	0x6A95      	CLRF        TRISD 
;Lab4_es2.c,36 :: 		LATD = 0b10000001;
0x045E	0x0E81      	MOVLW       129
0x0460	0x6E8C      	MOVWF       LATD 
;Lab4_es2.c,38 :: 		TRISA = 0b00011111;
0x0462	0x0E1F      	MOVLW       31
0x0464	0x6E92      	MOVWF       TRISA 
;Lab4_es2.c,39 :: 		ANSELA = 0b11100000;
0x0466	0x0EE0      	MOVLW       224
0x0468	0x010F      	MOVLB       15
0x046A	0x6F38      	MOVWF       ANSELA, 1
;Lab4_es2.c,41 :: 		T0CON = 0b11000111;
0x046C	0x0EC7      	MOVLW       199
0x046E	0x6ED5      	MOVWF       T0CON 
;Lab4_es2.c,42 :: 		INTCON = 0b10100000;
0x0470	0x0EA0      	MOVLW       160
0x0472	0x6EF2      	MOVWF       INTCON 
;Lab4_es2.c,44 :: 		high = 0b00001000;
0x0474	0x0E08      	MOVLW       8
0x0476	0x6E2B      	MOVWF       main_high_L0 
;Lab4_es2.c,45 :: 		low  = 0b00000001;
0x0478	0x0E01      	MOVLW       1
0x047A	0x6E2C      	MOVWF       main_low_L0 
;Lab4_es2.c,48 :: 		Lcd_Init();		// Init the display library (This will set also the PORTB Configuration)
0x047C	0xDEE1      	RCALL       _Lcd_Init
;Lab4_es2.c,49 :: 		Lcd_Cmd(_LCD_CLEAR);    	// Clear display
0x047E	0x0E01      	MOVLW       1
0x0480	0x6E41      	MOVWF       FARG_Lcd_Cmd_out_char 
0x0482	0xDE52      	RCALL       _Lcd_Cmd
;Lab4_es2.c,50 :: 		Lcd_Cmd(_LCD_CURSOR_OFF);   // Cursor OFF
0x0484	0x0E0C      	MOVLW       12
0x0486	0x6E41      	MOVWF       FARG_Lcd_Cmd_out_char 
0x0488	0xDE4F      	RCALL       _Lcd_Cmd
;Lab4_es2.c,52 :: 		IntToStr(count,count_txt);
0x048A	0xF030C02E  	MOVFF       main_count_L0, FARG_IntToStr_input
0x048E	0x0E00      	MOVLW       0
0x0490	0x6E31      	MOVWF       FARG_IntToStr_input+1 
0x0492	0x0E23      	MOVLW       main_count_txt_L0
0x0494	0x6E32      	MOVWF       FARG_IntToStr_output 
0x0496	0x0E00      	MOVLW       hi_addr(main_count_txt_L0)
0x0498	0x6E33      	MOVWF       FARG_IntToStr_output+1 
0x049A	0xDF62      	RCALL       _IntToStr
;Lab4_es2.c,53 :: 		Lcd_Out(1,11,count_txt);
0x049C	0x0E01      	MOVLW       1
0x049E	0x6E30      	MOVWF       FARG_Lcd_Out_row 
0x04A0	0x0E0B      	MOVLW       11
0x04A2	0x6E31      	MOVWF       FARG_Lcd_Out_column 
0x04A4	0x0E23      	MOVLW       main_count_txt_L0
0x04A6	0x6E32      	MOVWF       FARG_Lcd_Out_text 
0x04A8	0x0E00      	MOVLW       hi_addr(main_count_txt_L0)
0x04AA	0x6E33      	MOVWF       FARG_Lcd_Out_text+1 
0x04AC	0xDF1C      	RCALL       _Lcd_Out
;Lab4_es2.c,55 :: 		while(1){
L_main0:
;Lab4_es2.c,57 :: 		if(delay_ms_1 >= delay_kitt){
0x04AE	0x0E80      	MOVLW       128
0x04B0	0x181B      	XORWF       _delay_ms_1+1, 0 
0x04B2	0x6E00      	MOVWF       R0 
0x04B4	0x0E80      	MOVLW       128
0x04B6	0x1819      	XORWF       _delay_kitt+1, 0 
0x04B8	0x5C00      	SUBWF       R0, 0 
0x04BA	0xE102      	BNZ         L__main38
0x04BC	0x5018      	MOVF        _delay_kitt, 0 
0x04BE	0x5C1A      	SUBWF       _delay_ms_1, 0 
L__main38:
0x04C0	0xE338      	BNC         L_main2
;Lab4_es2.c,59 :: 		if( high == 0b1111 && low == 0b1111)
0x04C2	0x502B      	MOVF        main_high_L0, 0 
0x04C4	0x0A0F      	XORLW       15
0x04C6	0xE106      	BNZ         L_main5
0x04C8	0x502C      	MOVF        main_low_L0, 0 
0x04CA	0x0A0F      	XORLW       15
0x04CC	0xE103      	BNZ         L_main5
L__main34:
;Lab4_es2.c,60 :: 		sentinella = 1;
0x04CE	0x0E01      	MOVLW       1
0x04D0	0x6E2A      	MOVWF       main_sentinella_L0 
0x04D2	0xD007      	BRA         L_main6
L_main5:
;Lab4_es2.c,61 :: 		else if ( high == 0b0000 &&  low == 0b0000)
0x04D4	0x502B      	MOVF        main_high_L0, 0 
0x04D6	0x0A00      	XORLW       0
0x04D8	0xE104      	BNZ         L_main9
0x04DA	0x502C      	MOVF        main_low_L0, 0 
0x04DC	0x0A00      	XORLW       0
0x04DE	0xB4D8      	BTFSC       STATUS, 2 
L__main33:
;Lab4_es2.c,62 :: 		sentinella = 0;
0x04E0	0x6A2A      	CLRF        main_sentinella_L0 
L_main9:
L_main6:
;Lab4_es2.c,64 :: 		if(sentinella == 0){
0x04E2	0x502A      	MOVF        main_sentinella_L0, 0 
0x04E4	0x0A00      	XORLW       0
0x04E6	0xE10A      	BNZ         L_main10
;Lab4_es2.c,65 :: 		low  <<= 1;
0x04E8	0x362C      	RLCF        main_low_L0, 1 
0x04EA	0x902C      	BCF         main_low_L0, 0 
;Lab4_es2.c,66 :: 		high >>= 1;
0x04EC	0x322B      	RRCF        main_high_L0, 1 
0x04EE	0x9E2B      	BCF         main_high_L0, 7 
0x04F0	0xBC2B      	BTFSC       main_high_L0, 6 
0x04F2	0x8E2B      	BSF         main_high_L0, 7 
;Lab4_es2.c,67 :: 		low  += 0b00000001;
0x04F4	0x2A2C      	INCF        main_low_L0, 1 
;Lab4_es2.c,68 :: 		high += 0b00001000;
0x04F6	0x0E08      	MOVLW       8
0x04F8	0x262B      	ADDWF       main_high_L0, 1 
;Lab4_es2.c,69 :: 		} else{
0x04FA	0xD00A      	BRA         L_main11
L_main10:
;Lab4_es2.c,70 :: 		high <<= 1;
0x04FC	0x362B      	RLCF        main_high_L0, 1 
0x04FE	0x902B      	BCF         main_high_L0, 0 
;Lab4_es2.c,71 :: 		low  >>= 1;
0x0500	0x322C      	RRCF        main_low_L0, 1 
0x0502	0x9E2C      	BCF         main_low_L0, 7 
0x0504	0xBC2C      	BTFSC       main_low_L0, 6 
0x0506	0x8E2C      	BSF         main_low_L0, 7 
;Lab4_es2.c,72 :: 		high &= mask;
0x0508	0x502D      	MOVF        main_mask_L0, 0 
0x050A	0x162B      	ANDWF       main_high_L0, 1 
;Lab4_es2.c,73 :: 		low &= mask;
0x050C	0x502D      	MOVF        main_mask_L0, 0 
0x050E	0x162C      	ANDWF       main_low_L0, 1 
;Lab4_es2.c,74 :: 		}
L_main11:
;Lab4_es2.c,76 :: 		LATD = (high << 4) | low;
0x0510	0x0E04      	MOVLW       4
0x0512	0x6E01      	MOVWF       R1 
0x0514	0xF000C02B  	MOVFF       main_high_L0, R0
0x0518	0x5001      	MOVF        R1, 0 
L__main39:
0x051A	0xE004      	BZ          L__main40
0x051C	0x3600      	RLCF        R0, 1 
0x051E	0x9000      	BCF         R0, 0 
0x0520	0x0FFF      	ADDLW       255
0x0522	0xD7FB      	BRA         L__main39
L__main40:
0x0524	0x502C      	MOVF        main_low_L0, 0 
0x0526	0x1000      	IORWF       R0, 0 
0x0528	0x6E8C      	MOVWF       LATD 
;Lab4_es2.c,77 :: 		delay_ms_1 -= delay_kitt;
0x052A	0x5018      	MOVF        _delay_kitt, 0 
0x052C	0x5E1A      	SUBWF       _delay_ms_1, 1 
0x052E	0x5019      	MOVF        _delay_kitt+1, 0 
0x0530	0x5A1B      	SUBWFB      _delay_ms_1+1, 1 
;Lab4_es2.c,78 :: 		}
L_main2:
;Lab4_es2.c,80 :: 		if(delay_ms_2 >= 1000){
0x0532	0x0E80      	MOVLW       128
0x0534	0x181F      	XORWF       _delay_ms_2+1, 0 
0x0536	0x6E00      	MOVWF       R0 
0x0538	0x0E80      	MOVLW       128
0x053A	0x0A03      	XORLW       3
0x053C	0x5C00      	SUBWF       R0, 0 
0x053E	0xE102      	BNZ         L__main41
0x0540	0x0EE8      	MOVLW       232
0x0542	0x5C1E      	SUBWF       _delay_ms_2, 0 
L__main41:
0x0544	0xE323      	BNC         L_main12
;Lab4_es2.c,81 :: 		if(!reset && !stop)
0x0546	0x5221      	MOVF        _reset, 1 
0x0548	0xE103      	BNZ         L_main15
0x054A	0x5220      	MOVF        _stop, 1 
0x054C	0xB4D8      	BTFSC       STATUS, 2 
L__main32:
;Lab4_es2.c,82 :: 		count++;
0x054E	0x2A2E      	INCF        main_count_L0, 1 
L_main15:
;Lab4_es2.c,83 :: 		if(reset)
0x0550	0x5221      	MOVF        _reset, 1 
0x0552	0xA4D8      	BTFSS       STATUS, 2 
;Lab4_es2.c,84 :: 		count=0;
0x0554	0x6A2E      	CLRF        main_count_L0 
L_main16:
;Lab4_es2.c,86 :: 		if (count != count_prec){
0x0556	0x502E      	MOVF        main_count_L0, 0 
0x0558	0x182F      	XORWF       main_count_prec_L0, 0 
0x055A	0xE012      	BZ          L_main17
;Lab4_es2.c,87 :: 		IntToStr(count,count_txt);
0x055C	0xF030C02E  	MOVFF       main_count_L0, FARG_IntToStr_input
0x0560	0x0E00      	MOVLW       0
0x0562	0x6E31      	MOVWF       FARG_IntToStr_input+1 
0x0564	0x0E23      	MOVLW       main_count_txt_L0
0x0566	0x6E32      	MOVWF       FARG_IntToStr_output 
0x0568	0x0E00      	MOVLW       hi_addr(main_count_txt_L0)
0x056A	0x6E33      	MOVWF       FARG_IntToStr_output+1 
0x056C	0xDEF9      	RCALL       _IntToStr
;Lab4_es2.c,88 :: 		Lcd_Out(1,11,count_txt);
0x056E	0x0E01      	MOVLW       1
0x0570	0x6E30      	MOVWF       FARG_Lcd_Out_row 
0x0572	0x0E0B      	MOVLW       11
0x0574	0x6E31      	MOVWF       FARG_Lcd_Out_column 
0x0576	0x0E23      	MOVLW       main_count_txt_L0
0x0578	0x6E32      	MOVWF       FARG_Lcd_Out_text 
0x057A	0x0E00      	MOVLW       hi_addr(main_count_txt_L0)
0x057C	0x6E33      	MOVWF       FARG_Lcd_Out_text+1 
0x057E	0xDEB3      	RCALL       _Lcd_Out
;Lab4_es2.c,89 :: 		}
L_main17:
;Lab4_es2.c,90 :: 		delay_ms_2 -= 1000;
0x0580	0x0EE8      	MOVLW       232
0x0582	0x5E1E      	SUBWF       _delay_ms_2, 1 
0x0584	0x0E03      	MOVLW       3
0x0586	0x5A1F      	SUBWFB      _delay_ms_2+1, 1 
;Lab4_es2.c,91 :: 		count_prec = count;
0x0588	0xF02FC02E  	MOVFF       main_count_L0, main_count_prec_L0
;Lab4_es2.c,92 :: 		}
L_main12:
;Lab4_es2.c,94 :: 		}
0x058C	0xD790      	BRA         L_main0
;Lab4_es2.c,96 :: 		}
L_end_main:
0x058E	0xD7FF      	BRA         $+0
; end of _main
Symbol List:
//** Routines locations **
//ADDRESS    SIZE    PROCEDURE
//----------------------------------------------
0x0008     [196]    _interrupt
0x00CC       [6]    _Delay_1us
0x00D2      [22]    _Delay_5500us
0x00E8      [10]    _Delay_50us
0x00F2      [54]    _Div_16X16_U
0x0128     [124]    _Lcd_Cmd
0x01A4      [12]    _Lcd_Chr_CP
0x01B0     [144]    _WordToStr
0x0240     [150]    _Lcd_Init
0x02D6      [16]    ___CC2DW
0x02E6     [122]    _Lcd_Out
0x0360     [216]    _IntToStr
0x0438     [344]    _main
//** Variables locations ** 
//ADDRESS    SIZE    VARIABLE
//----------------------------------------------
0x0000       [1]    R0
0x0001       [1]    R1
0x0002       [2]    memchr_s_L0
0x0002       [2]    strlen_cp_L0
0x0002       [2]    memcpy_dd_L0
0x0002       [2]    memset_pp_L0
0x0002       [1]    R2
0x0003       [1]    R3
0x0003       [2]    memmove_tt_L0
0x0003       [2]    Ltrim_original_L0
0x0004       [2]    strcat_cp_L0
0x0004       [2]    strcpy_cp_L0
0x0004       [1]    R4
0x0004       [2]    strncpy_cp_L0
0x0004       [2]    strncat_cp_L0
0x0004       [2]    memcpy_ss_L0
0x0005       [2]    LongWordToHex_input_half_L0
0x0005       [1]    R5
0x0005       [2]    Ltrim_p_L0
0x0005       [2]    LongIntToHex_input_half_L0
0x0005       [2]    memmove_ff_L0
0x0006       [1]    R6
0x0007       [1]    R7
0x0008       [1]    R8
0x0009       [1]    R9
0x000A       [1]    R10
0x000B       [1]    R11
0x000C       [1]    R12
0x000D       [1]    R13
0x000E       [1]    R14
0x000F       [1]    R15
0x0010       [1]    R16
0x0011       [1]    R17
0x0012       [1]    R18
0x0013       [1]    R19
0x0014       [1]    R20
0x0018       [2]    _delay_kitt
0x001A       [2]    _delay_ms_1
0x001C       [2]    _delay_us
0x001E       [2]    _delay_ms_2
0x0020       [1]    _stop
0x0021       [1]    _reset
0x0022       [0]    __Lib_Lcd_cmd_status
0x0023       [7]    main_count_txt_L0
0x002A       [1]    main_sentinella_L0
0x002B       [1]    main_high_L0
0x002C       [1]    main_low_L0
0x002D       [1]    main_mask_L0
0x002E       [1]    main_count_L0
0x002F       [1]    main_count_prec_L0
0x0030       [1]    FARG_Lcd_Out_row
0x0030       [2]    FARG_IntToStr_input
0x0031       [1]    FARG_Lcd_Out_column
0x0032       [2]    FARG_Lcd_Out_text
0x0032       [2]    FARG_IntToStr_output
0x0034       [1]    Lcd_Out_i_L0
0x0034       [2]    IntToStr_i_L0
0x0036       [2]    IntToStr_negative_L0
0x0038       [2]    IntToStr_inword_L0
0x003A       [1]    FARG_Lcd_Chr_CP_out_char
0x003A       [2]    FARG_WordToStr_input
0x003C       [2]    FARG_WordToStr_output
0x003E       [1]    WordToStr_len_L0
0x003F       [2]    FLOC__WordToStr
0x0041       [1]    FARG_Lcd_Cmd_out_char
0x0F38       [1]    ANSELA
0x0F80       [1]    PORTA
0x0F8A       [0]    LATB3_bit
0x0F8A       [0]    LATB2_bit
0x0F8A       [0]    LATB1_bit
0x0F8A       [0]    LATB4_bit
0x0F8A       [0]    LATB5_bit
0x0F8A       [0]    LATB0_bit
0x0F8A       [0]    LCD_D7
0x0F8A       [0]    LCD_RS
0x0F8A       [0]    LCD_D6
0x0F8A       [0]    LCD_D4
0x0F8A       [0]    LCD_EN
0x0F8A       [0]    LCD_D5
0x0F8C       [1]    LATD
0x0F92       [1]    TRISA
0x0F93       [0]    LCD_D5_Direction
0x0F93       [0]    LCD_D7_Direction
0x0F93       [0]    LCD_D6_Direction
0x0F93       [0]    TRISB0_bit
0x0F93       [0]    LCD_RS_Direction
0x0F93       [0]    LCD_EN_Direction
0x0F93       [0]    LCD_D4_Direction
0x0F93       [0]    TRISB3_bit
0x0F93       [0]    TRISB5_bit
0x0F93       [0]    TRISB4_bit
0x0F93       [0]    TRISB2_bit
0x0F93       [0]    TRISB1_bit
0x0F95       [1]    TRISD
0x0FD5       [1]    T0CON
0x0FD8       [1]    STATUS
0x0FD9       [1]    FSR2L
0x0FDA       [1]    FSR2H
0x0FDE       [1]    POSTINC2
0x0FE0       [1]    BSR
0x0FE1       [1]    FSR1L
0x0FE2       [1]    FSR1H
0x0FE4       [1]    PREINC1
0x0FE6       [1]    POSTINC1
0x0FE7       [1]    INDF1
0x0FE8       [1]    WREG
0x0FE9       [1]    FSR0L
0x0FEA       [1]    FSR0H
0x0FEE       [1]    POSTINC0
0x0FF2       [1]    INTCON
0x0FF3       [1]    PRODL
0x0FF4       [1]    PRODH
0x0FF5       [1]    TABLAT
0x0FF6       [1]    TBLPTRL
0x0FF7       [1]    TBLPTRH
0x0FF8       [1]    TBLPTRU
