;  LST file generated by mikroListExporter - v.2.0 
; Date/Time: 28-Mar-22 18:57:30
;----------------------------------------------

;Address Opcode 	ASM
0x0000	0xF000EFBB  	GOTO        374
_interrupt:
;Lab2_es2.c,35 :: 		void interrupt(){
0x0008	0xF015C000  	MOVFF       R0, 21
;Lab2_es2.c,37 :: 		if(INTCON.RBIF){
0x000C	0xA0F2      	BTFSS       INTCON, 0 
0x000E	0xD021      	BRA         L_interrupt7
;Lab2_es2.c,38 :: 		if(PORTB.RB7 && mio<1000){
0x0010	0xAE81      	BTFSS       PORTB, 7 
0x0012	0xD00F      	BRA         L_interrupt10
0x0014	0x0E80      	MOVLW       128
0x0016	0x1817      	XORWF       _mio+1, 0 
0x0018	0x6E00      	MOVWF       R0 
0x001A	0x0E80      	MOVLW       128
0x001C	0x0A03      	XORLW       3
0x001E	0x5C00      	SUBWF       R0, 0 
0x0020	0xE102      	BNZ         L__interrupt20
0x0022	0x0EE8      	MOVLW       232
0x0024	0x5C16      	SUBWF       _mio, 0 
L__interrupt20:
0x0026	0xE205      	BC          L_interrupt10
L__interrupt16:
;Lab2_es2.c,39 :: 		mio += 100;}
0x0028	0x0E64      	MOVLW       100
0x002A	0x2616      	ADDWF       _mio, 1 
0x002C	0x0E00      	MOVLW       0
0x002E	0x2217      	ADDWFC      _mio+1, 1 
0x0030	0xD00F      	BRA         L_interrupt11
L_interrupt10:
;Lab2_es2.c,40 :: 		else if(PORTB.RB6 && mio>50){
0x0032	0xAC81      	BTFSS       PORTB, 6 
0x0034	0xD00D      	BRA         L_interrupt14
0x0036	0x0E80      	MOVLW       128
0x0038	0x6E00      	MOVWF       R0 
0x003A	0x0E80      	MOVLW       128
0x003C	0x1817      	XORWF       _mio+1, 0 
0x003E	0x5C00      	SUBWF       R0, 0 
0x0040	0xE102      	BNZ         L__interrupt21
0x0042	0x5016      	MOVF        _mio, 0 
0x0044	0x0832      	SUBLW       50
L__interrupt21:
0x0046	0xE204      	BC          L_interrupt14
L__interrupt15:
;Lab2_es2.c,41 :: 		mio -= 100;}
0x0048	0x0E64      	MOVLW       100
0x004A	0x5E16      	SUBWF       _mio, 1 
0x004C	0x0E00      	MOVLW       0
0x004E	0x5A17      	SUBWFB      _mio+1, 1 
L_interrupt14:
L_interrupt11:
;Lab2_es2.c,43 :: 		INTCON.RBIF = 0;
0x0050	0x90F2      	BCF         INTCON, 0 
;Lab2_es2.c,44 :: 		}
L_interrupt7:
;Lab2_es2.c,45 :: 		}
L_end_interrupt:
L__interrupt19:
0x0052	0xF000C015  	MOVFF       21, R0
0x0056	0x0011      	RETFIE      1
; end of _interrupt
_Mul_32x32_U:
;__Lib_Math.c,1616 :: 		
;__Lib_Math.c,1631 :: 		
0x0058	0x0E22      	MOVLW       34
;__Lib_Math.c,1632 :: 		
0x005A	0x6E0C      	MOVWF       R12, 0
;__Lib_Math.c,1633 :: 		
0x005C	0x6A08      	CLRF        R8, 0
;__Lib_Math.c,1634 :: 		
0x005E	0x6A09      	CLRF        R9, 0
;__Lib_Math.c,1635 :: 		
0x0060	0x6A0A      	CLRF        R10, 0
;__Lib_Math.c,1636 :: 		
0x0062	0x6A0B      	CLRF        R11, 0
;__Lib_Math.c,1638 :: 		
_NEXT:
;__Lib_Math.c,1642 :: 		
0x0064	0x060C      	DECF        R12, 1, 0
;__Lib_Math.c,1643 :: 		
0x0066	0xB4D8      	BTFSC       STATUS, 2, 0
;__Lib_Math.c,1644 :: 		
0x0068	0xD01F      	BRA         _EXIT2
;__Lib_Math.c,1645 :: 		
0x006A	0x90D8      	BCF         STATUS, 0, 0
;__Lib_Math.c,1647 :: 		
_LOOP:
;__Lib_Math.c,1656 :: 		
0x006C	0x320B      	RRCF        R11, 1, 0
;__Lib_Math.c,1657 :: 		
0x006E	0x320A      	RRCF        R10, 1, 0
;__Lib_Math.c,1658 :: 		
0x0070	0x3209      	RRCF        R9, 1, 0
;__Lib_Math.c,1659 :: 		
0x0072	0x3208      	RRCF        R8, 1, 0
;__Lib_Math.c,1660 :: 		
0x0074	0x3203      	RRCF        R3, 1, 0
;__Lib_Math.c,1661 :: 		
0x0076	0x3202      	RRCF        R2, 1, 0
;__Lib_Math.c,1662 :: 		
0x0078	0x3201      	RRCF        R1, 1, 0
;__Lib_Math.c,1663 :: 		
0x007A	0x3200      	RRCF        R0, 1, 0
;__Lib_Math.c,1668 :: 		
0x007C	0xA0D8      	BTFSS       STATUS, 0, 0
;__Lib_Math.c,1669 :: 		
0x007E	0xD7F2      	BRA         _NEXT
;__Lib_Math.c,1670 :: 		
0x0080	0x060C      	DECF        R12, 1, 0
;__Lib_Math.c,1671 :: 		
0x0082	0xB4D8      	BTFSC       STATUS, 2, 0
;__Lib_Math.c,1672 :: 		
0x0084	0xD009      	BRA         _EXIT1
;__Lib_Math.c,1679 :: 		
0x0086	0x5004      	MOVF        R4, 0, 0
;__Lib_Math.c,1680 :: 		
0x0088	0x2608      	ADDWF       R8, 1, 0
;__Lib_Math.c,1681 :: 		
0x008A	0x5005      	MOVF        R5, 0, 0
;__Lib_Math.c,1684 :: 		
0x008C	0x2209      	ADDWFC      R9, 1, 0
;__Lib_Math.c,1685 :: 		
0x008E	0x5006      	MOVF        R6, 0, 0
;__Lib_Math.c,1688 :: 		
0x0090	0x220A      	ADDWFC      R10, 1, 0
;__Lib_Math.c,1689 :: 		
0x0092	0x5007      	MOVF        R7, 0, 0
;__Lib_Math.c,1692 :: 		
0x0094	0x220B      	ADDWFC      R11, 1, 0
;__Lib_Math.c,1694 :: 		
0x0096	0xD7EA      	BRA         _LOOP
;__Lib_Math.c,1696 :: 		
_EXIT1:
;__Lib_Math.c,1701 :: 		
0x0098	0x5004      	MOVF        R4, 0, 0
;__Lib_Math.c,1702 :: 		
0x009A	0x2608      	ADDWF       R8, 1, 0
;__Lib_Math.c,1703 :: 		
0x009C	0x5005      	MOVF        R5, 0, 0
;__Lib_Math.c,1706 :: 		
0x009E	0x2209      	ADDWFC      R9, 1, 0
;__Lib_Math.c,1707 :: 		
0x00A0	0x5006      	MOVF        R6, 0, 0
;__Lib_Math.c,1710 :: 		
0x00A2	0x220A      	ADDWFC      R10, 1, 0
;__Lib_Math.c,1711 :: 		
0x00A4	0x5007      	MOVF        R7, 0, 0
;__Lib_Math.c,1714 :: 		
0x00A6	0x220B      	ADDWFC      R11, 1, 0
;__Lib_Math.c,1717 :: 		
_EXIT2:
;__Lib_Math.c,1719 :: 		
L_end_Mul_32x32_U:
0x00A8	0x0012      	RETURN      0
; end of _Mul_32x32_U
_VDelay_ms:
;__Lib_Delays.c,123 :: 		void VDelay_ms(unsigned Time_ms){
;__Lib_Delays.c,126 :: 		NumberOfCyc = Clock_kHz()>>2;
0x00AA	0x0ED0      	MOVLW       208
0x00AC	0x6E1B      	MOVWF       VDelay_ms_NumberOfCyc_L0 
0x00AE	0x0E07      	MOVLW       7
0x00B0	0x6E1C      	MOVWF       VDelay_ms_NumberOfCyc_L0+1 
0x00B2	0x0E00      	MOVLW       0
0x00B4	0x6E1D      	MOVWF       VDelay_ms_NumberOfCyc_L0+2 
0x00B6	0x6E1E      	MOVWF       VDelay_ms_NumberOfCyc_L0+3 
;__Lib_Delays.c,127 :: 		NumberOfCyc *= Time_ms;
0x00B8	0x0ED0      	MOVLW       208
0x00BA	0x6E00      	MOVWF       R0 
0x00BC	0x0E07      	MOVLW       7
0x00BE	0x6E01      	MOVWF       R1 
0x00C0	0x0E00      	MOVLW       0
0x00C2	0x6E02      	MOVWF       R2 
0x00C4	0x0E00      	MOVLW       0
0x00C6	0x6E03      	MOVWF       R3 
0x00C8	0xF004C019  	MOVFF       FARG_VDelay_ms_Time_ms, R4
0x00CC	0xF005C01A  	MOVFF       FARG_VDelay_ms_Time_ms+1, R5
0x00D0	0x0E00      	MOVLW       0
0x00D2	0x6E06      	MOVWF       R6 
0x00D4	0x6E07      	MOVWF       R7 
0x00D6	0xDFC0      	RCALL       _Mul_32x32_U
0x00D8	0xF01BC000  	MOVFF       R0, VDelay_ms_NumberOfCyc_L0
0x00DC	0xF01CC001  	MOVFF       R1, VDelay_ms_NumberOfCyc_L0+1
0x00E0	0xF01DC002  	MOVFF       R2, VDelay_ms_NumberOfCyc_L0+2
0x00E4	0xF01EC003  	MOVFF       R3, VDelay_ms_NumberOfCyc_L0+3
;__Lib_Delays.c,128 :: 		if (NumberOfCyc < 660)
0x00E8	0x0E00      	MOVLW       0
0x00EA	0x5C03      	SUBWF       R3, 0 
0x00EC	0xE108      	BNZ         L__VDelay_ms54
0x00EE	0x0E00      	MOVLW       0
0x00F0	0x5C02      	SUBWF       R2, 0 
0x00F2	0xE105      	BNZ         L__VDelay_ms54
0x00F4	0x0E02      	MOVLW       2
0x00F6	0x5C01      	SUBWF       R1, 0 
0x00F8	0xE102      	BNZ         L__VDelay_ms54
0x00FA	0x0E94      	MOVLW       148
0x00FC	0x5C00      	SUBWF       R0, 0 
L__VDelay_ms54:
0x00FE	0xE201      	BC          L_VDelay_ms23
;__Lib_Delays.c,129 :: 		return;
0x0100	0xD031      	BRA         L_end_VDelay_ms
L_VDelay_ms23:
;__Lib_Delays.c,130 :: 		NumberOfCyc -= 660;
0x0102	0x0E94      	MOVLW       148
0x0104	0x5E1B      	SUBWF       VDelay_ms_NumberOfCyc_L0, 1 
0x0106	0x0E02      	MOVLW       2
0x0108	0x5A1C      	SUBWFB      VDelay_ms_NumberOfCyc_L0+1, 1 
0x010A	0x0E00      	MOVLW       0
0x010C	0x5A1D      	SUBWFB      VDelay_ms_NumberOfCyc_L0+2, 1 
0x010E	0x5A1E      	SUBWFB      VDelay_ms_NumberOfCyc_L0+3, 1 
;__Lib_Delays.c,131 :: 		NumberOfCyc >>=  5;
0x0110	0x0E05      	MOVLW       5
0x0112	0x6E00      	MOVWF       R0 
0x0114	0x5000      	MOVF        R0, 0 
L__VDelay_ms55:
0x0116	0xE007      	BZ          L__VDelay_ms56
0x0118	0x321E      	RRCF        VDelay_ms_NumberOfCyc_L0+3, 1 
0x011A	0x321D      	RRCF        VDelay_ms_NumberOfCyc_L0+2, 1 
0x011C	0x321C      	RRCF        VDelay_ms_NumberOfCyc_L0+1, 1 
0x011E	0x321B      	RRCF        VDelay_ms_NumberOfCyc_L0, 1 
0x0120	0x9E1E      	BCF         VDelay_ms_NumberOfCyc_L0+3, 7 
0x0122	0x0FFF      	ADDLW       255
0x0124	0xD7F8      	BRA         L__VDelay_ms55
L__VDelay_ms56:
;__Lib_Delays.c,133 :: 		while (NumberOfCyc--)
L_VDelay_ms24:
0x0126	0xF000C01B  	MOVFF       VDelay_ms_NumberOfCyc_L0, R0
0x012A	0xF001C01C  	MOVFF       VDelay_ms_NumberOfCyc_L0+1, R1
0x012E	0xF002C01D  	MOVFF       VDelay_ms_NumberOfCyc_L0+2, R2
0x0132	0xF003C01E  	MOVFF       VDelay_ms_NumberOfCyc_L0+3, R3
0x0136	0x0E01      	MOVLW       1
0x0138	0x5E1B      	SUBWF       VDelay_ms_NumberOfCyc_L0, 1 
0x013A	0x0E00      	MOVLW       0
0x013C	0x5A1C      	SUBWFB      VDelay_ms_NumberOfCyc_L0+1, 1 
0x013E	0x5A1D      	SUBWFB      VDelay_ms_NumberOfCyc_L0+2, 1 
0x0140	0x5A1E      	SUBWFB      VDelay_ms_NumberOfCyc_L0+3, 1 
0x0142	0x5000      	MOVF        R0, 0 
0x0144	0x1001      	IORWF       R1, 0 
0x0146	0x1002      	IORWF       R2, 0 
0x0148	0x1003      	IORWF       R3, 0 
0x014A	0xE00C      	BZ          L_VDelay_ms25
;__Lib_Delays.c,135 :: 		asm nop;
0x014C	0x0000      	NOP
;__Lib_Delays.c,136 :: 		asm nop;
0x014E	0x0000      	NOP
;__Lib_Delays.c,137 :: 		asm nop;
0x0150	0x0000      	NOP
;__Lib_Delays.c,138 :: 		asm nop;
0x0152	0x0000      	NOP
;__Lib_Delays.c,139 :: 		asm nop;
0x0154	0x0000      	NOP
;__Lib_Delays.c,140 :: 		asm nop;
0x0156	0x0000      	NOP
;__Lib_Delays.c,141 :: 		asm nop;
0x0158	0x0000      	NOP
;__Lib_Delays.c,142 :: 		asm nop;
0x015A	0x0000      	NOP
;__Lib_Delays.c,143 :: 		asm nop;
0x015C	0x0000      	NOP
;__Lib_Delays.c,144 :: 		asm nop;
0x015E	0x0000      	NOP
;__Lib_Delays.c,145 :: 		asm nop;
0x0160	0x0000      	NOP
;__Lib_Delays.c,146 :: 		}
0x0162	0xD7E1      	BRA         L_VDelay_ms24
L_VDelay_ms25:
;__Lib_Delays.c,147 :: 		}
L_end_VDelay_ms:
0x0164	0x0012      	RETURN      0
; end of _VDelay_ms
___CC2DW:
;__Lib_System.c,21 :: 		
;__Lib_System.c,23 :: 		
_CC2DL_Loop1:
;__Lib_System.c,24 :: 		
0x0166	0x0009      	TBLRD*+
;__Lib_System.c,25 :: 		
0x0168	0xFFE6CFF5  	MOVFF       TABLAT, POSTINC1
;__Lib_System.c,26 :: 		
0x016C	0x0600      	DECF        R0, 1, 0
;__Lib_System.c,27 :: 		
0x016E	0xE1FB      	BNZ         _CC2DL_Loop1
;__Lib_System.c,28 :: 		
0x0170	0x0601      	DECF        R1, 1, 0
;__Lib_System.c,29 :: 		
0x0172	0xE1F9      	BNZ         _CC2DL_Loop1
;__Lib_System.c,31 :: 		
L_end___CC2DW:
0x0174	0x0012      	RETURN      0
; end of ___CC2DW
_main:
0x0176	0x0EFA      	MOVLW       250
0x0178	0x6E16      	MOVWF       _mio 
0x017A	0x6A17      	CLRF        23 
;Lab2_es2.c,4 :: 		void main() {
;Lab2_es2.c,5 :: 		short int sentinella=0;
0x017C	0x6A18      	CLRF        main_sentinella_L0 
;Lab2_es2.c,6 :: 		TRISB = 0b11000000;
0x017E	0x0EC0      	MOVLW       192
0x0180	0x6E93      	MOVWF       TRISB 
;Lab2_es2.c,8 :: 		ANSELB = 0x3F;
0x0182	0x0E3F      	MOVLW       63
0x0184	0x010F      	MOVLB       15
0x0186	0x6F39      	MOVWF       ANSELB, 1
;Lab2_es2.c,10 :: 		IOCB = 0b11000000;
0x0188	0x0EC0      	MOVLW       192
0x018A	0x6E62      	MOVWF       IOCB 
;Lab2_es2.c,11 :: 		INTCON = 0b10001000;
0x018C	0x0E88      	MOVLW       136
0x018E	0x6EF2      	MOVWF       INTCON 
;Lab2_es2.c,17 :: 		TRISD = 0x00;
0x0190	0x6A95      	CLRF        TRISD 
;Lab2_es2.c,18 :: 		LATD = 0x01;
0x0192	0x0E01      	MOVLW       1
0x0194	0x6E8C      	MOVWF       LATD 
;Lab2_es2.c,21 :: 		while(1){
L_main0:
;Lab2_es2.c,22 :: 		if(LATD == 0b10000000)
0x0196	0x508C      	MOVF        LATD, 0 
0x0198	0x0A80      	XORLW       128
0x019A	0xE103      	BNZ         L_main2
;Lab2_es2.c,23 :: 		sentinella = 1;
0x019C	0x0E01      	MOVLW       1
0x019E	0x6E18      	MOVWF       main_sentinella_L0 
0x01A0	0xD004      	BRA         L_main3
L_main2:
;Lab2_es2.c,24 :: 		else if(LATD == 0b00000001)
0x01A2	0x508C      	MOVF        LATD, 0 
0x01A4	0x0A01      	XORLW       1
0x01A6	0xB4D8      	BTFSC       STATUS, 2 
;Lab2_es2.c,25 :: 		sentinella = 0;
0x01A8	0x6A18      	CLRF        main_sentinella_L0 
L_main4:
L_main3:
;Lab2_es2.c,27 :: 		if(!sentinella)
0x01AA	0x5218      	MOVF        main_sentinella_L0, 1 
0x01AC	0xE107      	BNZ         L_main5
;Lab2_es2.c,28 :: 		LATD = LATD << 1;
0x01AE	0xF000CF8C  	MOVFF       LATD, R0
0x01B2	0x3600      	RLCF        R0, 1 
0x01B4	0x9000      	BCF         R0, 0 
0x01B6	0xFF8CC000  	MOVFF       R0, LATD
0x01BA	0xD006      	BRA         L_main6
L_main5:
;Lab2_es2.c,30 :: 		LATD = LATD >> 1;
0x01BC	0xF000CF8C  	MOVFF       LATD, R0
0x01C0	0x3200      	RRCF        R0, 1 
0x01C2	0x9E00      	BCF         R0, 7 
0x01C4	0xFF8CC000  	MOVFF       R0, LATD
L_main6:
;Lab2_es2.c,31 :: 		Vdelay_ms(mio);
0x01C8	0xF019C016  	MOVFF       _mio, FARG_VDelay_ms_Time_ms
0x01CC	0xF01AC017  	MOVFF       _mio+1, FARG_VDelay_ms_Time_ms+1
0x01D0	0xDF6C      	RCALL       _VDelay_ms
;Lab2_es2.c,32 :: 		}
0x01D2	0xD7E1      	BRA         L_main0
;Lab2_es2.c,33 :: 		}
L_end_main:
0x01D4	0xD7FF      	BRA         $+0
; end of _main
Symbol List:
//** Routines locations **
//ADDRESS    SIZE    PROCEDURE
//----------------------------------------------
0x0008      [80]    _interrupt
0x0058      [82]    _Mul_32x32_U
0x00AA     [188]    _VDelay_ms
0x0166      [16]    ___CC2DW
0x0176      [96]    _main
//** Variables locations ** 
//ADDRESS    SIZE    VARIABLE
//----------------------------------------------
0x0000       [1]    R0
0x0001       [1]    R1
0x0002       [1]    R2
0x0003       [1]    R3
0x0004       [1]    R4
0x0005       [1]    R5
0x0006       [1]    R6
0x0007       [1]    R7
0x0008       [1]    R8
0x0009       [1]    R9
0x000A       [1]    R10
0x000B       [1]    R11
0x000C       [1]    R12
0x000D       [1]    R13
0x000E       [1]    R14
0x000F       [1]    R15
0x0010       [1]    R16
0x0011       [1]    R17
0x0012       [1]    R18
0x0013       [1]    R19
0x0014       [1]    R20
0x0016       [2]    _mio
0x0018       [1]    main_sentinella_L0
0x0019       [2]    FARG_VDelay_ms_Time_ms
0x001B       [4]    VDelay_ms_NumberOfCyc_L0
0x0F39       [1]    ANSELB
0x0F62       [1]    IOCB
0x0F81       [1]    PORTB
0x0F8C       [1]    LATD
0x0F93       [1]    TRISB
0x0F95       [1]    TRISD
0x0FD8       [1]    STATUS
0x0FD9       [1]    FSR2L
0x0FDA       [1]    FSR2H
0x0FDE       [1]    POSTINC2
0x0FE0       [1]    BSR
0x0FE1       [1]    FSR1L
0x0FE2       [1]    FSR1H
0x0FE4       [1]    PREINC1
0x0FE6       [1]    POSTINC1
0x0FE7       [1]    INDF1
0x0FE8       [1]    WREG
0x0FE9       [1]    FSR0L
0x0FEA       [1]    FSR0H
0x0FEE       [1]    POSTINC0
0x0FF2       [1]    INTCON
0x0FF3       [1]    PRODL
0x0FF4       [1]    PRODH
0x0FF5       [1]    TABLAT
0x0FF6       [1]    TBLPTRL
0x0FF7       [1]    TBLPTRH
0x0FF8       [1]    TBLPTRU
