;  LST file generated by mikroListExporter - v.2.0 
; Date/Time: 30-Mar-22 16:06:33
;----------------------------------------------

;Address Opcode 	ASM
0x0000	0xF000EF3B  	GOTO        118
_interrupt:
;Lab3_es1.c,40 :: 		void interrupt(){
0x0008	0xF015C000  	MOVFF       R0, 21
;Lab3_es1.c,42 :: 		if(INTCON.RBIF){
0x000C	0xA0F2      	BTFSS       INTCON, 0 
0x000E	0xD021      	BRA         L_interrupt8
;Lab3_es1.c,43 :: 		if(PORTB.RB7 && dly<1000){
0x0010	0xAE81      	BTFSS       PORTB, 7 
0x0012	0xD00F      	BRA         L_interrupt11
0x0014	0x0E80      	MOVLW       128
0x0016	0x1817      	XORWF       _dly+1, 0 
0x0018	0x6E00      	MOVWF       R0 
0x001A	0x0E80      	MOVLW       128
0x001C	0x0A03      	XORLW       3
0x001E	0x5C00      	SUBWF       R0, 0 
0x0020	0xE102      	BNZ         L__interrupt23
0x0022	0x0EE8      	MOVLW       232
0x0024	0x5C16      	SUBWF       _dly, 0 
L__interrupt23:
0x0026	0xE205      	BC          L_interrupt11
L__interrupt18:
;Lab3_es1.c,44 :: 		dly += 100;}
0x0028	0x0E64      	MOVLW       100
0x002A	0x2616      	ADDWF       _dly, 1 
0x002C	0x0E00      	MOVLW       0
0x002E	0x2217      	ADDWFC      _dly+1, 1 
0x0030	0xD00F      	BRA         L_interrupt12
L_interrupt11:
;Lab3_es1.c,45 :: 		else if(PORTB.RB6 && dly>50){
0x0032	0xAC81      	BTFSS       PORTB, 6 
0x0034	0xD00D      	BRA         L_interrupt15
0x0036	0x0E80      	MOVLW       128
0x0038	0x6E00      	MOVWF       R0 
0x003A	0x0E80      	MOVLW       128
0x003C	0x1817      	XORWF       _dly+1, 0 
0x003E	0x5C00      	SUBWF       R0, 0 
0x0040	0xE102      	BNZ         L__interrupt24
0x0042	0x5016      	MOVF        _dly, 0 
0x0044	0x0832      	SUBLW       50
L__interrupt24:
0x0046	0xE204      	BC          L_interrupt15
L__interrupt17:
;Lab3_es1.c,46 :: 		dly -= 100;}
0x0048	0x0E64      	MOVLW       100
0x004A	0x5E16      	SUBWF       _dly, 1 
0x004C	0x0E00      	MOVLW       0
0x004E	0x5A17      	SUBWFB      _dly+1, 1 
L_interrupt15:
L_interrupt12:
;Lab3_es1.c,48 :: 		INTCON.RBIF = 0;
0x0050	0x90F2      	BCF         INTCON, 0 
;Lab3_es1.c,49 :: 		}
L_interrupt8:
;Lab3_es1.c,51 :: 		if(INTCON.TMR0IF){
0x0052	0xA4F2      	BTFSS       INTCON, 2 
0x0054	0xD005      	BRA         L_interrupt16
;Lab3_es1.c,52 :: 		mio +=32;
0x0056	0x0E20      	MOVLW       32
0x0058	0x2618      	ADDWF       _mio, 1 
0x005A	0x0E00      	MOVLW       0
0x005C	0x2219      	ADDWFC      _mio+1, 1 
;Lab3_es1.c,53 :: 		INTCON.TMR0IF = 0;
0x005E	0x94F2      	BCF         INTCON, 2 
;Lab3_es1.c,54 :: 		}
L_interrupt16:
;Lab3_es1.c,55 :: 		}
L_end_interrupt:
L__interrupt22:
0x0060	0xF000C015  	MOVFF       21, R0
0x0064	0x0011      	RETFIE      1
; end of _interrupt
___CC2DW:
;__Lib_System.c,21 :: 		
;__Lib_System.c,23 :: 		
_CC2DL_Loop1:
;__Lib_System.c,24 :: 		
0x0066	0x0009      	TBLRD*+
;__Lib_System.c,25 :: 		
0x0068	0xFFE6CFF5  	MOVFF       TABLAT, POSTINC1
;__Lib_System.c,26 :: 		
0x006C	0x0600      	DECF        R0, 1, 0
;__Lib_System.c,27 :: 		
0x006E	0xE1FB      	BNZ         _CC2DL_Loop1
;__Lib_System.c,28 :: 		
0x0070	0x0601      	DECF        R1, 1, 0
;__Lib_System.c,29 :: 		
0x0072	0xE1F9      	BNZ         _CC2DL_Loop1
;__Lib_System.c,31 :: 		
L_end___CC2DW:
0x0074	0x0012      	RETURN      0
; end of ___CC2DW
_main:
0x0076	0x0E64      	MOVLW       100
0x0078	0x6E16      	MOVWF       _dly 
0x007A	0x6A17      	CLRF        23 
0x007C	0x6A18      	CLRF        _mio 
0x007E	0x6A19      	CLRF        25 
;Lab3_es1.c,5 :: 		void main() {
;Lab3_es1.c,6 :: 		short int sentinella=0;
0x0080	0x6A1A      	CLRF        main_sentinella_L0 
;Lab3_es1.c,7 :: 		TRISB = 0b11000000;
0x0082	0x0EC0      	MOVLW       192
0x0084	0x6E93      	MOVWF       TRISB 
;Lab3_es1.c,9 :: 		ANSELB = 0x3F;
0x0086	0x0E3F      	MOVLW       63
0x0088	0x010F      	MOVLB       15
0x008A	0x6F39      	MOVWF       ANSELB, 1
;Lab3_es1.c,11 :: 		IOCB = 0b11000000;
0x008C	0x0EC0      	MOVLW       192
0x008E	0x6E62      	MOVWF       IOCB 
;Lab3_es1.c,12 :: 		INTCON = 0b10101000;
0x0090	0x0EA8      	MOVLW       168
0x0092	0x6EF2      	MOVWF       INTCON 
;Lab3_es1.c,18 :: 		TRISD = 0x00;
0x0094	0x6A95      	CLRF        TRISD 
;Lab3_es1.c,19 :: 		LATD = 0x01;
0x0096	0x0E01      	MOVLW       1
0x0098	0x6E8C      	MOVWF       LATD 
;Lab3_es1.c,21 :: 		T0CON = 0b11000111;
0x009A	0x0EC7      	MOVLW       199
0x009C	0x6ED5      	MOVWF       T0CON 
;Lab3_es1.c,22 :: 		TMR0L = 0b00000110;
0x009E	0x0E06      	MOVLW       6
0x00A0	0x6ED6      	MOVWF       TMR0L 
;Lab3_es1.c,25 :: 		while(1){
L_main0:
;Lab3_es1.c,26 :: 		if(LATD == 0b10000000)
0x00A2	0x508C      	MOVF        LATD, 0 
0x00A4	0x0A80      	XORLW       128
0x00A6	0xE103      	BNZ         L_main2
;Lab3_es1.c,27 :: 		sentinella = 1;
0x00A8	0x0E01      	MOVLW       1
0x00AA	0x6E1A      	MOVWF       main_sentinella_L0 
0x00AC	0xD004      	BRA         L_main3
L_main2:
;Lab3_es1.c,28 :: 		else if(LATD == 0b00000001)
0x00AE	0x508C      	MOVF        LATD, 0 
0x00B0	0x0A01      	XORLW       1
0x00B2	0xB4D8      	BTFSC       STATUS, 2 
;Lab3_es1.c,29 :: 		sentinella = 0;
0x00B4	0x6A1A      	CLRF        main_sentinella_L0 
L_main4:
L_main3:
;Lab3_es1.c,30 :: 		if(mio > dly){
0x00B6	0x0E80      	MOVLW       128
0x00B8	0x1817      	XORWF       _dly+1, 0 
0x00BA	0x6E00      	MOVWF       R0 
0x00BC	0x0E80      	MOVLW       128
0x00BE	0x1819      	XORWF       _mio+1, 0 
0x00C0	0x5C00      	SUBWF       R0, 0 
0x00C2	0xE102      	BNZ         L__main20
0x00C4	0x5018      	MOVF        _mio, 0 
0x00C6	0x5C16      	SUBWF       _dly, 0 
L__main20:
0x00C8	0xE211      	BC          L_main5
;Lab3_es1.c,31 :: 		if(!sentinella)
0x00CA	0x521A      	MOVF        main_sentinella_L0, 1 
0x00CC	0xE107      	BNZ         L_main6
;Lab3_es1.c,32 :: 		LATD <<= 1;
0x00CE	0xF000CF8C  	MOVFF       LATD, R0
0x00D2	0x3600      	RLCF        R0, 1 
0x00D4	0x9000      	BCF         R0, 0 
0x00D6	0xFF8CC000  	MOVFF       R0, LATD
0x00DA	0xD006      	BRA         L_main7
L_main6:
;Lab3_es1.c,34 :: 		LATD >>= 1;}
0x00DC	0xF000CF8C  	MOVFF       LATD, R0
0x00E0	0x3200      	RRCF        R0, 1 
0x00E2	0x9E00      	BCF         R0, 7 
0x00E4	0xFF8CC000  	MOVFF       R0, LATD
L_main7:
;Lab3_es1.c,35 :: 		mio = 0;
0x00E8	0x6A18      	CLRF        _mio 
0x00EA	0x6A19      	CLRF        _mio+1 
;Lab3_es1.c,36 :: 		}
L_main5:
;Lab3_es1.c,37 :: 		}
0x00EC	0xD7DA      	BRA         L_main0
;Lab3_es1.c,38 :: 		}
L_end_main:
0x00EE	0xD7FF      	BRA         $+0
; end of _main
Symbol List:
//** Routines locations **
//ADDRESS    SIZE    PROCEDURE
//----------------------------------------------
0x0008      [94]    _interrupt
0x0066      [16]    ___CC2DW
0x0076     [122]    _main
//** Variables locations ** 
//ADDRESS    SIZE    VARIABLE
//----------------------------------------------
0x0000       [1]    R0
0x0001       [1]    R1
0x0002       [1]    R2
0x0003       [1]    R3
0x0004       [1]    R4
0x0005       [1]    R5
0x0006       [1]    R6
0x0007       [1]    R7
0x0008       [1]    R8
0x0009       [1]    R9
0x000A       [1]    R10
0x000B       [1]    R11
0x000C       [1]    R12
0x000D       [1]    R13
0x000E       [1]    R14
0x000F       [1]    R15
0x0010       [1]    R16
0x0011       [1]    R17
0x0012       [1]    R18
0x0013       [1]    R19
0x0014       [1]    R20
0x0016       [2]    _dly
0x0018       [2]    _mio
0x001A       [1]    main_sentinella_L0
0x0F39       [1]    ANSELB
0x0F62       [1]    IOCB
0x0F81       [1]    PORTB
0x0F8C       [1]    LATD
0x0F93       [1]    TRISB
0x0F95       [1]    TRISD
0x0FD5       [1]    T0CON
0x0FD6       [1]    TMR0L
0x0FD8       [1]    STATUS
0x0FD9       [1]    FSR2L
0x0FDA       [1]    FSR2H
0x0FDE       [1]    POSTINC2
0x0FE0       [1]    BSR
0x0FE1       [1]    FSR1L
0x0FE2       [1]    FSR1H
0x0FE4       [1]    PREINC1
0x0FE6       [1]    POSTINC1
0x0FE7       [1]    INDF1
0x0FE8       [1]    WREG
0x0FE9       [1]    FSR0L
0x0FEA       [1]    FSR0H
0x0FEE       [1]    POSTINC0
0x0FF2       [1]    INTCON
0x0FF3       [1]    PRODL
0x0FF4       [1]    PRODH
0x0FF5       [1]    TABLAT
0x0FF6       [1]    TBLPTRL
0x0FF7       [1]    TBLPTRH
0x0FF8       [1]    TBLPTRU
