;  LST file generated by mikroListExporter - v.2.0 
; Date/Time: 24-Apr-22 19:53:04
;----------------------------------------------

;Address Opcode 	ASM
0x0000	0xF002EF84  	GOTO        1288
_interrupt:
;Lab4_es4.c,120 :: 		void interrupt(){
0x0008	0xF017C000  	MOVFF       R0, 23
0x000C	0xF016C001  	MOVFF       R1, 22
0x0010	0xF015C002  	MOVFF       R2, 21
;Lab4_es4.c,122 :: 		if (PORTA.RA3 && delay_kitt<1000)
0x0014	0xA680      	BTFSS       PORTA, 3 
0x0016	0xD00F      	BRA         L_interrupt32
0x0018	0x0E80      	MOVLW       128
0x001A	0x1819      	XORWF       _delay_kitt+1, 0 
0x001C	0x6E00      	MOVWF       R0 
0x001E	0x0E80      	MOVLW       128
0x0020	0x0A03      	XORLW       3
0x0022	0x5C00      	SUBWF       R0, 0 
0x0024	0xE102      	BNZ         L__interrupt63
0x0026	0x0EE8      	MOVLW       232
0x0028	0x5C18      	SUBWF       _delay_kitt, 0 
L__interrupt63:
0x002A	0xE205      	BC          L_interrupt32
L__interrupt48:
;Lab4_es4.c,123 :: 		delay_kitt +=20;
0x002C	0x0E14      	MOVLW       20
0x002E	0x2618      	ADDWF       _delay_kitt, 1 
0x0030	0x0E00      	MOVLW       0
0x0032	0x2219      	ADDWFC      _delay_kitt+1, 1 
0x0034	0xD00F      	BRA         L_interrupt33
L_interrupt32:
;Lab4_es4.c,124 :: 		else if (PORTA.RA4 && delay_kitt>20)
0x0036	0xA880      	BTFSS       PORTA, 4 
0x0038	0xD00D      	BRA         L_interrupt36
0x003A	0x0E80      	MOVLW       128
0x003C	0x6E00      	MOVWF       R0 
0x003E	0x0E80      	MOVLW       128
0x0040	0x1819      	XORWF       _delay_kitt+1, 0 
0x0042	0x5C00      	SUBWF       R0, 0 
0x0044	0xE102      	BNZ         L__interrupt64
0x0046	0x5018      	MOVF        _delay_kitt, 0 
0x0048	0x0814      	SUBLW       20
L__interrupt64:
0x004A	0xE204      	BC          L_interrupt36
L__interrupt47:
;Lab4_es4.c,125 :: 		delay_kitt -=20;
0x004C	0x0E14      	MOVLW       20
0x004E	0x5E18      	SUBWF       _delay_kitt, 1 
0x0050	0x0E00      	MOVLW       0
0x0052	0x5A19      	SUBWFB      _delay_kitt+1, 1 
L_interrupt36:
L_interrupt33:
;Lab4_es4.c,127 :: 		if (PORTA.RA2){ //precedenza al reset
0x0054	0xA480      	BTFSS       PORTA, 2 
0x0056	0xD004      	BRA         L_interrupt37
;Lab4_es4.c,128 :: 		stop = 0;
0x0058	0x6A23      	CLRF        _stop 
;Lab4_es4.c,129 :: 		reset = 1;}
0x005A	0x0E01      	MOVLW       1
0x005C	0x6E22      	MOVWF       _reset 
0x005E	0xD00A      	BRA         L_interrupt38
L_interrupt37:
;Lab4_es4.c,130 :: 		else if (PORTA.RA1){ //poi stop
0x0060	0xA280      	BTFSS       PORTA, 1 
0x0062	0xD004      	BRA         L_interrupt39
;Lab4_es4.c,131 :: 		stop = 1;
0x0064	0x0E01      	MOVLW       1
0x0066	0x6E23      	MOVWF       _stop 
;Lab4_es4.c,132 :: 		reset = 0;}
0x0068	0x6A22      	CLRF        _reset 
0x006A	0xD004      	BRA         L_interrupt40
L_interrupt39:
;Lab4_es4.c,133 :: 		else if (PORTA.RA0){ //infine start
0x006C	0xA080      	BTFSS       PORTA, 0 
0x006E	0xD002      	BRA         L_interrupt41
;Lab4_es4.c,134 :: 		stop = 0;
0x0070	0x6A23      	CLRF        _stop 
;Lab4_es4.c,135 :: 		reset = 0;}
0x0072	0x6A22      	CLRF        _reset 
L_interrupt41:
L_interrupt40:
L_interrupt38:
;Lab4_es4.c,138 :: 		if(INTCON.TMR0IF){
0x0074	0xA4F2      	BTFSS       INTCON, 2 
0x0076	0xD023      	BRA         L_interrupt42
;Lab4_es4.c,139 :: 		INTCON.TMR0IF = 0;
0x0078	0x94F2      	BCF         INTCON, 2 
;Lab4_es4.c,140 :: 		delay_ms_1 +=8;
0x007A	0x0E08      	MOVLW       8
0x007C	0x261E      	ADDWF       _delay_ms_1, 1 
0x007E	0x0E00      	MOVLW       0
0x0080	0x221F      	ADDWFC      _delay_ms_1+1, 1 
;Lab4_es4.c,141 :: 		delay_ms_2 +=8;
0x0082	0x0E08      	MOVLW       8
0x0084	0x261A      	ADDWF       _delay_ms_2, 1 
0x0086	0x0E00      	MOVLW       0
0x0088	0x221B      	ADDWFC      _delay_ms_2+1, 1 
;Lab4_es4.c,142 :: 		delay_us +=192;
0x008A	0x0EC0      	MOVLW       192
0x008C	0x241C      	ADDWF       _delay_us, 0 
0x008E	0x6E01      	MOVWF       R1 
0x0090	0x0E00      	MOVLW       0
0x0092	0x201D      	ADDWFC      _delay_us+1, 0 
0x0094	0x6E02      	MOVWF       R2 
0x0096	0xF01CC001  	MOVFF       R1, _delay_us
0x009A	0xF01DC002  	MOVFF       R2, _delay_us+1
;Lab4_es4.c,143 :: 		if (delay_us >= 1000)
0x009E	0x0E80      	MOVLW       128
0x00A0	0x1802      	XORWF       R2, 0 
0x00A2	0x6E00      	MOVWF       R0 
0x00A4	0x0E80      	MOVLW       128
0x00A6	0x0A03      	XORLW       3
0x00A8	0x5C00      	SUBWF       R0, 0 
0x00AA	0xE102      	BNZ         L__interrupt65
0x00AC	0x0EE8      	MOVLW       232
0x00AE	0x5C01      	SUBWF       R1, 0 
L__interrupt65:
0x00B0	0xE306      	BNC         L_interrupt43
;Lab4_es4.c,145 :: 		delay_ms_1 +=1;
0x00B2	0x4A1E      	INFSNZ      _delay_ms_1, 1 
0x00B4	0x2A1F      	INCF        _delay_ms_1+1, 1 
;Lab4_es4.c,146 :: 		delay_ms_2 +=1;
0x00B6	0x4A1A      	INFSNZ      _delay_ms_2, 1 
0x00B8	0x2A1B      	INCF        _delay_ms_2+1, 1 
;Lab4_es4.c,147 :: 		delay_us = 0;
0x00BA	0x6A1C      	CLRF        _delay_us 
0x00BC	0x6A1D      	CLRF        _delay_us+1 
;Lab4_es4.c,148 :: 		}
L_interrupt43:
;Lab4_es4.c,149 :: 		}
L_interrupt42:
;Lab4_es4.c,151 :: 		}
L_end_interrupt:
L__interrupt62:
0x00BE	0xF000C017  	MOVFF       23, R0
0x00C2	0xF001C016  	MOVFF       22, R1
0x00C6	0xF002C015  	MOVFF       21, R2
0x00CA	0x0011      	RETFIE      1
; end of _interrupt
_Delay_1us:
;__Lib_Delays.c,7 :: 		void Delay_1us() {
;__Lib_Delays.c,8 :: 		Delay_us(1);
0x00CC	0x0000      	NOP
0x00CE	0x0000      	NOP
;__Lib_Delays.c,9 :: 		}
L_end_Delay_1us:
0x00D0	0x0012      	RETURN      0
; end of _Delay_1us
_Delay_5500us:
;__Lib_Delays.c,31 :: 		void Delay_5500us() {
;__Lib_Delays.c,32 :: 		Delay_us(5500);
0x00D2	0x0E0F      	MOVLW       15
0x00D4	0x6E0C      	MOVWF       R12, 0
0x00D6	0x0E47      	MOVLW       71
0x00D8	0x6E0D      	MOVWF       R13, 0
L_Delay_5500us5:
0x00DA	0x2E0D      	DECFSZ      R13, 1, 0
0x00DC	0xD7FE      	BRA         L_Delay_5500us5
0x00DE	0x2E0C      	DECFSZ      R12, 1, 0
0x00E0	0xD7FC      	BRA         L_Delay_5500us5
0x00E2	0x0000      	NOP
0x00E4	0x0000      	NOP
;__Lib_Delays.c,33 :: 		}
L_end_Delay_5500us:
0x00E6	0x0012      	RETURN      0
; end of _Delay_5500us
_Delay_50us:
;__Lib_Delays.c,19 :: 		void Delay_50us() {
;__Lib_Delays.c,20 :: 		Delay_us(50);
0x00E8	0x0E21      	MOVLW       33
0x00EA	0x6E0D      	MOVWF       R13, 0
L_Delay_50us2:
0x00EC	0x2E0D      	DECFSZ      R13, 1, 0
0x00EE	0xD7FE      	BRA         L_Delay_50us2
;__Lib_Delays.c,21 :: 		}
L_end_Delay_50us:
0x00F0	0x0012      	RETURN      0
; end of _Delay_50us
_Div_16X16_U:
;__Lib_Math.c,102 :: 		
;__Lib_Math.c,109 :: 		
0x00F2	0x6A08      	CLRF        R8, 0
;__Lib_Math.c,110 :: 		
0x00F4	0x6A09      	CLRF        R9, 0
;__Lib_Math.c,111 :: 		
0x00F6	0x0E10      	MOVLW       16
;__Lib_Math.c,112 :: 		
0x00F8	0x6E0C      	MOVWF       R12, 0
;__Lib_Math.c,113 :: 		
0x00FA	0x3401      	RLCF        R1, 0, 0
;__Lib_Math.c,114 :: 		
0x00FC	0x3608      	RLCF        R8, 1, 0
;__Lib_Math.c,115 :: 		
0x00FE	0x3609      	RLCF        R9, 1, 0
;__Lib_Math.c,116 :: 		
0x0100	0x5004      	MOVF        R4, 0, 0
;__Lib_Math.c,117 :: 		
0x0102	0x5E08      	SUBWF       R8, 1, 0
;__Lib_Math.c,118 :: 		
0x0104	0x5005      	MOVF        R5, 0, 0
;__Lib_Math.c,119 :: 		
0x0106	0xA0D8      	BTFSS       STATUS, 0, 0
;__Lib_Math.c,120 :: 		
0x0108	0x3C05      	INCFSZ      R5, 0, 0
;__Lib_Math.c,121 :: 		
0x010A	0x5E09      	SUBWF       R9, 1, 0
;__Lib_Math.c,122 :: 		
0x010C	0xB0D8      	BTFSC       STATUS, 0, 0
;__Lib_Math.c,123 :: 		
0x010E	0xD007      	BRA         $+16
;__Lib_Math.c,124 :: 		
0x0110	0x5004      	MOVF        R4, 0, 0
;__Lib_Math.c,125 :: 		
0x0112	0x2608      	ADDWF       R8, 1, 0
;__Lib_Math.c,126 :: 		
0x0114	0x5005      	MOVF        R5, 0, 0
;__Lib_Math.c,127 :: 		
0x0116	0xB0D8      	BTFSC       STATUS, 0, 0
;__Lib_Math.c,128 :: 		
0x0118	0x3C05      	INCFSZ      R5, 0, 0
;__Lib_Math.c,129 :: 		
0x011A	0x2609      	ADDWF       R9, 1, 0
;__Lib_Math.c,130 :: 		
0x011C	0x90D8      	BCF         STATUS, 0, 0
;__Lib_Math.c,131 :: 		
0x011E	0x3600      	RLCF        R0, 1, 0
;__Lib_Math.c,132 :: 		
0x0120	0x3601      	RLCF        R1, 1, 0
;__Lib_Math.c,133 :: 		
0x0122	0x2E0C      	DECFSZ      R12, 1, 0
;__Lib_Math.c,134 :: 		
0x0124	0xD7EA      	BRA         $-42
;__Lib_Math.c,136 :: 		
L_end_Div_16X16_U:
0x0126	0x0012      	RETURN      0
; end of _Div_16X16_U
_Lcd_Cmd:
;__Lib_Lcd.c,18 :: 		
;__Lib_Lcd.c,20 :: 		
0x0128	0x0100      	MOVLB       0
0x012A	0xBF63      	BTFSC       FARG_Lcd_Cmd_out_char, 7, 1
0x012C	0xD002      	BRA         L__Lcd_Cmd21
0x012E	0x968A      	BCF         LCD_D7, BitPos(LCD_D7+0) 
0x0130	0xD001      	BRA         L__Lcd_Cmd22
L__Lcd_Cmd21:
0x0132	0x868A      	BSF         LCD_D7, BitPos(LCD_D7+0) 
L__Lcd_Cmd22:
;__Lib_Lcd.c,21 :: 		
0x0134	0xBD63      	BTFSC       FARG_Lcd_Cmd_out_char, 6, 1
0x0136	0xD002      	BRA         L__Lcd_Cmd23
0x0138	0x948A      	BCF         LCD_D6, BitPos(LCD_D6+0) 
0x013A	0xD001      	BRA         L__Lcd_Cmd24
L__Lcd_Cmd23:
0x013C	0x848A      	BSF         LCD_D6, BitPos(LCD_D6+0) 
L__Lcd_Cmd24:
;__Lib_Lcd.c,22 :: 		
0x013E	0xBB63      	BTFSC       FARG_Lcd_Cmd_out_char, 5, 1
0x0140	0xD002      	BRA         L__Lcd_Cmd25
0x0142	0x928A      	BCF         LCD_D5, BitPos(LCD_D5+0) 
0x0144	0xD001      	BRA         L__Lcd_Cmd26
L__Lcd_Cmd25:
0x0146	0x828A      	BSF         LCD_D5, BitPos(LCD_D5+0) 
L__Lcd_Cmd26:
;__Lib_Lcd.c,23 :: 		
0x0148	0xB963      	BTFSC       FARG_Lcd_Cmd_out_char, 4, 1
0x014A	0xD002      	BRA         L__Lcd_Cmd27
0x014C	0x908A      	BCF         LCD_D4, BitPos(LCD_D4+0) 
0x014E	0xD001      	BRA         L__Lcd_Cmd28
L__Lcd_Cmd27:
0x0150	0x808A      	BSF         LCD_D4, BitPos(LCD_D4+0) 
L__Lcd_Cmd28:
;__Lib_Lcd.c,25 :: 		
0x0152	0xB024      	BTFSC       __Lib_Lcd_cmd_status, BitPos(__Lib_Lcd_cmd_status+0) 
0x0154	0xD002      	BRA         L__Lcd_Cmd29
0x0156	0x888A      	BSF         LCD_RS, BitPos(LCD_RS+0) 
0x0158	0xD001      	BRA         L__Lcd_Cmd30
L__Lcd_Cmd29:
0x015A	0x988A      	BCF         LCD_RS, BitPos(LCD_RS+0) 
L__Lcd_Cmd30:
;__Lib_Lcd.c,28 :: 		
0x015C	0x8A8A      	BSF         LCD_EN, BitPos(LCD_EN+0) 
;__Lib_Lcd.c,29 :: 		
0x015E	0xDFB6      	RCALL       _Delay_1us
;__Lib_Lcd.c,30 :: 		
0x0160	0x9A8A      	BCF         LCD_EN, BitPos(LCD_EN+0) 
;__Lib_Lcd.c,33 :: 		
0x0162	0xB763      	BTFSC       FARG_Lcd_Cmd_out_char, 3, 1
0x0164	0xD002      	BRA         L__Lcd_Cmd31
0x0166	0x968A      	BCF         LCD_D7, BitPos(LCD_D7+0) 
0x0168	0xD001      	BRA         L__Lcd_Cmd32
L__Lcd_Cmd31:
0x016A	0x868A      	BSF         LCD_D7, BitPos(LCD_D7+0) 
L__Lcd_Cmd32:
;__Lib_Lcd.c,34 :: 		
0x016C	0xB563      	BTFSC       FARG_Lcd_Cmd_out_char, 2, 1
0x016E	0xD002      	BRA         L__Lcd_Cmd33
0x0170	0x948A      	BCF         LCD_D6, BitPos(LCD_D6+0) 
0x0172	0xD001      	BRA         L__Lcd_Cmd34
L__Lcd_Cmd33:
0x0174	0x848A      	BSF         LCD_D6, BitPos(LCD_D6+0) 
L__Lcd_Cmd34:
;__Lib_Lcd.c,35 :: 		
0x0176	0xB363      	BTFSC       FARG_Lcd_Cmd_out_char, 1, 1
0x0178	0xD002      	BRA         L__Lcd_Cmd35
0x017A	0x928A      	BCF         LCD_D5, BitPos(LCD_D5+0) 
0x017C	0xD001      	BRA         L__Lcd_Cmd36
L__Lcd_Cmd35:
0x017E	0x828A      	BSF         LCD_D5, BitPos(LCD_D5+0) 
L__Lcd_Cmd36:
;__Lib_Lcd.c,36 :: 		
0x0180	0xB163      	BTFSC       FARG_Lcd_Cmd_out_char, 0, 1
0x0182	0xD002      	BRA         L__Lcd_Cmd37
0x0184	0x908A      	BCF         LCD_D4, BitPos(LCD_D4+0) 
0x0186	0xD001      	BRA         L__Lcd_Cmd38
L__Lcd_Cmd37:
0x0188	0x808A      	BSF         LCD_D4, BitPos(LCD_D4+0) 
L__Lcd_Cmd38:
;__Lib_Lcd.c,38 :: 		
0x018A	0xB024      	BTFSC       __Lib_Lcd_cmd_status, BitPos(__Lib_Lcd_cmd_status+0) 
0x018C	0xD002      	BRA         L__Lcd_Cmd39
0x018E	0x888A      	BSF         LCD_RS, BitPos(LCD_RS+0) 
0x0190	0xD001      	BRA         L__Lcd_Cmd40
L__Lcd_Cmd39:
0x0192	0x988A      	BCF         LCD_RS, BitPos(LCD_RS+0) 
L__Lcd_Cmd40:
;__Lib_Lcd.c,40 :: 		
0x0194	0x8A8A      	BSF         LCD_EN, BitPos(LCD_EN+0) 
;__Lib_Lcd.c,41 :: 		
0x0196	0xDF9A      	RCALL       _Delay_1us
;__Lib_Lcd.c,42 :: 		
0x0198	0x9A8A      	BCF         LCD_EN, BitPos(LCD_EN+0) 
;__Lib_Lcd.c,44 :: 		
0x019A	0xA024      	BTFSS       __Lib_Lcd_cmd_status, BitPos(__Lib_Lcd_cmd_status+0) 
0x019C	0xD002      	BRA         L_Lcd_Cmd0
;__Lib_Lcd.c,45 :: 		
0x019E	0xDF99      	RCALL       _Delay_5500us
0x01A0	0xD001      	BRA         L_Lcd_Cmd1
L_Lcd_Cmd0:
;__Lib_Lcd.c,47 :: 		
0x01A2	0xDFA2      	RCALL       _Delay_50us
L_Lcd_Cmd1:
;__Lib_Lcd.c,48 :: 		
L_end_Lcd_Cmd:
0x01A4	0x0012      	RETURN      0
; end of _Lcd_Cmd
_WordToStr:
;__Lib_Conversions.c,98 :: 		
;__Lib_Conversions.c,103 :: 		
0x01A6	0x0100      	MOVLB       0
0x01A8	0x6B60      	CLRF        WordToStr_len_L0, 1
L_WordToStr11:
0x01AA	0x0E05      	MOVLW       5
0x01AC	0x5D60      	SUBWF       WordToStr_len_L0, 0, 1
0x01AE	0xE20A      	BC          L_WordToStr12
;__Lib_Conversions.c,104 :: 		
0x01B0	0x5160      	MOVF        WordToStr_len_L0, 0, 1
0x01B2	0x245E      	ADDWF       FARG_WordToStr_output, 0 
0x01B4	0x6EE1      	MOVWF       FSR1L 
0x01B6	0x0E00      	MOVLW       0
0x01B8	0x205F      	ADDWFC      FARG_WordToStr_output+1, 0 
0x01BA	0x6EE2      	MOVWF       FSR1H 
0x01BC	0x0E20      	MOVLW       32
0x01BE	0x6EE6      	MOVWF       POSTINC1 
;__Lib_Conversions.c,103 :: 		
0x01C0	0x2B60      	INCF        WordToStr_len_L0, 1, 1
;__Lib_Conversions.c,104 :: 		
0x01C2	0xD7F3      	BRA         L_WordToStr11
L_WordToStr12:
;__Lib_Conversions.c,105 :: 		
0x01C4	0x5160      	MOVF        WordToStr_len_L0, 0, 1
0x01C6	0x245E      	ADDWF       FARG_WordToStr_output, 0 
0x01C8	0x6EE1      	MOVWF       FSR1L 
0x01CA	0x0E00      	MOVLW       0
0x01CC	0x205F      	ADDWFC      FARG_WordToStr_output+1, 0 
0x01CE	0x6EE2      	MOVWF       FSR1H 
0x01D0	0x6AE6      	CLRF        POSTINC1 
0x01D2	0x0760      	DECF        WordToStr_len_L0, 1, 1
;__Lib_Conversions.c,107 :: 		
L_WordToStr14:
;__Lib_Conversions.c,108 :: 		
0x01D4	0x5160      	MOVF        WordToStr_len_L0, 0, 1
0x01D6	0x245E      	ADDWF       FARG_WordToStr_output, 0 
0x01D8	0x6F61      	MOVWF       FLOC__WordToStr, 1
0x01DA	0x0E00      	MOVLW       0
0x01DC	0x205F      	ADDWFC      FARG_WordToStr_output+1, 0 
0x01DE	0x6F62      	MOVWF       FLOC__WordToStr+1, 1
0x01E0	0x0E0A      	MOVLW       10
0x01E2	0x6E04      	MOVWF       R4 
0x01E4	0x0E00      	MOVLW       0
0x01E6	0x6E05      	MOVWF       R5 
0x01E8	0xF000C05C  	MOVFF       FARG_WordToStr_input, R0
0x01EC	0xF001C05D  	MOVFF       FARG_WordToStr_input+1, R1
0x01F0	0xDF80      	RCALL       _Div_16X16_U
0x01F2	0xF000C008  	MOVFF       R8, R0
0x01F6	0xF001C009  	MOVFF       R9, R1
0x01FA	0x0E30      	MOVLW       48
0x01FC	0x2600      	ADDWF       R0, 1 
0x01FE	0xFFE1C061  	MOVFF       FLOC__WordToStr, FSR1L
0x0202	0xFFE2C062  	MOVFF       FLOC__WordToStr+1, FSR1H
0x0206	0xFFE6C000  	MOVFF       R0, POSTINC1
;__Lib_Conversions.c,109 :: 		
0x020A	0x0E0A      	MOVLW       10
0x020C	0x6E04      	MOVWF       R4 
0x020E	0x0E00      	MOVLW       0
0x0210	0x6E05      	MOVWF       R5 
0x0212	0xF000C05C  	MOVFF       FARG_WordToStr_input, R0
0x0216	0xF001C05D  	MOVFF       FARG_WordToStr_input+1, R1
0x021A	0xDF6B      	RCALL       _Div_16X16_U
0x021C	0xF05CC000  	MOVFF       R0, FARG_WordToStr_input
0x0220	0xF05DC001  	MOVFF       R1, FARG_WordToStr_input+1
;__Lib_Conversions.c,110 :: 		
0x0224	0x0E00      	MOVLW       0
0x0226	0x1801      	XORWF       R1, 0 
0x0228	0xE102      	BNZ         L__WordToStr159
0x022A	0x0E00      	MOVLW       0
0x022C	0x1800      	XORWF       R0, 0 
L__WordToStr159:
0x022E	0xE101      	BNZ         L_WordToStr16
;__Lib_Conversions.c,111 :: 		
0x0230	0xD002      	BRA         L_WordToStr15
L_WordToStr16:
;__Lib_Conversions.c,112 :: 		
0x0232	0x0760      	DECF        WordToStr_len_L0, 1, 1
;__Lib_Conversions.c,113 :: 		
0x0234	0xD7CF      	BRA         L_WordToStr14
L_WordToStr15:
;__Lib_Conversions.c,114 :: 		
L_end_WordToStr:
0x0236	0x0012      	RETURN      0
; end of _WordToStr
_Lcd_Chr_CP:
;__Lib_Lcd.c,50 :: 		
;__Lib_Lcd.c,52 :: 		
0x0238	0x9024      	BCF         __Lib_Lcd_cmd_status, BitPos(__Lib_Lcd_cmd_status+0) 
;__Lib_Lcd.c,53 :: 		
0x023A	0xF063C05C  	MOVFF       FARG_Lcd_Chr_CP_out_char, FARG_Lcd_Cmd_out_char
0x023E	0xDF74      	RCALL       _Lcd_Cmd
;__Lib_Lcd.c,54 :: 		
0x0240	0x8024      	BSF         __Lib_Lcd_cmd_status, BitPos(__Lib_Lcd_cmd_status+0) 
;__Lib_Lcd.c,55 :: 		
L_end_Lcd_Chr_CP:
0x0242	0x0012      	RETURN      0
; end of _Lcd_Chr_CP
_IntToStr:
;__Lib_Conversions.c,195 :: 		
;__Lib_Conversions.c,201 :: 		
0x0244	0x6A58      	CLRF        IntToStr_negative_L0 
0x0246	0x6A59      	CLRF        IntToStr_negative_L0+1 
;__Lib_Conversions.c,202 :: 		
0x0248	0xF05AC052  	MOVFF       FARG_IntToStr_input, IntToStr_inword_L0
0x024C	0xF05BC053  	MOVFF       FARG_IntToStr_input+1, IntToStr_inword_L0+1
;__Lib_Conversions.c,203 :: 		
0x0250	0x0E80      	MOVLW       128
0x0252	0x1853      	XORWF       FARG_IntToStr_input+1, 0 
0x0254	0x6E00      	MOVWF       R0 
0x0256	0x0E80      	MOVLW       128
0x0258	0x5C00      	SUBWF       R0, 0 
0x025A	0xE102      	BNZ         L__IntToStr167
0x025C	0x0E00      	MOVLW       0
0x025E	0x5C52      	SUBWF       FARG_IntToStr_input, 0 
L__IntToStr167:
0x0260	0xE20B      	BC          L_IntToStr37
;__Lib_Conversions.c,204 :: 		
0x0262	0x0E01      	MOVLW       1
0x0264	0x6E58      	MOVWF       IntToStr_negative_L0 
0x0266	0x0E00      	MOVLW       0
0x0268	0x6E59      	MOVWF       IntToStr_negative_L0+1 
;__Lib_Conversions.c,205 :: 		
0x026A	0x5052      	MOVF        FARG_IntToStr_input, 0 
0x026C	0x0800      	SUBLW       0
0x026E	0x6E5A      	MOVWF       IntToStr_inword_L0 
0x0270	0xF05BC053  	MOVFF       FARG_IntToStr_input+1, IntToStr_inword_L0+1
0x0274	0x0E00      	MOVLW       0
0x0276	0x565B      	SUBFWB      IntToStr_inword_L0+1, 1 
;__Lib_Conversions.c,206 :: 		
L_IntToStr37:
;__Lib_Conversions.c,207 :: 		
0x0278	0xF05CC05A  	MOVFF       IntToStr_inword_L0, FARG_WordToStr_input
0x027C	0xF05DC05B  	MOVFF       IntToStr_inword_L0+1, FARG_WordToStr_input+1
0x0280	0xF05EC054  	MOVFF       FARG_IntToStr_output, FARG_WordToStr_output
0x0284	0xF05FC055  	MOVFF       FARG_IntToStr_output+1, FARG_WordToStr_output+1
0x0288	0xDF8E      	RCALL       _WordToStr
;__Lib_Conversions.c,209 :: 		
0x028A	0x0E06      	MOVLW       6
0x028C	0x6E56      	MOVWF       IntToStr_i_L0 
0x028E	0x0E00      	MOVLW       0
0x0290	0x6E57      	MOVWF       IntToStr_i_L0+1 
;__Lib_Conversions.c,210 :: 		
L_IntToStr38:
0x0292	0x0E00      	MOVLW       0
0x0294	0x6E00      	MOVWF       R0 
0x0296	0x5057      	MOVF        IntToStr_i_L0+1, 0 
0x0298	0x5C00      	SUBWF       R0, 0 
0x029A	0xE102      	BNZ         L__IntToStr168
0x029C	0x5056      	MOVF        IntToStr_i_L0, 0 
0x029E	0x0800      	SUBLW       0
L__IntToStr168:
0x02A0	0xE219      	BC          L_IntToStr39
;__Lib_Conversions.c,211 :: 		
0x02A2	0x5056      	MOVF        IntToStr_i_L0, 0 
0x02A4	0x2454      	ADDWF       FARG_IntToStr_output, 0 
0x02A6	0x6EE1      	MOVWF       FSR1L 
0x02A8	0x5057      	MOVF        IntToStr_i_L0+1, 0 
0x02AA	0x2055      	ADDWFC      FARG_IntToStr_output+1, 0 
0x02AC	0x6EE2      	MOVWF       FSR1H 
0x02AE	0x0E01      	MOVLW       1
0x02B0	0x5C56      	SUBWF       IntToStr_i_L0, 0 
0x02B2	0x6E00      	MOVWF       R0 
0x02B4	0x0E00      	MOVLW       0
0x02B6	0x5857      	SUBWFB      IntToStr_i_L0+1, 0 
0x02B8	0x6E01      	MOVWF       R1 
0x02BA	0x5000      	MOVF        R0, 0 
0x02BC	0x2454      	ADDWF       FARG_IntToStr_output, 0 
0x02BE	0x6EE9      	MOVWF       FSR0L 
0x02C0	0x5001      	MOVF        R1, 0 
0x02C2	0x2055      	ADDWFC      FARG_IntToStr_output+1, 0 
0x02C4	0x6EEA      	MOVWF       FSR0H 
0x02C6	0xFFE6CFEE  	MOVFF       POSTINC0, POSTINC1
;__Lib_Conversions.c,212 :: 		
0x02CA	0x0E01      	MOVLW       1
0x02CC	0x5E56      	SUBWF       IntToStr_i_L0, 1 
0x02CE	0x0E00      	MOVLW       0
0x02D0	0x5A57      	SUBWFB      IntToStr_i_L0+1, 1 
;__Lib_Conversions.c,213 :: 		
0x02D2	0xD7DF      	BRA         L_IntToStr38
L_IntToStr39:
;__Lib_Conversions.c,214 :: 		
0x02D4	0xFFE1C054  	MOVFF       FARG_IntToStr_output, FSR1L
0x02D8	0xFFE2C055  	MOVFF       FARG_IntToStr_output+1, FSR1H
0x02DC	0x0E20      	MOVLW       32
0x02DE	0x6EE6      	MOVWF       POSTINC1 
;__Lib_Conversions.c,215 :: 		
0x02E0	0x5058      	MOVF        IntToStr_negative_L0, 0 
0x02E2	0x1059      	IORWF       IntToStr_negative_L0+1, 0 
0x02E4	0xE01A      	BZ          L_IntToStr40
;__Lib_Conversions.c,216 :: 		
0x02E6	0x6A56      	CLRF        IntToStr_i_L0 
0x02E8	0x6A57      	CLRF        IntToStr_i_L0+1 
;__Lib_Conversions.c,217 :: 		
L_IntToStr41:
0x02EA	0x5056      	MOVF        IntToStr_i_L0, 0 
0x02EC	0x2454      	ADDWF       FARG_IntToStr_output, 0 
0x02EE	0x6EE9      	MOVWF       FSR0L 
0x02F0	0x5057      	MOVF        IntToStr_i_L0+1, 0 
0x02F2	0x2055      	ADDWFC      FARG_IntToStr_output+1, 0 
0x02F4	0x6EEA      	MOVWF       FSR0H 
0x02F6	0x50EE      	MOVF        POSTINC0, 0 
0x02F8	0x0A20      	XORLW       32
0x02FA	0xE103      	BNZ         L_IntToStr42
0x02FC	0x4A56      	INFSNZ      IntToStr_i_L0, 1 
0x02FE	0x2A57      	INCF        IntToStr_i_L0+1, 1 
0x0300	0xD7F4      	BRA         L_IntToStr41
L_IntToStr42:
;__Lib_Conversions.c,218 :: 		
0x0302	0x0E01      	MOVLW       1
0x0304	0x5E56      	SUBWF       IntToStr_i_L0, 1 
0x0306	0x0E00      	MOVLW       0
0x0308	0x5A57      	SUBWFB      IntToStr_i_L0+1, 1 
;__Lib_Conversions.c,219 :: 		
0x030A	0x5056      	MOVF        IntToStr_i_L0, 0 
0x030C	0x2454      	ADDWF       FARG_IntToStr_output, 0 
0x030E	0x6EE1      	MOVWF       FSR1L 
0x0310	0x5057      	MOVF        IntToStr_i_L0+1, 0 
0x0312	0x2055      	ADDWFC      FARG_IntToStr_output+1, 0 
0x0314	0x6EE2      	MOVWF       FSR1H 
0x0316	0x0E2D      	MOVLW       45
0x0318	0x6EE6      	MOVWF       POSTINC1 
L_IntToStr40:
;__Lib_Conversions.c,220 :: 		
L_end_IntToStr:
0x031A	0x0012      	RETURN      0
; end of _IntToStr
___CC2DW:
;__Lib_System.c,21 :: 		
;__Lib_System.c,23 :: 		
_CC2DL_Loop1:
;__Lib_System.c,24 :: 		
0x031C	0x0009      	TBLRD*+
;__Lib_System.c,25 :: 		
0x031E	0xFFE6CFF5  	MOVFF       TABLAT, POSTINC1
;__Lib_System.c,26 :: 		
0x0322	0x0600      	DECF        R0, 1, 0
;__Lib_System.c,27 :: 		
0x0324	0xE1FB      	BNZ         _CC2DL_Loop1
;__Lib_System.c,28 :: 		
0x0326	0x0601      	DECF        R1, 1, 0
;__Lib_System.c,29 :: 		
0x0328	0xE1F9      	BNZ         _CC2DL_Loop1
;__Lib_System.c,31 :: 		
L_end___CC2DW:
0x032A	0x0012      	RETURN      0
; end of ___CC2DW
_Lcd_Init:
;__Lib_Lcd.c,84 :: 		
;__Lib_Lcd.c,86 :: 		
0x032C	0x9A93      	BCF         LCD_EN_Direction, BitPos(LCD_EN_Direction+0) 
;__Lib_Lcd.c,87 :: 		
0x032E	0x9893      	BCF         LCD_RS_Direction, BitPos(LCD_RS_Direction+0) 
;__Lib_Lcd.c,88 :: 		
0x0330	0x9093      	BCF         LCD_D4_Direction, BitPos(LCD_D4_Direction+0) 
;__Lib_Lcd.c,89 :: 		
0x0332	0x9293      	BCF         LCD_D5_Direction, BitPos(LCD_D5_Direction+0) 
;__Lib_Lcd.c,90 :: 		
0x0334	0x9493      	BCF         LCD_D6_Direction, BitPos(LCD_D6_Direction+0) 
;__Lib_Lcd.c,91 :: 		
0x0336	0x9693      	BCF         LCD_D7_Direction, BitPos(LCD_D7_Direction+0) 
;__Lib_Lcd.c,93 :: 		
0x0338	0x9A8A      	BCF         LCD_EN, BitPos(LCD_EN+0) 
;__Lib_Lcd.c,94 :: 		
0x033A	0x988A      	BCF         LCD_RS, BitPos(LCD_RS+0) 
;__Lib_Lcd.c,95 :: 		
0x033C	0x968A      	BCF         LCD_D7, BitPos(LCD_D7+0) 
;__Lib_Lcd.c,96 :: 		
0x033E	0x948A      	BCF         LCD_D6, BitPos(LCD_D6+0) 
;__Lib_Lcd.c,97 :: 		
0x0340	0x928A      	BCF         LCD_D5, BitPos(LCD_D5+0) 
;__Lib_Lcd.c,98 :: 		
0x0342	0x908A      	BCF         LCD_D4, BitPos(LCD_D4+0) 
;__Lib_Lcd.c,100 :: 		
0x0344	0xDEC6      	RCALL       _Delay_5500us
;__Lib_Lcd.c,101 :: 		
0x0346	0xDEC5      	RCALL       _Delay_5500us
;__Lib_Lcd.c,102 :: 		
0x0348	0xDEC4      	RCALL       _Delay_5500us
;__Lib_Lcd.c,105 :: 		
0x034A	0x828A      	BSF         LCD_D5, BitPos(LCD_D5+0) 
;__Lib_Lcd.c,106 :: 		
0x034C	0x808A      	BSF         LCD_D4, BitPos(LCD_D4+0) 
;__Lib_Lcd.c,107 :: 		
0x034E	0x8A8A      	BSF         LCD_EN, BitPos(LCD_EN+0) 
;__Lib_Lcd.c,108 :: 		
0x0350	0xDEBD      	RCALL       _Delay_1us
;__Lib_Lcd.c,109 :: 		
0x0352	0x9A8A      	BCF         LCD_EN, BitPos(LCD_EN+0) 
;__Lib_Lcd.c,110 :: 		
0x0354	0xDEBE      	RCALL       _Delay_5500us
;__Lib_Lcd.c,112 :: 		
0x0356	0x8A8A      	BSF         LCD_EN, BitPos(LCD_EN+0) 
;__Lib_Lcd.c,113 :: 		
0x0358	0xDEB9      	RCALL       _Delay_1us
;__Lib_Lcd.c,114 :: 		
0x035A	0x9A8A      	BCF         LCD_EN, BitPos(LCD_EN+0) 
;__Lib_Lcd.c,115 :: 		
0x035C	0xDEBA      	RCALL       _Delay_5500us
;__Lib_Lcd.c,117 :: 		
0x035E	0x8A8A      	BSF         LCD_EN, BitPos(LCD_EN+0) 
;__Lib_Lcd.c,118 :: 		
0x0360	0xDEB5      	RCALL       _Delay_1us
;__Lib_Lcd.c,119 :: 		
0x0362	0x9A8A      	BCF         LCD_EN, BitPos(LCD_EN+0) 
;__Lib_Lcd.c,120 :: 		
0x0364	0xDEB6      	RCALL       _Delay_5500us
;__Lib_Lcd.c,123 :: 		
0x0366	0x908A      	BCF         LCD_D4, BitPos(LCD_D4+0) 
;__Lib_Lcd.c,124 :: 		
0x0368	0x8A8A      	BSF         LCD_EN, BitPos(LCD_EN+0) 
;__Lib_Lcd.c,125 :: 		
0x036A	0xDEB0      	RCALL       _Delay_1us
;__Lib_Lcd.c,126 :: 		
0x036C	0x9A8A      	BCF         LCD_EN, BitPos(LCD_EN+0) 
;__Lib_Lcd.c,127 :: 		
0x036E	0xDEB1      	RCALL       _Delay_5500us
;__Lib_Lcd.c,130 :: 		
0x0370	0x8A8A      	BSF         LCD_EN, BitPos(LCD_EN+0) 
;__Lib_Lcd.c,131 :: 		
0x0372	0xDEAC      	RCALL       _Delay_1us
;__Lib_Lcd.c,132 :: 		
0x0374	0x9A8A      	BCF         LCD_EN, BitPos(LCD_EN+0) 
;__Lib_Lcd.c,134 :: 		
0x0376	0x928A      	BCF         LCD_D5, BitPos(LCD_D5+0) 
;__Lib_Lcd.c,135 :: 		
0x0378	0x868A      	BSF         LCD_D7, BitPos(LCD_D7+0) 
;__Lib_Lcd.c,136 :: 		
0x037A	0x8A8A      	BSF         LCD_EN, BitPos(LCD_EN+0) 
;__Lib_Lcd.c,137 :: 		
0x037C	0xDEA7      	RCALL       _Delay_1us
;__Lib_Lcd.c,138 :: 		
0x037E	0x9A8A      	BCF         LCD_EN, BitPos(LCD_EN+0) 
;__Lib_Lcd.c,139 :: 		
0x0380	0xDEA8      	RCALL       _Delay_5500us
;__Lib_Lcd.c,142 :: 		
0x0382	0x968A      	BCF         LCD_D7, BitPos(LCD_D7+0) 
;__Lib_Lcd.c,143 :: 		
0x0384	0x808A      	BSF         LCD_D4, BitPos(LCD_D4+0) 
;__Lib_Lcd.c,144 :: 		
0x0386	0x8A8A      	BSF         LCD_EN, BitPos(LCD_EN+0) 
;__Lib_Lcd.c,145 :: 		
0x0388	0xDEA1      	RCALL       _Delay_1us
;__Lib_Lcd.c,146 :: 		
0x038A	0x9A8A      	BCF         LCD_EN, BitPos(LCD_EN+0) 
;__Lib_Lcd.c,148 :: 		
0x038C	0x908A      	BCF         LCD_D4, BitPos(LCD_D4+0) 
;__Lib_Lcd.c,149 :: 		
0x038E	0x8A8A      	BSF         LCD_EN, BitPos(LCD_EN+0) 
;__Lib_Lcd.c,150 :: 		
0x0390	0xDE9D      	RCALL       _Delay_1us
;__Lib_Lcd.c,151 :: 		
0x0392	0x9A8A      	BCF         LCD_EN, BitPos(LCD_EN+0) 
;__Lib_Lcd.c,152 :: 		
0x0394	0xDE9E      	RCALL       _Delay_5500us
;__Lib_Lcd.c,155 :: 		
0x0396	0x8A8A      	BSF         LCD_EN, BitPos(LCD_EN+0) 
;__Lib_Lcd.c,156 :: 		
0x0398	0xDE99      	RCALL       _Delay_1us
;__Lib_Lcd.c,157 :: 		
0x039A	0x9A8A      	BCF         LCD_EN, BitPos(LCD_EN+0) 
;__Lib_Lcd.c,159 :: 		
0x039C	0x808A      	BSF         LCD_D4, BitPos(LCD_D4+0) 
;__Lib_Lcd.c,160 :: 		
0x039E	0x8A8A      	BSF         LCD_EN, BitPos(LCD_EN+0) 
;__Lib_Lcd.c,161 :: 		
0x03A0	0xDE95      	RCALL       _Delay_1us
;__Lib_Lcd.c,162 :: 		
0x03A2	0x9A8A      	BCF         LCD_EN, BitPos(LCD_EN+0) 
;__Lib_Lcd.c,163 :: 		
0x03A4	0xDE96      	RCALL       _Delay_5500us
;__Lib_Lcd.c,166 :: 		
0x03A6	0x908A      	BCF         LCD_D4, BitPos(LCD_D4+0) 
;__Lib_Lcd.c,167 :: 		
0x03A8	0x8A8A      	BSF         LCD_EN, BitPos(LCD_EN+0) 
;__Lib_Lcd.c,168 :: 		
0x03AA	0xDE90      	RCALL       _Delay_1us
;__Lib_Lcd.c,169 :: 		
0x03AC	0x9A8A      	BCF         LCD_EN, BitPos(LCD_EN+0) 
;__Lib_Lcd.c,171 :: 		
0x03AE	0x868A      	BSF         LCD_D7, BitPos(LCD_D7+0) 
;__Lib_Lcd.c,172 :: 		
0x03B0	0x848A      	BSF         LCD_D6, BitPos(LCD_D6+0) 
;__Lib_Lcd.c,173 :: 		
0x03B2	0x828A      	BSF         LCD_D5, BitPos(LCD_D5+0) 
;__Lib_Lcd.c,174 :: 		
0x03B4	0x808A      	BSF         LCD_D4, BitPos(LCD_D4+0) 
;__Lib_Lcd.c,175 :: 		
0x03B6	0x8A8A      	BSF         LCD_EN, BitPos(LCD_EN+0) 
;__Lib_Lcd.c,176 :: 		
0x03B8	0xDE89      	RCALL       _Delay_1us
;__Lib_Lcd.c,177 :: 		
0x03BA	0x9A8A      	BCF         LCD_EN, BitPos(LCD_EN+0) 
;__Lib_Lcd.c,179 :: 		
0x03BC	0xDE8A      	RCALL       _Delay_5500us
;__Lib_Lcd.c,181 :: 		
0x03BE	0x8024      	BSF         __Lib_Lcd_cmd_status, BitPos(__Lib_Lcd_cmd_status+0) 
;__Lib_Lcd.c,182 :: 		
L_end_Lcd_Init:
0x03C0	0x0012      	RETURN      0
; end of _Lcd_Init
_Lcd_Out:
;__Lib_Lcd.c,184 :: 		
;__Lib_Lcd.c,187 :: 		
0x03C2	0xD00F      	BRA         L_Lcd_Out11
;__Lib_Lcd.c,188 :: 		
L_Lcd_Out13:
0x03C4	0x0E80      	MOVLW       128
0x03C6	0x6E52      	MOVWF       FARG_Lcd_Out_row 
0x03C8	0xD019      	BRA         L_Lcd_Out12
;__Lib_Lcd.c,189 :: 		
L_Lcd_Out14:
0x03CA	0x0EC0      	MOVLW       192
0x03CC	0x6E52      	MOVWF       FARG_Lcd_Out_row 
0x03CE	0xD016      	BRA         L_Lcd_Out12
;__Lib_Lcd.c,190 :: 		
L_Lcd_Out15:
0x03D0	0x0E94      	MOVLW       148
0x03D2	0x6E52      	MOVWF       FARG_Lcd_Out_row 
0x03D4	0xD013      	BRA         L_Lcd_Out12
;__Lib_Lcd.c,191 :: 		
L_Lcd_Out16:
0x03D6	0x0ED4      	MOVLW       212
0x03D8	0x6E52      	MOVWF       FARG_Lcd_Out_row 
0x03DA	0xD010      	BRA         L_Lcd_Out12
;__Lib_Lcd.c,192 :: 		
L_Lcd_Out17:
0x03DC	0x0E80      	MOVLW       128
0x03DE	0x6E52      	MOVWF       FARG_Lcd_Out_row 
;__Lib_Lcd.c,193 :: 		
0x03E0	0xD00D      	BRA         L_Lcd_Out12
L_Lcd_Out11:
0x03E2	0x5052      	MOVF        FARG_Lcd_Out_row, 0 
0x03E4	0x0A01      	XORLW       1
0x03E6	0xE0EE      	BZ          L_Lcd_Out13
0x03E8	0x5052      	MOVF        FARG_Lcd_Out_row, 0 
0x03EA	0x0A02      	XORLW       2
0x03EC	0xE0EE      	BZ          L_Lcd_Out14
0x03EE	0x5052      	MOVF        FARG_Lcd_Out_row, 0 
0x03F0	0x0A03      	XORLW       3
0x03F2	0xE0EE      	BZ          L_Lcd_Out15
0x03F4	0x5052      	MOVF        FARG_Lcd_Out_row, 0 
0x03F6	0x0A04      	XORLW       4
0x03F8	0xE0EE      	BZ          L_Lcd_Out16
0x03FA	0xD7F0      	BRA         L_Lcd_Out17
L_Lcd_Out12:
;__Lib_Lcd.c,194 :: 		
0x03FC	0x0453      	DECF        FARG_Lcd_Out_column, 0 
0x03FE	0x6E00      	MOVWF       R0 
0x0400	0x5052      	MOVF        FARG_Lcd_Out_row, 0 
0x0402	0x2600      	ADDWF       R0, 1 
0x0404	0xF052C000  	MOVFF       R0, FARG_Lcd_Out_row
;__Lib_Lcd.c,196 :: 		
0x0408	0xF063C000  	MOVFF       R0, FARG_Lcd_Cmd_out_char
0x040C	0xDE8D      	RCALL       _Lcd_Cmd
;__Lib_Lcd.c,197 :: 		
0x040E	0x9024      	BCF         __Lib_Lcd_cmd_status, BitPos(__Lib_Lcd_cmd_status+0) 
;__Lib_Lcd.c,198 :: 		
0x0410	0x6A56      	CLRF        Lcd_Out_i_L0 
;__Lib_Lcd.c,199 :: 		
L_Lcd_Out18:
0x0412	0x5056      	MOVF        Lcd_Out_i_L0, 0 
0x0414	0x2454      	ADDWF       FARG_Lcd_Out_text, 0 
0x0416	0x6EE9      	MOVWF       FSR0L 
0x0418	0x0E00      	MOVLW       0
0x041A	0x2055      	ADDWFC      FARG_Lcd_Out_text+1, 0 
0x041C	0x6EEA      	MOVWF       FSR0H 
0x041E	0x52EE      	MOVF        POSTINC0, 1 
0x0420	0xE00B      	BZ          L_Lcd_Out19
;__Lib_Lcd.c,200 :: 		
0x0422	0x5056      	MOVF        Lcd_Out_i_L0, 0 
0x0424	0x2454      	ADDWF       FARG_Lcd_Out_text, 0 
0x0426	0x6EE9      	MOVWF       FSR0L 
0x0428	0x0E00      	MOVLW       0
0x042A	0x2055      	ADDWFC      FARG_Lcd_Out_text+1, 0 
0x042C	0x6EEA      	MOVWF       FSR0H 
0x042E	0xF05CCFEE  	MOVFF       POSTINC0, FARG_Lcd_Chr_CP_out_char
0x0432	0xDF02      	RCALL       _Lcd_Chr_CP
0x0434	0x2A56      	INCF        Lcd_Out_i_L0, 1 
0x0436	0xD7ED      	BRA         L_Lcd_Out18
L_Lcd_Out19:
;__Lib_Lcd.c,201 :: 		
0x0438	0x8024      	BSF         __Lib_Lcd_cmd_status, BitPos(__Lib_Lcd_cmd_status+0) 
;__Lib_Lcd.c,202 :: 		
L_end_Lcd_Out:
0x043A	0x0012      	RETURN      0
; end of _Lcd_Out
_strcat:
;__Lib_CString.c,87 :: 		
;__Lib_CString.c,90 :: 		
0x043C	0xF004C052  	MOVFF       FARG_strcat_to, R4
0x0440	0xF005C053  	MOVFF       FARG_strcat_to+1, R5
;__Lib_CString.c,91 :: 		
L_strcat22:
0x0444	0xFFE9C004  	MOVFF       R4, FSR0L
0x0448	0xFFEAC005  	MOVFF       R5, FSR0H
0x044C	0x52EE      	MOVF        POSTINC0, 1 
0x044E	0xE003      	BZ          L_strcat23
;__Lib_CString.c,92 :: 		
0x0450	0x4A04      	INFSNZ      R4, 1 
0x0452	0x2A05      	INCF        R5, 1 
0x0454	0xD7F7      	BRA         L_strcat22
L_strcat23:
;__Lib_CString.c,93 :: 		
L_strcat24:
0x0456	0xF002C004  	MOVFF       R4, R2
0x045A	0xF003C005  	MOVFF       R5, R3
0x045E	0x4A04      	INFSNZ      R4, 1 
0x0460	0x2A05      	INCF        R5, 1 
0x0462	0xF000C054  	MOVFF       FARG_strcat_from, R0
0x0466	0xF001C055  	MOVFF       FARG_strcat_from+1, R1
0x046A	0x4A54      	INFSNZ      FARG_strcat_from, 1 
0x046C	0x2A55      	INCF        FARG_strcat_from+1, 1 
0x046E	0xFFE9C000  	MOVFF       R0, FSR0L
0x0472	0xFFEAC001  	MOVFF       R1, FSR0H
0x0476	0xFFE1C002  	MOVFF       R2, FSR1L
0x047A	0xFFE2C003  	MOVFF       R3, FSR1H
0x047E	0xFFE6CFEE  	MOVFF       POSTINC0, POSTINC1
0x0482	0xFFE9C002  	MOVFF       R2, FSR0L
0x0486	0xFFEAC003  	MOVFF       R3, FSR0H
0x048A	0x52EE      	MOVF        POSTINC0, 1 
0x048C	0xE001      	BZ          L_strcat25
;__Lib_CString.c,94 :: 		
0x048E	0xD7E3      	BRA         L_strcat24
L_strcat25:
;__Lib_CString.c,95 :: 		
0x0490	0xF000C052  	MOVFF       FARG_strcat_to, R0
0x0494	0xF001C053  	MOVFF       FARG_strcat_to+1, R1
;__Lib_CString.c,96 :: 		
L_end_strcat:
0x0498	0x0012      	RETURN      0
; end of _strcat
_Ltrim:
;__Lib_Conversions.c,421 :: 		
;__Lib_Conversions.c,425 :: 		
0x049A	0x6A54      	CLRF        Ltrim_trimmed_L0 
0x049C	0x6A55      	CLRF        Ltrim_trimmed_L0+1 
;__Lib_Conversions.c,426 :: 		
0x049E	0xF003C052  	MOVFF       FARG_Ltrim_string, R3
0x04A2	0xF004C053  	MOVFF       FARG_Ltrim_string+1, R4
;__Lib_Conversions.c,427 :: 		
0x04A6	0xF005C052  	MOVFF       FARG_Ltrim_string, R5
0x04AA	0xF006C053  	MOVFF       FARG_Ltrim_string+1, R6
;__Lib_Conversions.c,428 :: 		
L_Ltrim84:
;__Lib_Conversions.c,429 :: 		
0x04AE	0xFFE9C003  	MOVFF       R3, FSR0L
0x04B2	0xFFEAC004  	MOVFF       R4, FSR0H
0x04B6	0x50EE      	MOVF        POSTINC0, 0 
0x04B8	0x0A20      	XORLW       32
0x04BA	0xE104      	BNZ         L__Ltrim147
0x04BC	0x5054      	MOVF        Ltrim_trimmed_L0, 0 
0x04BE	0x1055      	IORWF       Ltrim_trimmed_L0+1, 0 
0x04C0	0xE101      	BNZ         L__Ltrim147
0x04C2	0xD010      	BRA         L_Ltrim89
L__Ltrim147:
;__Lib_Conversions.c,430 :: 		
0x04C4	0x0E01      	MOVLW       1
0x04C6	0x6E54      	MOVWF       Ltrim_trimmed_L0 
0x04C8	0x0E00      	MOVLW       0
0x04CA	0x6E55      	MOVWF       Ltrim_trimmed_L0+1 
;__Lib_Conversions.c,431 :: 		
0x04CC	0xFFE9C003  	MOVFF       R3, FSR0L
0x04D0	0xFFEAC004  	MOVFF       R4, FSR0H
0x04D4	0xFFE1C005  	MOVFF       R5, FSR1L
0x04D8	0xFFE2C006  	MOVFF       R6, FSR1H
0x04DC	0xFFE6CFEE  	MOVFF       POSTINC0, POSTINC1
0x04E0	0x4A05      	INFSNZ      R5, 1 
0x04E2	0x2A06      	INCF        R6, 1 
;__Lib_Conversions.c,432 :: 		
L_Ltrim89:
;__Lib_Conversions.c,434 :: 		
0x04E4	0xF001C003  	MOVFF       R3, R1
0x04E8	0xF002C004  	MOVFF       R4, R2
0x04EC	0x4A03      	INFSNZ      R3, 1 
0x04EE	0x2A04      	INCF        R4, 1 
0x04F0	0xFFE9C001  	MOVFF       R1, FSR0L
0x04F4	0xFFEAC002  	MOVFF       R2, FSR0H
0x04F8	0x50EE      	MOVF        POSTINC0, 0 
0x04FA	0x0A00      	XORLW       0
0x04FC	0xE1D8      	BNZ         L_Ltrim84
;__Lib_Conversions.c,435 :: 		
0x04FE	0xF000C052  	MOVFF       FARG_Ltrim_string, R0
0x0502	0xF001C053  	MOVFF       FARG_Ltrim_string+1, R1
;__Lib_Conversions.c,436 :: 		
L_end_Ltrim:
0x0506	0x0012      	RETURN      0
; end of _Ltrim
_main:
0x0508	0xF003ECDF  	CALL        1982, 0
;Lab4_es4.c,25 :: 		void main() {
;Lab4_es4.c,27 :: 		short int sentinella = 0;
0x050C	0x0E84      	MOVLW       ?ICSmain_sentinella_L0
0x050E	0x6EF6      	MOVWF       4086 
0x0510	0x0E07      	MOVLW       hi_addr(?ICSmain_sentinella_L0)
0x0512	0x6EF7      	MOVWF       TBLPTRH 
0x0514	0x0E00      	MOVLW       higher_addr(?ICSmain_sentinella_L0)
0x0516	0x6EF8      	MOVWF       TBLPTRU 
0x0518	0x0E25      	MOVLW       main_sentinella_L0
0x051A	0x6EE1      	MOVWF       FSR1L 
0x051C	0x0E00      	MOVLW       hi_addr(main_sentinella_L0)
0x051E	0x6EE2      	MOVWF       FSR1H 
0x0520	0x0E2D      	MOVLW       45
0x0522	0x6E00      	MOVWF       R0 
0x0524	0x0E01      	MOVLW       1
0x0526	0x6E01      	MOVWF       R1 
0x0528	0xDEF9      	RCALL       ___CC2DW
;Lab4_es4.c,39 :: 		TRISD = 0x00;
0x052A	0x6A95      	CLRF        TRISD 
;Lab4_es4.c,40 :: 		LATD = 0b10000001;
0x052C	0x0E81      	MOVLW       129
0x052E	0x6E8C      	MOVWF       LATD 
;Lab4_es4.c,42 :: 		TRISA = 0b00011111;
0x0530	0x0E1F      	MOVLW       31
0x0532	0x6E92      	MOVWF       TRISA 
;Lab4_es4.c,43 :: 		ANSELA = 0b11100000;
0x0534	0x0EE0      	MOVLW       224
0x0536	0x010F      	MOVLB       15
0x0538	0x6F38      	MOVWF       ANSELA, 1
;Lab4_es4.c,45 :: 		T0CON = 0b11000110;
0x053A	0x0EC6      	MOVLW       198
0x053C	0x6ED5      	MOVWF       T0CON 
;Lab4_es4.c,46 :: 		INTCON = 0b10100000;
0x053E	0x0EA0      	MOVLW       160
0x0540	0x6EF2      	MOVWF       INTCON 
;Lab4_es4.c,48 :: 		high = 0b00001000;
0x0542	0x0E08      	MOVLW       8
0x0544	0x6E26      	MOVWF       main_high_L0 
;Lab4_es4.c,49 :: 		low  = 0b00000001;
0x0546	0x0E01      	MOVLW       1
0x0548	0x6E27      	MOVWF       main_low_L0 
;Lab4_es4.c,52 :: 		Lcd_Init();		// Init the display library (This will set also the PORTB Configuration)
0x054A	0xDEF0      	RCALL       _Lcd_Init
;Lab4_es4.c,53 :: 		Lcd_Cmd(_LCD_CLEAR);    	// Clear display
0x054C	0x0E01      	MOVLW       1
0x054E	0x0100      	MOVLB       0
0x0550	0x6F63      	MOVWF       FARG_Lcd_Cmd_out_char, 1
0x0552	0xDDEA      	RCALL       _Lcd_Cmd
;Lab4_es4.c,54 :: 		Lcd_Cmd(_LCD_CURSOR_OFF);   // Cursor OFF
0x0554	0x0E0C      	MOVLW       12
0x0556	0x6F63      	MOVWF       FARG_Lcd_Cmd_out_char, 1
0x0558	0xDDE7      	RCALL       _Lcd_Cmd
;Lab4_es4.c,56 :: 		while(1){
L_main0:
;Lab4_es4.c,58 :: 		if(delay_ms_1 >= delay_kitt){
0x055A	0x0E80      	MOVLW       128
0x055C	0x181F      	XORWF       _delay_ms_1+1, 0 
0x055E	0x6E00      	MOVWF       R0 
0x0560	0x0E80      	MOVLW       128
0x0562	0x1819      	XORWF       _delay_kitt+1, 0 
0x0564	0x5C00      	SUBWF       R0, 0 
0x0566	0xE102      	BNZ         L__main50
0x0568	0x5018      	MOVF        _delay_kitt, 0 
0x056A	0x5C1E      	SUBWF       _delay_ms_1, 0 
L__main50:
0x056C	0xE338      	BNC         L_main2
;Lab4_es4.c,59 :: 		if( high == 0b1111 && low == 0b1111)
0x056E	0x5026      	MOVF        main_high_L0, 0 
0x0570	0x0A0F      	XORLW       15
0x0572	0xE106      	BNZ         L_main5
0x0574	0x5027      	MOVF        main_low_L0, 0 
0x0576	0x0A0F      	XORLW       15
0x0578	0xE103      	BNZ         L_main5
L__main46:
;Lab4_es4.c,60 :: 		sentinella = 1;
0x057A	0x0E01      	MOVLW       1
0x057C	0x6E25      	MOVWF       main_sentinella_L0 
0x057E	0xD007      	BRA         L_main6
L_main5:
;Lab4_es4.c,61 :: 		else if ( high == 0b0000 &&  low == 0b0000)
0x0580	0x5026      	MOVF        main_high_L0, 0 
0x0582	0x0A00      	XORLW       0
0x0584	0xE104      	BNZ         L_main9
0x0586	0x5027      	MOVF        main_low_L0, 0 
0x0588	0x0A00      	XORLW       0
0x058A	0xB4D8      	BTFSC       STATUS, 2 
L__main45:
;Lab4_es4.c,62 :: 		sentinella = 0;
0x058C	0x6A25      	CLRF        main_sentinella_L0 
L_main9:
L_main6:
;Lab4_es4.c,64 :: 		if(sentinella == 0){
0x058E	0x5025      	MOVF        main_sentinella_L0, 0 
0x0590	0x0A00      	XORLW       0
0x0592	0xE10A      	BNZ         L_main10
;Lab4_es4.c,65 :: 		low  <<= 1;
0x0594	0x3627      	RLCF        main_low_L0, 1 
0x0596	0x9027      	BCF         main_low_L0, 0 
;Lab4_es4.c,66 :: 		high >>= 1;
0x0598	0x3226      	RRCF        main_high_L0, 1 
0x059A	0x9E26      	BCF         main_high_L0, 7 
0x059C	0xBC26      	BTFSC       main_high_L0, 6 
0x059E	0x8E26      	BSF         main_high_L0, 7 
;Lab4_es4.c,67 :: 		low  += 0b00000001;
0x05A0	0x2A27      	INCF        main_low_L0, 1 
;Lab4_es4.c,68 :: 		high += 0b00001000;
0x05A2	0x0E08      	MOVLW       8
0x05A4	0x2626      	ADDWF       main_high_L0, 1 
;Lab4_es4.c,69 :: 		} else{
0x05A6	0xD00A      	BRA         L_main11
L_main10:
;Lab4_es4.c,70 :: 		high <<= 1;
0x05A8	0x3626      	RLCF        main_high_L0, 1 
0x05AA	0x9026      	BCF         main_high_L0, 0 
;Lab4_es4.c,71 :: 		low  >>= 1;
0x05AC	0x3227      	RRCF        main_low_L0, 1 
0x05AE	0x9E27      	BCF         main_low_L0, 7 
0x05B0	0xBC27      	BTFSC       main_low_L0, 6 
0x05B2	0x8E27      	BSF         main_low_L0, 7 
;Lab4_es4.c,72 :: 		high &= mask;
0x05B4	0x5028      	MOVF        main_mask_L0, 0 
0x05B6	0x1626      	ANDWF       main_high_L0, 1 
;Lab4_es4.c,73 :: 		low &= mask;
0x05B8	0x5028      	MOVF        main_mask_L0, 0 
0x05BA	0x1627      	ANDWF       main_low_L0, 1 
;Lab4_es4.c,74 :: 		}
L_main11:
;Lab4_es4.c,75 :: 		LATD = (high << 4) | low;
0x05BC	0x0E04      	MOVLW       4
0x05BE	0x6E01      	MOVWF       R1 
0x05C0	0xF000C026  	MOVFF       main_high_L0, R0
0x05C4	0x5001      	MOVF        R1, 0 
L__main51:
0x05C6	0xE004      	BZ          L__main52
0x05C8	0x3600      	RLCF        R0, 1 
0x05CA	0x9000      	BCF         R0, 0 
0x05CC	0x0FFF      	ADDLW       255
0x05CE	0xD7FB      	BRA         L__main51
L__main52:
0x05D0	0x5027      	MOVF        main_low_L0, 0 
0x05D2	0x1000      	IORWF       R0, 0 
0x05D4	0x6E8C      	MOVWF       LATD 
;Lab4_es4.c,76 :: 		delay_ms_1 -= delay_kitt;
0x05D6	0x5018      	MOVF        _delay_kitt, 0 
0x05D8	0x5E1E      	SUBWF       _delay_ms_1, 1 
0x05DA	0x5019      	MOVF        _delay_kitt+1, 0 
0x05DC	0x5A1F      	SUBWFB      _delay_ms_1+1, 1 
;Lab4_es4.c,77 :: 		}
L_main2:
;Lab4_es4.c,80 :: 		if(delay_ms_2 >= 8){
0x05DE	0x0E80      	MOVLW       128
0x05E0	0x181B      	XORWF       _delay_ms_2+1, 0 
0x05E2	0x6E00      	MOVWF       R0 
0x05E4	0x0E80      	MOVLW       128
0x05E6	0x5C00      	SUBWF       R0, 0 
0x05E8	0xE102      	BNZ         L__main53
0x05EA	0x0E08      	MOVLW       8
0x05EC	0x5C1A      	SUBWF       _delay_ms_2, 0 
L__main53:
0x05EE	0xA0D8      	BTFSS       STATUS, 0 
0x05F0	0xD0C7      	BRA         L_main12
;Lab4_es4.c,82 :: 		if(!reset && !stop){
0x05F2	0x5222      	MOVF        _reset, 1 
0x05F4	0xA4D8      	BTFSS       STATUS, 2 
0x05F6	0xD098      	BRA         L_main15
0x05F8	0x5223      	MOVF        _stop, 1 
0x05FA	0xA4D8      	BTFSS       STATUS, 2 
0x05FC	0xD095      	BRA         L_main15
L__main44:
;Lab4_es4.c,83 :: 		ora[0] += delay_ms_2;
0x05FE	0x501A      	MOVF        _delay_ms_2, 0 
0x0600	0x244A      	ADDWF       main_ora_L0, 0 
0x0602	0x6E01      	MOVWF       R1 
0x0604	0x501B      	MOVF        _delay_ms_2+1, 0 
0x0606	0x204B      	ADDWFC      main_ora_L0+1, 0 
0x0608	0x6E02      	MOVWF       R2 
0x060A	0xF04AC001  	MOVFF       R1, main_ora_L0
0x060E	0xF04BC002  	MOVFF       R2, main_ora_L0+1
;Lab4_es4.c,84 :: 		if(ora[0] >= 1000){
0x0612	0x0E80      	MOVLW       128
0x0614	0x1802      	XORWF       R2, 0 
0x0616	0x6E00      	MOVWF       R0 
0x0618	0x0E80      	MOVLW       128
0x061A	0x0A03      	XORLW       3
0x061C	0x5C00      	SUBWF       R0, 0 
0x061E	0xE102      	BNZ         L__main54
0x0620	0x0EE8      	MOVLW       232
0x0622	0x5C01      	SUBWF       R1, 0 
L__main54:
0x0624	0xE31E      	BNC         L_main16
;Lab4_es4.c,85 :: 		ora[0] = 0;
0x0626	0x6A4A      	CLRF        main_ora_L0 
0x0628	0x6A4B      	CLRF        main_ora_L0+1 
;Lab4_es4.c,86 :: 		ora[1] += 1;
0x062A	0x4A4C      	INFSNZ      main_ora_L0+2, 1 
0x062C	0x2A4D      	INCF        main_ora_L0+3, 1 
;Lab4_es4.c,87 :: 		if(ora[1] >= 60){
0x062E	0x0E80      	MOVLW       128
0x0630	0x184D      	XORWF       main_ora_L0+3, 0 
0x0632	0x6E00      	MOVWF       R0 
0x0634	0x0E80      	MOVLW       128
0x0636	0x5C00      	SUBWF       R0, 0 
0x0638	0xE102      	BNZ         L__main55
0x063A	0x0E3C      	MOVLW       60
0x063C	0x5C4C      	SUBWF       main_ora_L0+2, 0 
L__main55:
0x063E	0xE311      	BNC         L_main17
;Lab4_es4.c,88 :: 		ora[1] = 0;
0x0640	0x6A4C      	CLRF        main_ora_L0+2 
0x0642	0x6A4D      	CLRF        main_ora_L0+3 
;Lab4_es4.c,89 :: 		ora[2] += 1;
0x0644	0x4A4E      	INFSNZ      main_ora_L0+4, 1 
0x0646	0x2A4F      	INCF        main_ora_L0+5, 1 
;Lab4_es4.c,90 :: 		if(ora[2] >= 60){
0x0648	0x0E80      	MOVLW       128
0x064A	0x184F      	XORWF       main_ora_L0+5, 0 
0x064C	0x6E00      	MOVWF       R0 
0x064E	0x0E80      	MOVLW       128
0x0650	0x5C00      	SUBWF       R0, 0 
0x0652	0xE102      	BNZ         L__main56
0x0654	0x0E3C      	MOVLW       60
0x0656	0x5C4E      	SUBWF       main_ora_L0+4, 0 
L__main56:
0x0658	0xE304      	BNC         L_main18
;Lab4_es4.c,91 :: 		ora[2] = 0;
0x065A	0x6A4E      	CLRF        main_ora_L0+4 
0x065C	0x6A4F      	CLRF        main_ora_L0+5 
;Lab4_es4.c,92 :: 		ora[3] +=1;}
0x065E	0x4A50      	INFSNZ      main_ora_L0+6, 1 
0x0660	0x2A51      	INCF        main_ora_L0+7, 1 
L_main18:
;Lab4_es4.c,93 :: 		}
L_main17:
;Lab4_es4.c,94 :: 		}
L_main16:
;Lab4_es4.c,96 :: 		for (i = 3; i >= 0; i--){
0x0662	0x0E03      	MOVLW       3
0x0664	0x6E48      	MOVWF       main_i_L0 
0x0666	0x0E00      	MOVLW       0
0x0668	0x6E49      	MOVWF       main_i_L0+1 
L_main19:
0x066A	0x0E80      	MOVLW       128
0x066C	0x1849      	XORWF       main_i_L0+1, 0 
0x066E	0x6E00      	MOVWF       R0 
0x0670	0x0E80      	MOVLW       128
0x0672	0x5C00      	SUBWF       R0, 0 
0x0674	0xE102      	BNZ         L__main57
0x0676	0x0E00      	MOVLW       0
0x0678	0x5C48      	SUBWF       main_i_L0, 0 
L__main57:
0x067A	0xE338      	BNC         L_main20
;Lab4_es4.c,97 :: 		IntToStr(ora[i],count_txt);
0x067C	0xF000C048  	MOVFF       main_i_L0, R0
0x0680	0xF001C049  	MOVFF       main_i_L0+1, R1
0x0684	0x3600      	RLCF        R0, 1 
0x0686	0x9000      	BCF         R0, 0 
0x0688	0x3601      	RLCF        R1, 1 
0x068A	0x0E4A      	MOVLW       main_ora_L0
0x068C	0x2400      	ADDWF       R0, 0 
0x068E	0x6EE9      	MOVWF       FSR0L 
0x0690	0x0E00      	MOVLW       hi_addr(main_ora_L0)
0x0692	0x2001      	ADDWFC      R1, 0 
0x0694	0x6EEA      	MOVWF       FSR0H 
0x0696	0xF052CFEE  	MOVFF       POSTINC0, FARG_IntToStr_input
0x069A	0xF053CFEE  	MOVFF       POSTINC0, FARG_IntToStr_input+1
0x069E	0x0E29      	MOVLW       main_count_txt_L0
0x06A0	0x6E54      	MOVWF       FARG_IntToStr_output 
0x06A2	0x0E00      	MOVLW       hi_addr(main_count_txt_L0)
0x06A4	0x6E55      	MOVWF       FARG_IntToStr_output+1 
0x06A6	0xDDCE      	RCALL       _IntToStr
;Lab4_es4.c,98 :: 		strcat(count_txt_prec,Ltrim(count_txt));
0x06A8	0x0E29      	MOVLW       main_count_txt_L0
0x06AA	0x6E52      	MOVWF       FARG_Ltrim_string 
0x06AC	0x0E00      	MOVLW       hi_addr(main_count_txt_L0)
0x06AE	0x6E53      	MOVWF       FARG_Ltrim_string+1 
0x06B0	0xDEF4      	RCALL       _Ltrim
0x06B2	0xF054C000  	MOVFF       R0, FARG_strcat_from
0x06B6	0xF055C001  	MOVFF       R1, FARG_strcat_from+1
0x06BA	0x0E30      	MOVLW       main_count_txt_prec_L0
0x06BC	0x6E52      	MOVWF       FARG_strcat_to 
0x06BE	0x0E00      	MOVLW       hi_addr(main_count_txt_prec_L0)
0x06C0	0x6E53      	MOVWF       FARG_strcat_to+1 
0x06C2	0xDEBC      	RCALL       _strcat
;Lab4_es4.c,99 :: 		if(i!=0)
0x06C4	0x0E00      	MOVLW       0
0x06C6	0x1849      	XORWF       main_i_L0+1, 0 
0x06C8	0xE102      	BNZ         L__main58
0x06CA	0x0E00      	MOVLW       0
0x06CC	0x1848      	XORWF       main_i_L0, 0 
L__main58:
0x06CE	0xE009      	BZ          L_main22
;Lab4_es4.c,100 :: 		strcat(count_txt_prec,":");
0x06D0	0x0E30      	MOVLW       main_count_txt_prec_L0
0x06D2	0x6E52      	MOVWF       FARG_strcat_to 
0x06D4	0x0E00      	MOVLW       hi_addr(main_count_txt_prec_L0)
0x06D6	0x6E53      	MOVWF       FARG_strcat_to+1 
0x06D8	0x0E20      	MOVLW       ?lstr1_Lab4_es4
0x06DA	0x6E54      	MOVWF       FARG_strcat_from 
0x06DC	0x0E00      	MOVLW       hi_addr(?lstr1_Lab4_es4)
0x06DE	0x6E55      	MOVWF       FARG_strcat_from+1 
0x06E0	0xDEAD      	RCALL       _strcat
L_main22:
;Lab4_es4.c,96 :: 		for (i = 3; i >= 0; i--){
0x06E2	0x0E01      	MOVLW       1
0x06E4	0x5E48      	SUBWF       main_i_L0, 1 
0x06E6	0x0E00      	MOVLW       0
0x06E8	0x5A49      	SUBWFB      main_i_L0+1, 1 
;Lab4_es4.c,101 :: 		}
0x06EA	0xD7BF      	BRA         L_main19
L_main20:
;Lab4_es4.c,102 :: 		Lcd_Out(1,9,count_txt_prec);
0x06EC	0x0E01      	MOVLW       1
0x06EE	0x6E52      	MOVWF       FARG_Lcd_Out_row 
0x06F0	0x0E09      	MOVLW       9
0x06F2	0x6E53      	MOVWF       FARG_Lcd_Out_column 
0x06F4	0x0E30      	MOVLW       main_count_txt_prec_L0
0x06F6	0x6E54      	MOVWF       FARG_Lcd_Out_text 
0x06F8	0x0E00      	MOVLW       hi_addr(main_count_txt_prec_L0)
0x06FA	0x6E55      	MOVWF       FARG_Lcd_Out_text+1 
0x06FC	0xDE62      	RCALL       _Lcd_Out
;Lab4_es4.c,103 :: 		for (i = 0; i < 17; i++)
0x06FE	0x6A48      	CLRF        main_i_L0 
0x0700	0x6A49      	CLRF        main_i_L0+1 
L_main23:
0x0702	0x0E80      	MOVLW       128
0x0704	0x1849      	XORWF       main_i_L0+1, 0 
0x0706	0x6E00      	MOVWF       R0 
0x0708	0x0E80      	MOVLW       128
0x070A	0x5C00      	SUBWF       R0, 0 
0x070C	0xE102      	BNZ         L__main59
0x070E	0x0E11      	MOVLW       17
0x0710	0x5C48      	SUBWF       main_i_L0, 0 
L__main59:
0x0712	0xE20A      	BC          L_main24
;Lab4_es4.c,104 :: 		count_txt_prec[i]=0;
0x0714	0x0E30      	MOVLW       main_count_txt_prec_L0
0x0716	0x2448      	ADDWF       main_i_L0, 0 
0x0718	0x6EE1      	MOVWF       FSR1L 
0x071A	0x0E00      	MOVLW       hi_addr(main_count_txt_prec_L0)
0x071C	0x2049      	ADDWFC      main_i_L0+1, 0 
0x071E	0x6EE2      	MOVWF       FSR1H 
0x0720	0x6AE6      	CLRF        POSTINC1 
;Lab4_es4.c,103 :: 		for (i = 0; i < 17; i++)
0x0722	0x4A48      	INFSNZ      main_i_L0, 1 
0x0724	0x2A49      	INCF        main_i_L0+1, 1 
;Lab4_es4.c,104 :: 		count_txt_prec[i]=0;
0x0726	0xD7ED      	BRA         L_main23
L_main24:
;Lab4_es4.c,105 :: 		}
L_main15:
;Lab4_es4.c,107 :: 		if(reset){
0x0728	0x5222      	MOVF        _reset, 1 
0x072A	0xE026      	BZ          L_main26
;Lab4_es4.c,108 :: 		for (i = 0; i < 4; i++)
0x072C	0x6A48      	CLRF        main_i_L0 
0x072E	0x6A49      	CLRF        main_i_L0+1 
L_main27:
0x0730	0x0E80      	MOVLW       128
0x0732	0x1849      	XORWF       main_i_L0+1, 0 
0x0734	0x6E00      	MOVWF       R0 
0x0736	0x0E80      	MOVLW       128
0x0738	0x5C00      	SUBWF       R0, 0 
0x073A	0xE102      	BNZ         L__main60
0x073C	0x0E04      	MOVLW       4
0x073E	0x5C48      	SUBWF       main_i_L0, 0 
L__main60:
0x0740	0xE212      	BC          L_main28
;Lab4_es4.c,109 :: 		ora[i] = 0;
0x0742	0xF000C048  	MOVFF       main_i_L0, R0
0x0746	0xF001C049  	MOVFF       main_i_L0+1, R1
0x074A	0x3600      	RLCF        R0, 1 
0x074C	0x9000      	BCF         R0, 0 
0x074E	0x3601      	RLCF        R1, 1 
0x0750	0x0E4A      	MOVLW       main_ora_L0
0x0752	0x2400      	ADDWF       R0, 0 
0x0754	0x6EE1      	MOVWF       FSR1L 
0x0756	0x0E00      	MOVLW       hi_addr(main_ora_L0)
0x0758	0x2001      	ADDWFC      R1, 0 
0x075A	0x6EE2      	MOVWF       FSR1H 
0x075C	0x6AE6      	CLRF        POSTINC1 
0x075E	0x6AE6      	CLRF        POSTINC1 
;Lab4_es4.c,108 :: 		for (i = 0; i < 4; i++)
0x0760	0x4A48      	INFSNZ      main_i_L0, 1 
0x0762	0x2A49      	INCF        main_i_L0+1, 1 
;Lab4_es4.c,109 :: 		ora[i] = 0;
0x0764	0xD7E5      	BRA         L_main27
L_main28:
;Lab4_es4.c,110 :: 		Lcd_Out(1,9,reset_string);
0x0766	0x0E01      	MOVLW       1
0x0768	0x6E52      	MOVWF       FARG_Lcd_Out_row 
0x076A	0x0E09      	MOVLW       9
0x076C	0x6E53      	MOVWF       FARG_Lcd_Out_column 
0x076E	0x0E41      	MOVLW       main_reset_string_L0
0x0770	0x6E54      	MOVWF       FARG_Lcd_Out_text 
0x0772	0x0E00      	MOVLW       hi_addr(main_reset_string_L0)
0x0774	0x6E55      	MOVWF       FARG_Lcd_Out_text+1 
0x0776	0xDE25      	RCALL       _Lcd_Out
;Lab4_es4.c,111 :: 		}
L_main26:
;Lab4_es4.c,113 :: 		delay_ms_2 -= 8;
0x0778	0x0E08      	MOVLW       8
0x077A	0x5E1A      	SUBWF       _delay_ms_2, 1 
0x077C	0x0E00      	MOVLW       0
0x077E	0x5A1B      	SUBWFB      _delay_ms_2+1, 1 
;Lab4_es4.c,114 :: 		}
L_main12:
;Lab4_es4.c,116 :: 		}
0x0780	0xD6EC      	BRA         L_main0
;Lab4_es4.c,118 :: 		}
L_end_main:
0x0782	0xD7FF      	BRA         $+0
; end of _main
0x07BE	0xF018EE10  	LFSR        1, 24
0x07C2	0x0E0C      	MOVLW       12
0x07C4	0x6E00      	MOVWF       R0 
0x07C6	0x0E01      	MOVLW       1
0x07C8	0x6E01      	MOVWF       R1 
0x07CA	0x0EB1      	MOVLW       177
0x07CC	0x6EF6      	MOVWF       4086 
0x07CE	0x0E07      	MOVLW       7
0x07D0	0x6EF7      	MOVWF       TBLPTRH 
0x07D2	0x0E00      	MOVLW       0
0x07D4	0x6EF8      	MOVWF       TBLPTRU 
0x07D6	0xF001EC8E  	CALL        796, 0
0x07DA	0x0012      	RETURN      0
;Lab4_es4.c,0 :: ?ICSmain_sentinella_L0
0x0784	0x00 ;?ICSmain_sentinella_L0+0
; end of ?ICSmain_sentinella_L0
;Lab4_es4.c,0 :: ?ICSmain_high_L0
0x0785	0x00 ;?ICSmain_high_L0+0
; end of ?ICSmain_high_L0
;Lab4_es4.c,0 :: ?ICSmain_low_L0
0x0786	0x00 ;?ICSmain_low_L0+0
; end of ?ICSmain_low_L0
;Lab4_es4.c,0 :: ?ICSmain_mask_L0
0x0787	0x0F ;?ICSmain_mask_L0+0
; end of ?ICSmain_mask_L0
;Lab4_es4.c,0 :: ?ICSmain_count_txt_L0
0x0788	0x0000 ;?ICSmain_count_txt_L0+0
0x078A	0x0000 ;?ICSmain_count_txt_L0+2
0x078C	0x0000 ;?ICSmain_count_txt_L0+4
0x078E	0x00 ;?ICSmain_count_txt_L0+6
; end of ?ICSmain_count_txt_L0
;Lab4_es4.c,0 :: ?ICSmain_count_txt_prec_L0
0x078F	0x0000 ;?ICSmain_count_txt_prec_L0+0
0x0791	0x0000 ;?ICSmain_count_txt_prec_L0+2
0x0793	0x0000 ;?ICSmain_count_txt_prec_L0+4
0x0795	0x0000 ;?ICSmain_count_txt_prec_L0+6
0x0797	0x0000 ;?ICSmain_count_txt_prec_L0+8
0x0799	0x0000 ;?ICSmain_count_txt_prec_L0+10
0x079B	0x0000 ;?ICSmain_count_txt_prec_L0+12
0x079D	0x0000 ;?ICSmain_count_txt_prec_L0+14
0x079F	0x00 ;?ICSmain_count_txt_prec_L0+16
; end of ?ICSmain_count_txt_prec_L0
;Lab4_es4.c,0 :: ?ICSmain_reset_string_L0
0x07A0	0x3A30 ;?ICSmain_reset_string_L0+0
0x07A2	0x3A30 ;?ICSmain_reset_string_L0+2
0x07A4	0x3A30 ;?ICSmain_reset_string_L0+4
0x07A6	0x30 ;?ICSmain_reset_string_L0+6
; end of ?ICSmain_reset_string_L0
;Lab4_es4.c,0 :: ?ICSmain_i_L0
0x07A7	0x0000 ;?ICSmain_i_L0+0
; end of ?ICSmain_i_L0
;Lab4_es4.c,0 :: ?ICSmain_ora_L0
0x07A9	0x0000 ;?ICSmain_ora_L0+0
0x07AB	0x0000 ;?ICSmain_ora_L0+2
0x07AD	0x0000 ;?ICSmain_ora_L0+4
0x07AF	0x0000 ;?ICSmain_ora_L0+6
; end of ?ICSmain_ora_L0
;Lab4_es4.c,0 :: ?ICS_delay_kitt
0x07B1	0x00C8 ;?ICS_delay_kitt+0
; end of ?ICS_delay_kitt
;Lab4_es4.c,0 :: ?ICS_delay_ms_2
0x07B3	0x0000 ;?ICS_delay_ms_2+0
; end of ?ICS_delay_ms_2
;Lab4_es4.c,0 :: ?ICS_delay_us
0x07B5	0x0000 ;?ICS_delay_us+0
; end of ?ICS_delay_us
;Lab4_es4.c,0 :: ?ICS_delay_ms_1
0x07B7	0x0000 ;?ICS_delay_ms_1+0
; end of ?ICS_delay_ms_1
;Lab4_es4.c,0 :: ?ICS?lstr1_Lab4_es4
0x07B9	0x003A ;?ICS?lstr1_Lab4_es4+0
; end of ?ICS?lstr1_Lab4_es4
;Lab4_es4.c,0 :: ?ICS_reset
0x07BB	0x00 ;?ICS_reset+0
; end of ?ICS_reset
;Lab4_es4.c,0 :: ?ICS_stop
0x07BC	0x00 ;?ICS_stop+0
; end of ?ICS_stop
Symbol List:
//** Routines locations **
//ADDRESS    SIZE    PROCEDURE
//----------------------------------------------
0x0008     [196]    _interrupt
0x00CC       [6]    _Delay_1us
0x00D2      [22]    _Delay_5500us
0x00E8      [10]    _Delay_50us
0x00F2      [54]    _Div_16X16_U
0x0128     [126]    _Lcd_Cmd
0x01A6     [146]    _WordToStr
0x0238      [12]    _Lcd_Chr_CP
0x0244     [216]    _IntToStr
0x031C      [16]    ___CC2DW
0x032C     [150]    _Lcd_Init
0x03C2     [122]    _Lcd_Out
0x043C      [94]    _strcat
0x049A     [110]    _Ltrim
0x0508     [636]    _main
//** Variables locations ** 
//ADDRESS    SIZE    VARIABLE
//----------------------------------------------
0x0000       [1]    R0
0x0001       [1]    R1
0x0002       [1]    R2
0x0002       [2]    memset_pp_L0
0x0002       [2]    memchr_s_L0
0x0002       [2]    memcpy_dd_L0
0x0002       [2]    strlen_cp_L0
0x0003       [2]    Ltrim_original_L0
0x0003       [2]    memmove_tt_L0
0x0003       [1]    R3
0x0004       [2]    strcat_cp_L0
0x0004       [1]    R4
0x0004       [2]    strncpy_cp_L0
0x0004       [2]    memcpy_ss_L0
0x0004       [2]    strcpy_cp_L0
0x0004       [2]    strncat_cp_L0
0x0005       [2]    LongWordToHex_input_half_L0
0x0005       [2]    memmove_ff_L0
0x0005       [2]    LongIntToHex_input_half_L0
0x0005       [2]    Ltrim_p_L0
0x0005       [1]    R5
0x0006       [1]    R6
0x0007       [1]    R7
0x0008       [1]    R8
0x0009       [1]    R9
0x000A       [1]    R10
0x000B       [1]    R11
0x000C       [1]    R12
0x000D       [1]    R13
0x000E       [1]    R14
0x000F       [1]    R15
0x0010       [1]    R16
0x0011       [1]    R17
0x0012       [1]    R18
0x0013       [1]    R19
0x0014       [1]    R20
0x0018       [2]    _delay_kitt
0x001A       [2]    _delay_ms_2
0x001C       [2]    _delay_us
0x001E       [2]    _delay_ms_1
0x0020       [2]    ?lstr1_Lab4_es4
0x0022       [1]    _reset
0x0023       [1]    _stop
0x0024       [0]    __Lib_Lcd_cmd_status
0x0025       [1]    main_sentinella_L0
0x0026       [1]    main_high_L0
0x0027       [1]    main_low_L0
0x0028       [1]    main_mask_L0
0x0029       [7]    main_count_txt_L0
0x0030      [17]    main_count_txt_prec_L0
0x0041       [7]    main_reset_string_L0
0x0048       [2]    main_i_L0
0x004A       [8]    main_ora_L0
0x0052       [1]    FARG_Lcd_Out_row
0x0052       [2]    FARG_strcat_to
0x0052       [2]    FARG_IntToStr_input
0x0052       [2]    FARG_Ltrim_string
0x0053       [1]    FARG_Lcd_Out_column
0x0054       [2]    FARG_IntToStr_output
0x0054       [2]    Ltrim_trimmed_L0
0x0054       [2]    FARG_Lcd_Out_text
0x0054       [2]    FARG_strcat_from
0x0056       [2]    IntToStr_i_L0
0x0056       [1]    Lcd_Out_i_L0
0x0058       [2]    IntToStr_negative_L0
0x005A       [2]    IntToStr_inword_L0
0x005C       [2]    FARG_WordToStr_input
0x005C       [1]    FARG_Lcd_Chr_CP_out_char
0x005E       [2]    FARG_WordToStr_output
0x0060       [1]    WordToStr_len_L0
0x0061       [2]    FLOC__WordToStr
0x0063       [1]    FARG_Lcd_Cmd_out_char
0x0F38       [1]    ANSELA
0x0F80       [1]    PORTA
0x0F8A       [0]    LATB1_bit
0x0F8A       [0]    LCD_D4
0x0F8A       [0]    LATB2_bit
0x0F8A       [0]    LCD_RS
0x0F8A       [0]    LCD_EN
0x0F8A       [0]    LCD_D7
0x0F8A       [0]    LCD_D6
0x0F8A       [0]    LATB0_bit
0x0F8A       [0]    LCD_D5
0x0F8A       [0]    LATB3_bit
0x0F8A       [0]    LATB5_bit
0x0F8A       [0]    LATB4_bit
0x0F8C       [1]    LATD
0x0F92       [1]    TRISA
0x0F93       [0]    TRISB5_bit
0x0F93       [0]    TRISB2_bit
0x0F93       [0]    TRISB3_bit
0x0F93       [0]    TRISB1_bit
0x0F93       [0]    TRISB4_bit
0x0F93       [0]    TRISB0_bit
0x0F93       [0]    LCD_D5_Direction
0x0F93       [0]    LCD_D4_Direction
0x0F93       [0]    LCD_RS_Direction
0x0F93       [0]    LCD_EN_Direction
0x0F93       [0]    LCD_D6_Direction
0x0F93       [0]    LCD_D7_Direction
0x0F95       [1]    TRISD
0x0FD5       [1]    T0CON
0x0FD8       [1]    STATUS
0x0FD9       [1]    FSR2L
0x0FDA       [1]    FSR2H
0x0FDE       [1]    POSTINC2
0x0FE0       [1]    BSR
0x0FE1       [1]    FSR1L
0x0FE2       [1]    FSR1H
0x0FE4       [1]    PREINC1
0x0FE6       [1]    POSTINC1
0x0FE7       [1]    INDF1
0x0FE8       [1]    WREG
0x0FE9       [1]    FSR0L
0x0FEA       [1]    FSR0H
0x0FEE       [1]    POSTINC0
0x0FF2       [1]    INTCON
0x0FF3       [1]    PRODL
0x0FF4       [1]    PRODH
0x0FF5       [1]    TABLAT
0x0FF6       [1]    TBLPTRL
0x0FF7       [1]    TBLPTRH
0x0FF8       [1]    TBLPTRU
//** Constants locations ** 
//ADDRESS    SIZE    CONSTANT
//----------------------------------------------
0x0784       [1]    ?ICSmain_sentinella_L0
0x0785       [1]    ?ICSmain_high_L0
0x0786       [1]    ?ICSmain_low_L0
0x0787       [1]    ?ICSmain_mask_L0
0x0788       [7]    ?ICSmain_count_txt_L0
0x078F      [17]    ?ICSmain_count_txt_prec_L0
0x07A0       [7]    ?ICSmain_reset_string_L0
0x07A7       [2]    ?ICSmain_i_L0
0x07A9       [8]    ?ICSmain_ora_L0
0x07B1       [2]    ?ICS_delay_kitt
0x07B3       [2]    ?ICS_delay_ms_2
0x07B5       [2]    ?ICS_delay_us
0x07B7       [2]    ?ICS_delay_ms_1
0x07B9       [2]    ?ICS?lstr1_Lab4_es4
0x07BB       [1]    ?ICS_reset
0x07BC       [1]    ?ICS_stop
